-- The C compiler identification is GNU 11.4.0
-- The CXX compiler identification is GNU 11.4.0
-- Detecting C compiler ABI info
-- Detecting C compiler ABI info - done
-- Check for working C compiler: /usr/bin/cc - skipped
-- Detecting C compile features
-- Detecting C compile features - done
-- Detecting CXX compiler ABI info
-- Detecting CXX compiler ABI info - done
-- Check for working CXX compiler: /usr/bin/c++ - skipped
-- Detecting CXX compile features
-- Detecting CXX compile features - done
-- Found ament_cmake: 1.3.12 (/opt/ros/humble/share/ament_cmake/cmake)
-- Found Python3: /usr/bin/python3 (found version "3.10.12") found components: Interpreter 
-- Found rclcpp: 16.0.17 (/opt/ros/humble/share/rclcpp/cmake)
-- Found rosidl_generator_c: 3.1.8 (/opt/ros/humble/share/rosidl_generator_c/cmake)
-- Found rosidl_adapter: 3.1.8 (/opt/ros/humble/share/rosidl_adapter/cmake)
-- Found rosidl_generator_cpp: 3.1.8 (/opt/ros/humble/share/rosidl_generator_cpp/cmake)
-- Using all available rosidl_typesupport_c: rosidl_typesupport_fastrtps_c;rosidl_typesupport_introspection_c
-- Using all available rosidl_typesupport_cpp: rosidl_typesupport_fastrtps_cpp;rosidl_typesupport_introspection_cpp
-- Found rmw_implementation_cmake: 6.1.2 (/opt/ros/humble/share/rmw_implementation_cmake/cmake)
-- Found rmw_fastrtps_cpp: 6.2.9 (/opt/ros/humble/share/rmw_fastrtps_cpp/cmake)
-- Found OpenSSL: /usr/lib/x86_64-linux-gnu/libcrypto.so (found version "3.0.2")  
-- Found FastRTPS: /opt/ros/humble/include  
-- Using RMW implementation 'rmw_fastrtps_cpp' as default
-- Looking for pthread.h
-- Looking for pthread.h - found
-- Performing Test CMAKE_HAVE_LIBC_PTHREAD
-- Performing Test CMAKE_HAVE_LIBC_PTHREAD - Success
-- Found Threads: TRUE  
-- Found geometry_msgs: 4.9.0 (/opt/ros/humble/share/geometry_msgs/cmake)
-- Found std_srvs: 4.9.0 (/opt/ros/humble/share/std_srvs/cmake)
-- Found ament_lint_auto: 0.12.14 (/opt/ros/humble/share/ament_lint_auto/cmake)
-- Added test 'copyright' to check source files copyright and LICENSE
-- Added test 'cppcheck' to perform static code analysis on C / C++ code
-- Configured cppcheck include dirs: /home/ubuntu/workspace/ros_ur_driver/src/robotiq/robotiq_ft_sensor/include;$<BUILD_INTERFACE:/home/ubuntu/workspace/ros_ur_driver/src/robotiq/robotiq_ft_sensor/include>
-- Configured cppcheck exclude dirs and/or files: 
-- Added test 'cpplint' to check C / C++ code against the Google style
-- Configured cpplint exclude dirs and/or files: 
-- Added test 'lint_cmake' to check CMake code style
-- Added test 'uncrustify' to check C / C++ code style
-- Configured uncrustify additional arguments: 
-- Added test 'xmllint' to check XML markup files
-- Configuring done
-- Generating done
-- Build files have been written to: /home/ubuntu/workspace/ros_ur_driver/build/robotiq_ft_sensor
[ 75%] [32mBuilding CXX object CMakeFiles/rq_sensor.dir/src/rq_sensor_state.cpp.o[0m
[ 75%] [32mBuilding CXX object CMakeFiles/rq_sensor.dir/src/rq_sensor_com.cpp.o[0m
[ 75%] [32mBuilding CXX object CMakeFiles/rq_sensor.dir/nodes/rq_sensor.cpp.o[0m
[100%] [32m[1mLinking CXX executable rq_sensor[0m
[100%] Built target rq_sensor
-- Install configuration: ""
-- Installing: /home/ubuntu/workspace/ros_ur_driver/install/robotiq_ft_sensor/lib/robotiq_ft_sensor/rq_sensor
-- Set runtime path of "/home/ubuntu/workspace/ros_ur_driver/install/robotiq_ft_sensor/lib/robotiq_ft_sensor/rq_sensor" to ""
-- Installing: /home/ubuntu/workspace/ros_ur_driver/install/robotiq_ft_sensor/include/robotiq_ft_sensor
-- Installing: /home/ubuntu/workspace/ros_ur_driver/install/robotiq_ft_sensor/include/robotiq_ft_sensor/rq_sensor_state.h
-- Installing: /home/ubuntu/workspace/ros_ur_driver/install/robotiq_ft_sensor/include/robotiq_ft_sensor/rq_sensor_com.h
-- Installing: /home/ubuntu/workspace/ros_ur_driver/install/robotiq_ft_sensor/include/robotiq_ft_sensor/rq_int.h
-- Installing: /home/ubuntu/workspace/ros_ur_driver/install/robotiq_ft_sensor/share/robotiq_ft_sensor/urdf
-- Installing: /home/ubuntu/workspace/ros_ur_driver/install/robotiq_ft_sensor/share/robotiq_ft_sensor/urdf/examples_of_macros
-- Installing: /home/ubuntu/workspace/ros_ur_driver/install/robotiq_ft_sensor/share/robotiq_ft_sensor/urdf/examples_of_macros/example_use_robotiq_ft300.xacro
-- Installing: /home/ubuntu/workspace/ros_ur_driver/install/robotiq_ft_sensor/share/robotiq_ft_sensor/urdf/robotiq_fts150.urdf.xacro
-- Installing: /home/ubuntu/workspace/ros_ur_driver/install/robotiq_ft_sensor/share/robotiq_ft_sensor/urdf/robotiq_ft300.urdf.xacro
-- Installing: /home/ubuntu/workspace/ros_ur_driver/install/robotiq_ft_sensor/share/robotiq_ft_sensor/meshes
-- Installing: /home/ubuntu/workspace/ros_ur_driver/install/robotiq_ft_sensor/share/robotiq_ft_sensor/meshes/collision
-- Installing: /home/ubuntu/workspace/ros_ur_driver/install/robotiq_ft_sensor/share/robotiq_ft_sensor/meshes/collision/robotiq_ft300.STL
-- Installing: /home/ubuntu/workspace/ros_ur_driver/install/robotiq_ft_sensor/share/robotiq_ft_sensor/meshes/collision/robotiq_fts150.stl
-- Installing: /home/ubuntu/workspace/ros_ur_driver/install/robotiq_ft_sensor/share/robotiq_ft_sensor/meshes/collision/mountings
-- Installing: /home/ubuntu/workspace/ros_ur_driver/install/robotiq_ft_sensor/share/robotiq_ft_sensor/meshes/collision/mountings/robotiq_ft300-G-062-COUPLING_G-50-4M6-1D6_20181119.STL
-- Installing: /home/ubuntu/workspace/ros_ur_driver/install/robotiq_ft_sensor/share/robotiq_ft_sensor/meshes/visual
-- Installing: /home/ubuntu/workspace/ros_ur_driver/install/robotiq_ft_sensor/share/robotiq_ft_sensor/meshes/visual/robotiq_ft300.STL
-- Installing: /home/ubuntu/workspace/ros_ur_driver/install/robotiq_ft_sensor/share/robotiq_ft_sensor/meshes/visual/robotiq_fts150.stl
-- Installing: /home/ubuntu/workspace/ros_ur_driver/install/robotiq_ft_sensor/share/robotiq_ft_sensor/meshes/visual/mountings
-- Installing: /home/ubuntu/workspace/ros_ur_driver/install/robotiq_ft_sensor/share/robotiq_ft_sensor/meshes/visual/mountings/robotiq_ft300-G-062-COUPLING_G-50-4M6-1D6_20181119.STL
-- Installing: /home/ubuntu/workspace/ros_ur_driver/install/robotiq_ft_sensor/share/ament_index/resource_index/package_run_dependencies/robotiq_ft_sensor
-- Installing: /home/ubuntu/workspace/ros_ur_driver/install/robotiq_ft_sensor/share/ament_index/resource_index/parent_prefix_path/robotiq_ft_sensor
-- Installing: /home/ubuntu/workspace/ros_ur_driver/install/robotiq_ft_sensor/share/robotiq_ft_sensor/environment/ament_prefix_path.sh
-- Installing: /home/ubuntu/workspace/ros_ur_driver/install/robotiq_ft_sensor/share/robotiq_ft_sensor/environment/ament_prefix_path.dsv
-- Installing: /home/ubuntu/workspace/ros_ur_driver/install/robotiq_ft_sensor/share/robotiq_ft_sensor/environment/path.sh
-- Installing: /home/ubuntu/workspace/ros_ur_driver/install/robotiq_ft_sensor/share/robotiq_ft_sensor/environment/path.dsv
-- Installing: /home/ubuntu/workspace/ros_ur_driver/install/robotiq_ft_sensor/share/robotiq_ft_sensor/local_setup.bash
-- Installing: /home/ubuntu/workspace/ros_ur_driver/install/robotiq_ft_sensor/share/robotiq_ft_sensor/local_setup.sh
-- Installing: /home/ubuntu/workspace/ros_ur_driver/install/robotiq_ft_sensor/share/robotiq_ft_sensor/local_setup.zsh
-- Installing: /home/ubuntu/workspace/ros_ur_driver/install/robotiq_ft_sensor/share/robotiq_ft_sensor/local_setup.dsv
-- Installing: /home/ubuntu/workspace/ros_ur_driver/install/robotiq_ft_sensor/share/robotiq_ft_sensor/package.dsv
-- Installing: /home/ubuntu/workspace/ros_ur_driver/install/robotiq_ft_sensor/share/ament_index/resource_index/packages/robotiq_ft_sensor
-- Installing: /home/ubuntu/workspace/ros_ur_driver/install/robotiq_ft_sensor/share/robotiq_ft_sensor/cmake/robotiq_ft_sensorConfig.cmake
-- Installing: /home/ubuntu/workspace/ros_ur_driver/install/robotiq_ft_sensor/share/robotiq_ft_sensor/cmake/robotiq_ft_sensorConfig-version.cmake
-- Installing: /home/ubuntu/workspace/ros_ur_driver/install/robotiq_ft_sensor/share/robotiq_ft_sensor/package.xml
