[0.014s] Invoking command in '/home/ubuntu/workspace/ros_ur_driver/build/robotiq_ft_sensor': CMAKE_PREFIX_PATH=${CMAKE_PREFIX_PATH}:/opt/ros/humble /usr/bin/cmake /home/ubuntu/workspace/ros_ur_driver/src/robotiq/robotiq_ft_sensor -DCMAKE_INSTALL_PREFIX=/home/ubuntu/workspace/ros_ur_driver/install/robotiq_ft_sensor
[0.042s] -- The C compiler identification is GNU 11.4.0
[0.068s] -- The CXX compiler identification is GNU 11.4.0
[0.075s] -- Detecting C compiler ABI info
[0.107s] -- Detecting C compiler ABI info - done
[0.110s] -- Check for working C compiler: /usr/bin/cc - skipped
[0.110s] -- Detecting C compile features
[0.110s] -- Detecting C compile features - done
[0.111s] -- Detecting CXX compiler ABI info
[0.151s] -- Detecting CXX compiler ABI info - done
[0.154s] -- Check for working CXX compiler: /usr/bin/c++ - skipped
[0.154s] -- Detecting CXX compile features
[0.154s] -- Detecting CXX compile features - done
[0.156s] -- Found ament_cmake: 1.3.12 (/opt/ros/humble/share/ament_cmake/cmake)
[0.327s] -- Found Python3: /usr/bin/python3 (found version "3.10.12") found components: Interpreter 
[0.367s] -- Found rclcpp: 16.0.17 (/opt/ros/humble/share/rclcpp/cmake)
[0.385s] -- Found rosidl_generator_c: 3.1.8 (/opt/ros/humble/share/rosidl_generator_c/cmake)
[0.387s] -- Found rosidl_adapter: 3.1.8 (/opt/ros/humble/share/rosidl_adapter/cmake)
[0.390s] -- Found rosidl_generator_cpp: 3.1.8 (/opt/ros/humble/share/rosidl_generator_cpp/cmake)
[0.396s] -- Using all available rosidl_typesupport_c: rosidl_typesupport_fastrtps_c;rosidl_typesupport_introspection_c
[0.403s] -- Using all available rosidl_typesupport_cpp: rosidl_typesupport_fastrtps_cpp;rosidl_typesupport_introspection_cpp
[0.422s] -- Found rmw_implementation_cmake: 6.1.2 (/opt/ros/humble/share/rmw_implementation_cmake/cmake)
[0.423s] -- Found rmw_fastrtps_cpp: 6.2.9 (/opt/ros/humble/share/rmw_fastrtps_cpp/cmake)
[0.474s] -- Found OpenSSL: /usr/lib/x86_64-linux-gnu/libcrypto.so (found version "3.0.2")  
[0.490s] -- Found FastRTPS: /opt/ros/humble/include  
[0.509s] -- Using RMW implementation 'rmw_fastrtps_cpp' as default
[0.513s] -- Looking for pthread.h
[0.551s] -- Looking for pthread.h - found
[0.551s] -- Performing Test CMAKE_HAVE_LIBC_PTHREAD
[0.595s] -- Performing Test CMAKE_HAVE_LIBC_PTHREAD - Success
[0.595s] -- Found Threads: TRUE  
[0.616s] -- Found geometry_msgs: 4.9.0 (/opt/ros/humble/share/geometry_msgs/cmake)
[0.620s] -- Found std_srvs: 4.9.0 (/opt/ros/humble/share/std_srvs/cmake)
[0.626s] -- Found ament_lint_auto: 0.12.14 (/opt/ros/humble/share/ament_lint_auto/cmake)
[0.667s] -- Added test 'copyright' to check source files copyright and LICENSE
[0.668s] -- Added test 'cppcheck' to perform static code analysis on C / C++ code
[0.668s] -- Configured cppcheck include dirs: /home/ubuntu/workspace/ros_ur_driver/src/robotiq/robotiq_ft_sensor/include;$<BUILD_INTERFACE:/home/ubuntu/workspace/ros_ur_driver/src/robotiq/robotiq_ft_sensor/include>
[0.668s] -- Configured cppcheck exclude dirs and/or files: 
[0.668s] -- Added test 'cpplint' to check C / C++ code against the Google style
[0.668s] -- Configured cpplint exclude dirs and/or files: 
[0.668s] -- Added test 'lint_cmake' to check CMake code style
[0.669s] -- Added test 'uncrustify' to check C / C++ code style
[0.669s] -- Configured uncrustify additional arguments: 
[0.670s] -- Added test 'xmllint' to check XML markup files
[0.670s] -- Configuring done
[0.675s] -- Generating done
[0.676s] -- Build files have been written to: /home/ubuntu/workspace/ros_ur_driver/build/robotiq_ft_sensor
[0.682s] Invoked command in '/home/ubuntu/workspace/ros_ur_driver/build/robotiq_ft_sensor' returned '0': CMAKE_PREFIX_PATH=${CMAKE_PREFIX_PATH}:/opt/ros/humble /usr/bin/cmake /home/ubuntu/workspace/ros_ur_driver/src/robotiq/robotiq_ft_sensor -DCMAKE_INSTALL_PREFIX=/home/ubuntu/workspace/ros_ur_driver/install/robotiq_ft_sensor
[0.682s] Invoking command in '/home/ubuntu/workspace/ros_ur_driver/build/robotiq_ft_sensor': CMAKE_PREFIX_PATH=${CMAKE_PREFIX_PATH}:/opt/ros/humble /usr/bin/cmake --build /home/ubuntu/workspace/ros_ur_driver/build/robotiq_ft_sensor -- -j20 -l20
[0.711s] [ 75%] [32mBuilding CXX object CMakeFiles/rq_sensor.dir/src/rq_sensor_state.cpp.o[0m
[0.711s] [ 75%] [32mBuilding CXX object CMakeFiles/rq_sensor.dir/src/rq_sensor_com.cpp.o[0m
[0.711s] [ 75%] [32mBuilding CXX object CMakeFiles/rq_sensor.dir/nodes/rq_sensor.cpp.o[0m
[3.013s] [100%] [32m[1mLinking CXX executable rq_sensor[0m
[3.113s] [100%] Built target rq_sensor
[3.121s] Invoked command in '/home/ubuntu/workspace/ros_ur_driver/build/robotiq_ft_sensor' returned '0': CMAKE_PREFIX_PATH=${CMAKE_PREFIX_PATH}:/opt/ros/humble /usr/bin/cmake --build /home/ubuntu/workspace/ros_ur_driver/build/robotiq_ft_sensor -- -j20 -l20
[3.123s] Invoking command in '/home/ubuntu/workspace/ros_ur_driver/build/robotiq_ft_sensor': CMAKE_PREFIX_PATH=${CMAKE_PREFIX_PATH}:/opt/ros/humble /usr/bin/cmake --install /home/ubuntu/workspace/ros_ur_driver/build/robotiq_ft_sensor
[3.126s] -- Install configuration: ""
[3.126s] -- Installing: /home/ubuntu/workspace/ros_ur_driver/install/robotiq_ft_sensor/lib/robotiq_ft_sensor/rq_sensor
[3.127s] -- Set runtime path of "/home/ubuntu/workspace/ros_ur_driver/install/robotiq_ft_sensor/lib/robotiq_ft_sensor/rq_sensor" to ""
[3.127s] -- Installing: /home/ubuntu/workspace/ros_ur_driver/install/robotiq_ft_sensor/include/robotiq_ft_sensor
[3.127s] -- Installing: /home/ubuntu/workspace/ros_ur_driver/install/robotiq_ft_sensor/include/robotiq_ft_sensor/rq_sensor_state.h
[3.127s] -- Installing: /home/ubuntu/workspace/ros_ur_driver/install/robotiq_ft_sensor/include/robotiq_ft_sensor/rq_sensor_com.h
[3.127s] -- Installing: /home/ubuntu/workspace/ros_ur_driver/install/robotiq_ft_sensor/include/robotiq_ft_sensor/rq_int.h
[3.127s] -- Installing: /home/ubuntu/workspace/ros_ur_driver/install/robotiq_ft_sensor/share/robotiq_ft_sensor/urdf
[3.127s] -- Installing: /home/ubuntu/workspace/ros_ur_driver/install/robotiq_ft_sensor/share/robotiq_ft_sensor/urdf/examples_of_macros
[3.127s] -- Installing: /home/ubuntu/workspace/ros_ur_driver/install/robotiq_ft_sensor/share/robotiq_ft_sensor/urdf/examples_of_macros/example_use_robotiq_ft300.xacro
[3.127s] -- Installing: /home/ubuntu/workspace/ros_ur_driver/install/robotiq_ft_sensor/share/robotiq_ft_sensor/urdf/robotiq_fts150.urdf.xacro
[3.127s] -- Installing: /home/ubuntu/workspace/ros_ur_driver/install/robotiq_ft_sensor/share/robotiq_ft_sensor/urdf/robotiq_ft300.urdf.xacro
[3.127s] -- Installing: /home/ubuntu/workspace/ros_ur_driver/install/robotiq_ft_sensor/share/robotiq_ft_sensor/meshes
[3.127s] -- Installing: /home/ubuntu/workspace/ros_ur_driver/install/robotiq_ft_sensor/share/robotiq_ft_sensor/meshes/collision
[3.127s] -- Installing: /home/ubuntu/workspace/ros_ur_driver/install/robotiq_ft_sensor/share/robotiq_ft_sensor/meshes/collision/robotiq_ft300.STL
[3.127s] -- Installing: /home/ubuntu/workspace/ros_ur_driver/install/robotiq_ft_sensor/share/robotiq_ft_sensor/meshes/collision/robotiq_fts150.stl
[3.127s] -- Installing: /home/ubuntu/workspace/ros_ur_driver/install/robotiq_ft_sensor/share/robotiq_ft_sensor/meshes/collision/mountings
[3.127s] -- Installing: /home/ubuntu/workspace/ros_ur_driver/install/robotiq_ft_sensor/share/robotiq_ft_sensor/meshes/collision/mountings/robotiq_ft300-G-062-COUPLING_G-50-4M6-1D6_20181119.STL
[3.127s] -- Installing: /home/ubuntu/workspace/ros_ur_driver/install/robotiq_ft_sensor/share/robotiq_ft_sensor/meshes/visual
[3.127s] -- Installing: /home/ubuntu/workspace/ros_ur_driver/install/robotiq_ft_sensor/share/robotiq_ft_sensor/meshes/visual/robotiq_ft300.STL
[3.128s] -- Installing: /home/ubuntu/workspace/ros_ur_driver/install/robotiq_ft_sensor/share/robotiq_ft_sensor/meshes/visual/robotiq_fts150.stl
[3.128s] -- Installing: /home/ubuntu/workspace/ros_ur_driver/install/robotiq_ft_sensor/share/robotiq_ft_sensor/meshes/visual/mountings
[3.128s] -- Installing: /home/ubuntu/workspace/ros_ur_driver/install/robotiq_ft_sensor/share/robotiq_ft_sensor/meshes/visual/mountings/robotiq_ft300-G-062-COUPLING_G-50-4M6-1D6_20181119.STL
[3.129s] -- Installing: /home/ubuntu/workspace/ros_ur_driver/install/robotiq_ft_sensor/share/ament_index/resource_index/package_run_dependencies/robotiq_ft_sensor
[3.129s] -- Installing: /home/ubuntu/workspace/ros_ur_driver/install/robotiq_ft_sensor/share/ament_index/resource_index/parent_prefix_path/robotiq_ft_sensor
[3.129s] -- Installing: /home/ubuntu/workspace/ros_ur_driver/install/robotiq_ft_sensor/share/robotiq_ft_sensor/environment/ament_prefix_path.sh
[3.129s] -- Installing: /home/ubuntu/workspace/ros_ur_driver/install/robotiq_ft_sensor/share/robotiq_ft_sensor/environment/ament_prefix_path.dsv
[3.129s] -- Installing: /home/ubuntu/workspace/ros_ur_driver/install/robotiq_ft_sensor/share/robotiq_ft_sensor/environment/path.sh
[3.129s] -- Installing: /home/ubuntu/workspace/ros_ur_driver/install/robotiq_ft_sensor/share/robotiq_ft_sensor/environment/path.dsv
[3.129s] -- Installing: /home/ubuntu/workspace/ros_ur_driver/install/robotiq_ft_sensor/share/robotiq_ft_sensor/local_setup.bash
[3.129s] -- Installing: /home/ubuntu/workspace/ros_ur_driver/install/robotiq_ft_sensor/share/robotiq_ft_sensor/local_setup.sh
[3.129s] -- Installing: /home/ubuntu/workspace/ros_ur_driver/install/robotiq_ft_sensor/share/robotiq_ft_sensor/local_setup.zsh
[3.129s] -- Installing: /home/ubuntu/workspace/ros_ur_driver/install/robotiq_ft_sensor/share/robotiq_ft_sensor/local_setup.dsv
[3.129s] -- Installing: /home/ubuntu/workspace/ros_ur_driver/install/robotiq_ft_sensor/share/robotiq_ft_sensor/package.dsv
[3.129s] -- Installing: /home/ubuntu/workspace/ros_ur_driver/install/robotiq_ft_sensor/share/ament_index/resource_index/packages/robotiq_ft_sensor
[3.129s] -- Installing: /home/ubuntu/workspace/ros_ur_driver/install/robotiq_ft_sensor/share/robotiq_ft_sensor/cmake/robotiq_ft_sensorConfig.cmake
[3.129s] -- Installing: /home/ubuntu/workspace/ros_ur_driver/install/robotiq_ft_sensor/share/robotiq_ft_sensor/cmake/robotiq_ft_sensorConfig-version.cmake
[3.129s] -- Installing: /home/ubuntu/workspace/ros_ur_driver/install/robotiq_ft_sensor/share/robotiq_ft_sensor/package.xml
[3.130s] Invoked command in '/home/ubuntu/workspace/ros_ur_driver/build/robotiq_ft_sensor' returned '0': CMAKE_PREFIX_PATH=${CMAKE_PREFIX_PATH}:/opt/ros/humble /usr/bin/cmake --install /home/ubuntu/workspace/ros_ur_driver/build/robotiq_ft_sensor
