-- Install configuration: ""
-- Up-to-date: /home/ubuntu/workspace/ros_ur_driver/install/z_efg_f_gripper_config/share/z_efg_f_gripper_config/launch
-- Up-to-date: /home/ubuntu/workspace/ros_ur_driver/install/z_efg_f_gripper_config/share/z_efg_f_gripper_config/launch/move_group.launch.py
-- Up-to-date: /home/ubuntu/workspace/ros_ur_driver/install/z_efg_f_gripper_config/share/z_efg_f_gripper_config/launch/demo.launch.py
-- Up-to-date: /home/ubuntu/workspace/ros_ur_driver/install/z_efg_f_gripper_config/share/z_efg_f_gripper_config/launch/rsp.launch.py
-- Up-to-date: /home/ubuntu/workspace/ros_ur_driver/install/z_efg_f_gripper_config/share/z_efg_f_gripper_config/launch/spawn_controllers.launch.py
-- Up-to-date: /home/ubuntu/workspace/ros_ur_driver/install/z_efg_f_gripper_config/share/z_efg_f_gripper_config/launch/static_virtual_joint_tfs.launch.py
-- Up-to-date: /home/ubuntu/workspace/ros_ur_driver/install/z_efg_f_gripper_config/share/z_efg_f_gripper_config/launch/warehouse_db.launch.py
-- Up-to-date: /home/ubuntu/workspace/ros_ur_driver/install/z_efg_f_gripper_config/share/z_efg_f_gripper_config/launch/setup_assistant.launch.py
-- Up-to-date: /home/ubuntu/workspace/ros_ur_driver/install/z_efg_f_gripper_config/share/z_efg_f_gripper_config/launch/moveit_rviz.launch.py
-- Up-to-date: /home/ubuntu/workspace/ros_ur_driver/install/z_efg_f_gripper_config/share/z_efg_f_gripper_config/config
-- Up-to-date: /home/ubuntu/workspace/ros_ur_driver/install/z_efg_f_gripper_config/share/z_efg_f_gripper_config/config/sensors_3d.yaml
-- Up-to-date: /home/ubuntu/workspace/ros_ur_driver/install/z_efg_f_gripper_config/share/z_efg_f_gripper_config/config/joint_limits.yaml
-- Up-to-date: /home/ubuntu/workspace/ros_ur_driver/install/z_efg_f_gripper_config/share/z_efg_f_gripper_config/config/moveit_controllers.yaml
-- Up-to-date: /home/ubuntu/workspace/ros_ur_driver/install/z_efg_f_gripper_config/share/z_efg_f_gripper_config/config/ros2_controllers.yaml
-- Up-to-date: /home/ubuntu/workspace/ros_ur_driver/install/z_efg_f_gripper_config/share/z_efg_f_gripper_config/config/z_efg_f_gripper.ros2_control.xacro
-- Up-to-date: /home/ubuntu/workspace/ros_ur_driver/install/z_efg_f_gripper_config/share/z_efg_f_gripper_config/config/pilz_cartesian_limits.yaml
-- Up-to-date: /home/ubuntu/workspace/ros_ur_driver/install/z_efg_f_gripper_config/share/z_efg_f_gripper_config/config/initial_positions.yaml
-- Up-to-date: /home/ubuntu/workspace/ros_ur_driver/install/z_efg_f_gripper_config/share/z_efg_f_gripper_config/config/z_efg_f_gripper.srdf
-- Up-to-date: /home/ubuntu/workspace/ros_ur_driver/install/z_efg_f_gripper_config/share/z_efg_f_gripper_config/config/kinematics.yaml
-- Up-to-date: /home/ubuntu/workspace/ros_ur_driver/install/z_efg_f_gripper_config/share/z_efg_f_gripper_config/config/z_efg_f_gripper.urdf.xacro
-- Up-to-date: /home/ubuntu/workspace/ros_ur_driver/install/z_efg_f_gripper_config/share/z_efg_f_gripper_config/.setup_assistant
-- Up-to-date: /home/ubuntu/workspace/ros_ur_driver/install/z_efg_f_gripper_config/share/ament_index/resource_index/package_run_dependencies/z_efg_f_gripper_config
-- Up-to-date: /home/ubuntu/workspace/ros_ur_driver/install/z_efg_f_gripper_config/share/ament_index/resource_index/parent_prefix_path/z_efg_f_gripper_config
-- Up-to-date: /home/ubuntu/workspace/ros_ur_driver/install/z_efg_f_gripper_config/share/z_efg_f_gripper_config/environment/ament_prefix_path.sh
-- Up-to-date: /home/ubuntu/workspace/ros_ur_driver/install/z_efg_f_gripper_config/share/z_efg_f_gripper_config/environment/ament_prefix_path.dsv
-- Up-to-date: /home/ubuntu/workspace/ros_ur_driver/install/z_efg_f_gripper_config/share/z_efg_f_gripper_config/environment/path.sh
-- Up-to-date: /home/ubuntu/workspace/ros_ur_driver/install/z_efg_f_gripper_config/share/z_efg_f_gripper_config/environment/path.dsv
-- Up-to-date: /home/ubuntu/workspace/ros_ur_driver/install/z_efg_f_gripper_config/share/z_efg_f_gripper_config/local_setup.bash
-- Up-to-date: /home/ubuntu/workspace/ros_ur_driver/install/z_efg_f_gripper_config/share/z_efg_f_gripper_config/local_setup.sh
-- Up-to-date: /home/ubuntu/workspace/ros_ur_driver/install/z_efg_f_gripper_config/share/z_efg_f_gripper_config/local_setup.zsh
-- Up-to-date: /home/ubuntu/workspace/ros_ur_driver/install/z_efg_f_gripper_config/share/z_efg_f_gripper_config/local_setup.dsv
-- Installing: /home/ubuntu/workspace/ros_ur_driver/install/z_efg_f_gripper_config/share/z_efg_f_gripper_config/package.dsv
-- Up-to-date: /home/ubuntu/workspace/ros_ur_driver/install/z_efg_f_gripper_config/share/ament_index/resource_index/packages/z_efg_f_gripper_config
-- Up-to-date: /home/ubuntu/workspace/ros_ur_driver/install/z_efg_f_gripper_config/share/z_efg_f_gripper_config/cmake/z_efg_f_gripper_configConfig.cmake
-- Up-to-date: /home/ubuntu/workspace/ros_ur_driver/install/z_efg_f_gripper_config/share/z_efg_f_gripper_config/cmake/z_efg_f_gripper_configConfig-version.cmake
-- Up-to-date: /home/ubuntu/workspace/ros_ur_driver/install/z_efg_f_gripper_config/share/z_efg_f_gripper_config/package.xml
