[0.005s] Invoking command in '/home/ubuntu/workspace/ros_ur_driver/build/ur_controllers': CMAKE_PREFIX_PATH=/home/ubuntu/workspace/ros_ur_driver/install/ur_dashboard_msgs:/home/ubuntu/workspace/ros_ur_driver/install/z_efg_f_gripper_config:/home/ubuntu/workspace/ros_ur_driver/install/z_efg_f_gripper:/home/ubuntu/workspace/ros_ur_driver/install/ur:/home/ubuntu/workspace/ros_ur_driver/install/ur_calibration:/home/ubuntu/workspace/ros_ur_driver/install/ur_robot_driver:/home/ubuntu/workspace/ros_ur_driver/install/ur_moveit_config:/home/ubuntu/workspace/ros_ur_driver/install/ur_bringup:/home/ubuntu/workspace/ros_ur_driver/install/ur_description:/home/ubuntu/workspace/ros_ur_driver/install/ur_controllers:/home/ubuntu/workspace/ros_ur_driver/install/robotiq_ft_sensor:/opt/ros/humble LD_LIBRARY_PATH=/home/ubuntu/workspace/ros_ur_driver/install/ur_dashboard_msgs/lib:/home/ubuntu/workspace/ros_ur_driver/install/ur_robot_driver/lib:/home/ubuntu/workspace/ros_ur_driver/install/ur_controllers/lib:/usr/local/cuda-12.8/lib64:/usr/lib/x86_64-linux-gnu/gazebo-11/plugins:/opt/ros/humble/opt/rviz_ogre_vendor/lib:/opt/ros/humble/lib/x86_64-linux-gnu:/opt/ros/humble/lib:/usr/local/cuda-12.8/lib64 /usr/bin/cmake /home/ubuntu/workspace/ros_ur_driver/src/Universal_Robots_ROS2_Driver/ur_controllers -DCMAKE_INSTALL_PREFIX=/home/ubuntu/workspace/ros_ur_driver/install/ur_controllers
[0.040s] -- The C compiler identification is GNU 11.4.0
[0.068s] -- The CXX compiler identification is GNU 11.4.0
[0.073s] -- Detecting C compiler ABI info
[0.113s] -- Detecting C compiler ABI info - done
[0.117s] -- Check for working C compiler: /usr/bin/cc - skipped
[0.117s] -- Detecting C compile features
[0.117s] -- Detecting C compile features - done
[0.118s] -- Detecting CXX compiler ABI info
[0.164s] -- Detecting CXX compiler ABI info - done
[0.168s] -- Check for working CXX compiler: /usr/bin/c++ - skipped
[0.168s] -- Detecting CXX compile features
[0.168s] -- Detecting CXX compile features - done
[0.169s] -- Found ament_cmake: 1.3.12 (/opt/ros/humble/share/ament_cmake/cmake)
[0.330s] -- Found Python3: /usr/bin/python3 (found version "3.10.12") found components: Interpreter 
[0.375s] -- Found angles: 1.15.0 (/opt/ros/humble/share/angles/cmake)
[0.376s] -- Found controller_interface: 2.53.0 (/opt/ros/humble/share/controller_interface/cmake)
[0.395s] -- Found rosidl_generator_c: 3.1.8 (/opt/ros/humble/share/rosidl_generator_c/cmake)
[0.397s] -- Found rosidl_adapter: 3.1.8 (/opt/ros/humble/share/rosidl_adapter/cmake)
[0.401s] -- Found rosidl_generator_cpp: 3.1.8 (/opt/ros/humble/share/rosidl_generator_cpp/cmake)
[0.405s] -- Using all available rosidl_typesupport_c: rosidl_typesupport_fastrtps_c;rosidl_typesupport_introspection_c
[0.412s] -- Using all available rosidl_typesupport_cpp: rosidl_typesupport_fastrtps_cpp;rosidl_typesupport_introspection_cpp
[0.498s] -- Found rmw_implementation_cmake: 6.1.2 (/opt/ros/humble/share/rmw_implementation_cmake/cmake)
[0.499s] -- Found rmw_fastrtps_cpp: 6.2.9 (/opt/ros/humble/share/rmw_fastrtps_cpp/cmake)
[0.510s] -- Found TinyXML2 via Config file: TinyXML2_DIR-NOTFOUND
[0.549s] -- Found OpenSSL: /usr/lib/x86_64-linux-gnu/libcrypto.so (found version "3.0.2")  
[0.550s] -- Found TinyXML2 via Config file: TinyXML2_DIR-NOTFOUND
[0.557s] -- Found FastRTPS: /opt/ros/humble/include  
[0.558s] -- Found TinyXML2 via Config file: TinyXML2_DIR-NOTFOUND
[0.563s] -- Found TinyXML2 via Config file: TinyXML2_DIR-NOTFOUND
[0.569s] -- Using RMW implementation 'rmw_fastrtps_cpp' as default
[0.573s] -- Looking for pthread.h
[0.616s] -- Looking for pthread.h - found
[0.616s] -- Performing Test CMAKE_HAVE_LIBC_PTHREAD
[0.657s] -- Performing Test CMAKE_HAVE_LIBC_PTHREAD - Success
[0.657s] -- Found Threads: TRUE  
[0.678s] -- Found joint_trajectory_controller: 2.52.0 (/opt/ros/humble/share/joint_trajectory_controller/cmake)
[0.710s] -- Found std_srvs: 4.9.0 (/opt/ros/humble/share/std_srvs/cmake)
[0.714s] -- Found tf2_geometry_msgs: 0.25.18 (/opt/ros/humble/share/tf2_geometry_msgs/cmake)
[0.718s] -- Found eigen3_cmake_module: 0.1.1 (/opt/ros/humble/share/eigen3_cmake_module/cmake)
[0.718s] -- Found Eigen3: TRUE (found version "3.4.0") 
[0.718s] -- Ensuring Eigen3 include directory is part of orocos-kdl CMake target
[0.742s] -- Found ur_dashboard_msgs: 2.11.0 (/home/ubuntu/workspace/ros_ur_driver/install/ur_dashboard_msgs/share/ur_dashboard_msgs/cmake)
[0.749s] -- Found ur_msgs: 2.3.0 (/opt/ros/humble/share/ur_msgs/cmake)
[0.767s] -- Found ament_cmake_gmock: 1.3.12 (/opt/ros/humble/share/ament_cmake_gmock/cmake)
[0.768s] -- Found controller_manager: 2.53.0 (/opt/ros/humble/share/controller_manager/cmake)
[0.777s] -- Found ros2_control_test_assets: 2.53.0 (/opt/ros/humble/share/ros2_control_test_assets/cmake)
[0.778s] -- Found gmock sources under '/opt/ros/humble/src/gmock_vendor': C++ tests using 'Google Mock' will be built
[0.780s] -- Found ament_cmake_gtest: 1.3.12 (/opt/ros/humble/share/ament_cmake_gtest/cmake)
[0.781s] -- Found gtest sources under '/opt/ros/humble/src/gtest_vendor': C++ tests using 'Google Test' will be built
[0.813s] -- Configuring done
[0.829s] -- Generating done
[0.835s] -- Build files have been written to: /home/ubuntu/workspace/ros_ur_driver/build/ur_controllers
[0.842s] Invoked command in '/home/ubuntu/workspace/ros_ur_driver/build/ur_controllers' returned '0': CMAKE_PREFIX_PATH=/home/ubuntu/workspace/ros_ur_driver/install/ur_dashboard_msgs:/home/ubuntu/workspace/ros_ur_driver/install/z_efg_f_gripper_config:/home/ubuntu/workspace/ros_ur_driver/install/z_efg_f_gripper:/home/ubuntu/workspace/ros_ur_driver/install/ur:/home/ubuntu/workspace/ros_ur_driver/install/ur_calibration:/home/ubuntu/workspace/ros_ur_driver/install/ur_robot_driver:/home/ubuntu/workspace/ros_ur_driver/install/ur_moveit_config:/home/ubuntu/workspace/ros_ur_driver/install/ur_bringup:/home/ubuntu/workspace/ros_ur_driver/install/ur_description:/home/ubuntu/workspace/ros_ur_driver/install/ur_controllers:/home/ubuntu/workspace/ros_ur_driver/install/robotiq_ft_sensor:/opt/ros/humble LD_LIBRARY_PATH=/home/ubuntu/workspace/ros_ur_driver/install/ur_dashboard_msgs/lib:/home/ubuntu/workspace/ros_ur_driver/install/ur_robot_driver/lib:/home/ubuntu/workspace/ros_ur_driver/install/ur_controllers/lib:/usr/local/cuda-12.8/lib64:/usr/lib/x86_64-linux-gnu/gazebo-11/plugins:/opt/ros/humble/opt/rviz_ogre_vendor/lib:/opt/ros/humble/lib/x86_64-linux-gnu:/opt/ros/humble/lib:/usr/local/cuda-12.8/lib64 /usr/bin/cmake /home/ubuntu/workspace/ros_ur_driver/src/Universal_Robots_ROS2_Driver/ur_controllers -DCMAKE_INSTALL_PREFIX=/home/ubuntu/workspace/ros_ur_driver/install/ur_controllers
[0.843s] Invoking command in '/home/ubuntu/workspace/ros_ur_driver/build/ur_controllers': CMAKE_PREFIX_PATH=/home/ubuntu/workspace/ros_ur_driver/install/ur_dashboard_msgs:/home/ubuntu/workspace/ros_ur_driver/install/z_efg_f_gripper_config:/home/ubuntu/workspace/ros_ur_driver/install/z_efg_f_gripper:/home/ubuntu/workspace/ros_ur_driver/install/ur:/home/ubuntu/workspace/ros_ur_driver/install/ur_calibration:/home/ubuntu/workspace/ros_ur_driver/install/ur_robot_driver:/home/ubuntu/workspace/ros_ur_driver/install/ur_moveit_config:/home/ubuntu/workspace/ros_ur_driver/install/ur_bringup:/home/ubuntu/workspace/ros_ur_driver/install/ur_description:/home/ubuntu/workspace/ros_ur_driver/install/ur_controllers:/home/ubuntu/workspace/ros_ur_driver/install/robotiq_ft_sensor:/opt/ros/humble LD_LIBRARY_PATH=/home/ubuntu/workspace/ros_ur_driver/install/ur_dashboard_msgs/lib:/home/ubuntu/workspace/ros_ur_driver/install/ur_robot_driver/lib:/home/ubuntu/workspace/ros_ur_driver/install/ur_controllers/lib:/usr/local/cuda-12.8/lib64:/usr/lib/x86_64-linux-gnu/gazebo-11/plugins:/opt/ros/humble/opt/rviz_ogre_vendor/lib:/opt/ros/humble/lib/x86_64-linux-gnu:/opt/ros/humble/lib:/usr/local/cuda-12.8/lib64 /usr/bin/cmake --build /home/ubuntu/workspace/ros_ur_driver/build/ur_controllers -- -j20 -l20
[0.875s] [  2%] [34m[1mRunning `/opt/ros/humble/bin/generate_parameter_library_cpp /home/ubuntu/workspace/ros_ur_driver/build/ur_controllers/include/ur_controllers/scaled_joint_trajectory_controller_parameters.hpp /home/ubuntu/workspace/ros_ur_driver/src/Universal_Robots_ROS2_Driver/ur_controllers/src/scaled_joint_trajectory_controller_parameters.yaml `[0m
[0.875s] [  8%] [34m[1mRunning `/opt/ros/humble/bin/generate_parameter_library_cpp /home/ubuntu/workspace/ros_ur_driver/build/ur_controllers/include/ur_controllers/gpio_controller_parameters.hpp /home/ubuntu/workspace/ros_ur_driver/src/Universal_Robots_ROS2_Driver/ur_controllers/src/gpio_controller_parameters.yaml `[0m
[0.875s] [  8%] [34m[1mRunning `/opt/ros/humble/bin/generate_parameter_library_cpp /home/ubuntu/workspace/ros_ur_driver/build/ur_controllers/include/ur_controllers/force_mode_controller_parameters.hpp /home/ubuntu/workspace/ros_ur_driver/src/Universal_Robots_ROS2_Driver/ur_controllers/src/force_mode_controller_parameters.yaml `[0m
[0.875s] [ 14%] [34m[1mRunning `/opt/ros/humble/bin/generate_parameter_library_cpp /home/ubuntu/workspace/ros_ur_driver/build/ur_controllers/include/ur_controllers/ur_configuration_controller_parameters.hpp /home/ubuntu/workspace/ros_ur_driver/src/Universal_Robots_ROS2_Driver/ur_controllers/src/ur_configuration_controller_parameters.yaml `[0m
[0.875s] [ 14%] [34m[1mRunning `/opt/ros/humble/bin/generate_parameter_library_cpp /home/ubuntu/workspace/ros_ur_driver/build/ur_controllers/include/ur_controllers/freedrive_mode_controller_parameters.hpp /home/ubuntu/workspace/ros_ur_driver/src/Universal_Robots_ROS2_Driver/ur_controllers/src/freedrive_mode_controller_parameters.yaml `[0m
[0.875s] [ 17%] [34m[1mRunning `/opt/ros/humble/bin/generate_parameter_library_cpp /home/ubuntu/workspace/ros_ur_driver/build/ur_controllers/include/ur_controllers/tool_contact_controller_parameters.hpp /home/ubuntu/workspace/ros_ur_driver/src/Universal_Robots_ROS2_Driver/ur_controllers/src/tool_contact_controller_parameters.yaml `[0m
[0.878s] [ 20%] [34m[1mRunning `/opt/ros/humble/bin/generate_parameter_library_cpp /home/ubuntu/workspace/ros_ur_driver/build/ur_controllers/include/ur_controllers/passthrough_trajectory_controller_parameters.hpp /home/ubuntu/workspace/ros_ur_driver/src/Universal_Robots_ROS2_Driver/ur_controllers/src/passthrough_trajectory_controller_parameters.yaml `[0m
[0.878s] [ 23%] [32mBuilding CXX object gmock/CMakeFiles/gmock.dir/opt/ros/humble/src/gtest_vendor/src/gtest-all.cc.o[0m
[0.878s] [ 26%] [32mBuilding CXX object gmock/CMakeFiles/gmock.dir/src/gmock-all.cc.o[0m
[0.879s] [ 29%] [32mBuilding CXX object gmock/CMakeFiles/gmock_main.dir/src/gmock_main.cc.o[0m
[0.880s] [ 32%] [34m[1mRunning `/opt/ros/humble/bin/generate_parameter_library_cpp /home/ubuntu/workspace/ros_ur_driver/build/ur_controllers/include/ur_controllers/speed_scaling_state_broadcaster_parameters.hpp /home/ubuntu/workspace/ros_ur_driver/src/Universal_Robots_ROS2_Driver/ur_controllers/src/speed_scaling_state_broadcaster_parameters.yaml `[0m
[0.941s] [ 35%] [34m[1mCreating deprecated header file /home/ubuntu/workspace/ros_ur_driver/build/ur_controllers/include/ur_configuration_controller_parameters.hpp[0m
[0.949s] [ 38%] [34m[1mCreating deprecated header file /home/ubuntu/workspace/ros_ur_driver/build/ur_controllers/include/force_mode_controller_parameters.hpp[0m
[0.951s] [ 41%] [34m[1mCreating deprecated header file /home/ubuntu/workspace/ros_ur_driver/build/ur_controllers/include/gpio_controller_parameters.hpp[0m
[0.951s] [ 44%] [34m[1mCreating deprecated header file /home/ubuntu/workspace/ros_ur_driver/build/ur_controllers/include/tool_contact_controller_parameters.hpp[0m
[0.956s] [ 47%] [34m[1mCreating deprecated header file /home/ubuntu/workspace/ros_ur_driver/build/ur_controllers/include/speed_scaling_state_broadcaster_parameters.hpp[0m
[0.956s] [ 50%] [34m[1mCreating deprecated header file /home/ubuntu/workspace/ros_ur_driver/build/ur_controllers/include/freedrive_mode_controller_parameters.hpp[0m
[0.957s] [ 52%] [34m[1mCreating deprecated header file /home/ubuntu/workspace/ros_ur_driver/build/ur_controllers/include/scaled_joint_trajectory_controller_parameters.hpp[0m
[0.959s] [ 52%] Built target ur_configuration_controller_parameters
[0.959s] [ 52%] Built target gpio_controller_parameters
[0.966s] [ 52%] Built target speed_scaling_state_broadcaster_parameters
[0.966s] [ 52%] Built target tool_contact_controller_parameters
[0.967s] [ 52%] Built target force_mode_controller_parameters
[0.967s] [ 52%] Built target freedrive_mode_controller_parameters
[0.967s] [ 55%] [34m[1mCreating deprecated header file /home/ubuntu/workspace/ros_ur_driver/build/ur_controllers/include/passthrough_trajectory_controller_parameters.hpp[0m
[0.970s] [ 55%] Built target scaled_joint_trajectory_controller_parameters
[0.979s] [ 55%] Built target passthrough_trajectory_controller_parameters
[0.992s] [ 67%] [32mBuilding CXX object CMakeFiles/ur_controllers.dir/src/scaled_joint_trajectory_controller.cpp.o[0m
[0.992s] [ 67%] [32mBuilding CXX object CMakeFiles/ur_controllers.dir/src/tool_contact_controller.cpp.o[0m
[0.992s] [ 70%] [32mBuilding CXX object CMakeFiles/ur_controllers.dir/src/force_mode_controller.cpp.o[0m
[0.992s] [ 70%] [32mBuilding CXX object CMakeFiles/ur_controllers.dir/src/speed_scaling_state_broadcaster.cpp.o[0m
[0.992s] [ 67%] [32mBuilding CXX object CMakeFiles/ur_controllers.dir/src/freedrive_mode_controller.cpp.o[0m
[0.993s] [ 73%] [32mBuilding CXX object CMakeFiles/ur_controllers.dir/src/gpio_controller.cpp.o[0m
[0.993s] [ 76%] [32mBuilding CXX object CMakeFiles/ur_controllers.dir/src/ur_configuration_controller.cpp.o[0m
[0.993s] [ 79%] [32mBuilding CXX object CMakeFiles/ur_controllers.dir/src/passthrough_trajectory_controller.cpp.o[0m
[1.387s] [ 82%] [32m[1mLinking CXX static library libgmock_main.a[0m
[1.409s] [ 82%] Built target gmock_main
[2.319s] [ 85%] [32m[1mLinking CXX static library libgmock.a[0m
[2.356s] [ 85%] Built target gmock
[5.557s] [ 88%] [32m[1mLinking CXX shared library libur_controllers.so[0m
[6.201s] [ 88%] Built target ur_controllers
[6.216s] [ 91%] [32mBuilding CXX object CMakeFiles/test_load_freedrive_mode_controller.dir/test/test_load_freedrive_mode_controller.cpp.o[0m
[6.218s] [ 94%] [32mBuilding CXX object CMakeFiles/test_load_force_mode_controller.dir/test/test_load_force_mode_controller.cpp.o[0m
[8.491s] [ 97%] [32m[1mLinking CXX executable test_load_freedrive_mode_controller[0m
[8.492s] [100%] [32m[1mLinking CXX executable test_load_force_mode_controller[0m
[8.636s] [100%] Built target test_load_freedrive_mode_controller
[8.640s] [100%] Built target test_load_force_mode_controller
[8.647s] Invoked command in '/home/ubuntu/workspace/ros_ur_driver/build/ur_controllers' returned '0': CMAKE_PREFIX_PATH=/home/ubuntu/workspace/ros_ur_driver/install/ur_dashboard_msgs:/home/ubuntu/workspace/ros_ur_driver/install/z_efg_f_gripper_config:/home/ubuntu/workspace/ros_ur_driver/install/z_efg_f_gripper:/home/ubuntu/workspace/ros_ur_driver/install/ur:/home/ubuntu/workspace/ros_ur_driver/install/ur_calibration:/home/ubuntu/workspace/ros_ur_driver/install/ur_robot_driver:/home/ubuntu/workspace/ros_ur_driver/install/ur_moveit_config:/home/ubuntu/workspace/ros_ur_driver/install/ur_bringup:/home/ubuntu/workspace/ros_ur_driver/install/ur_description:/home/ubuntu/workspace/ros_ur_driver/install/ur_controllers:/home/ubuntu/workspace/ros_ur_driver/install/robotiq_ft_sensor:/opt/ros/humble LD_LIBRARY_PATH=/home/ubuntu/workspace/ros_ur_driver/install/ur_dashboard_msgs/lib:/home/ubuntu/workspace/ros_ur_driver/install/ur_robot_driver/lib:/home/ubuntu/workspace/ros_ur_driver/install/ur_controllers/lib:/usr/local/cuda-12.8/lib64:/usr/lib/x86_64-linux-gnu/gazebo-11/plugins:/opt/ros/humble/opt/rviz_ogre_vendor/lib:/opt/ros/humble/lib/x86_64-linux-gnu:/opt/ros/humble/lib:/usr/local/cuda-12.8/lib64 /usr/bin/cmake --build /home/ubuntu/workspace/ros_ur_driver/build/ur_controllers -- -j20 -l20
[8.648s] Invoking command in '/home/ubuntu/workspace/ros_ur_driver/build/ur_controllers': CMAKE_PREFIX_PATH=/home/ubuntu/workspace/ros_ur_driver/install/ur_dashboard_msgs:/home/ubuntu/workspace/ros_ur_driver/install/z_efg_f_gripper_config:/home/ubuntu/workspace/ros_ur_driver/install/z_efg_f_gripper:/home/ubuntu/workspace/ros_ur_driver/install/ur:/home/ubuntu/workspace/ros_ur_driver/install/ur_calibration:/home/ubuntu/workspace/ros_ur_driver/install/ur_robot_driver:/home/ubuntu/workspace/ros_ur_driver/install/ur_moveit_config:/home/ubuntu/workspace/ros_ur_driver/install/ur_bringup:/home/ubuntu/workspace/ros_ur_driver/install/ur_description:/home/ubuntu/workspace/ros_ur_driver/install/ur_controllers:/home/ubuntu/workspace/ros_ur_driver/install/robotiq_ft_sensor:/opt/ros/humble LD_LIBRARY_PATH=/home/ubuntu/workspace/ros_ur_driver/install/ur_dashboard_msgs/lib:/home/ubuntu/workspace/ros_ur_driver/install/ur_robot_driver/lib:/home/ubuntu/workspace/ros_ur_driver/install/ur_controllers/lib:/usr/local/cuda-12.8/lib64:/usr/lib/x86_64-linux-gnu/gazebo-11/plugins:/opt/ros/humble/opt/rviz_ogre_vendor/lib:/opt/ros/humble/lib/x86_64-linux-gnu:/opt/ros/humble/lib:/usr/local/cuda-12.8/lib64 /usr/bin/cmake --install /home/ubuntu/workspace/ros_ur_driver/build/ur_controllers
[8.652s] -- Install configuration: ""
[8.652s] -- Installing: /home/ubuntu/workspace/ros_ur_driver/install/ur_controllers/include/ur_controllers
[8.652s] -- Installing: /home/ubuntu/workspace/ros_ur_driver/install/ur_controllers/include/ur_controllers/freedrive_mode_controller_parameters.hpp
[8.652s] -- Installing: /home/ubuntu/workspace/ros_ur_driver/install/ur_controllers/include/ur_controllers/gpio_controller_parameters.hpp
[8.652s] -- Installing: /home/ubuntu/workspace/ros_ur_driver/install/ur_controllers/include/ur_controllers/force_mode_controller_parameters.hpp
[8.652s] -- Installing: /home/ubuntu/workspace/ros_ur_driver/install/ur_controllers/include/ur_controllers/tool_contact_controller_parameters.hpp
[8.652s] -- Installing: /home/ubuntu/workspace/ros_ur_driver/install/ur_controllers/include/ur_controllers/ur_configuration_controller_parameters.hpp
[8.652s] -- Installing: /home/ubuntu/workspace/ros_ur_driver/install/ur_controllers/include/ur_controllers/passthrough_trajectory_controller_parameters.hpp
[8.652s] -- Installing: /home/ubuntu/workspace/ros_ur_driver/install/ur_controllers/include/ur_controllers/scaled_joint_trajectory_controller_parameters.hpp
[8.652s] -- Installing: /home/ubuntu/workspace/ros_ur_driver/install/ur_controllers/include/ur_controllers/speed_scaling_state_broadcaster_parameters.hpp
[8.652s] -- Up-to-date: /home/ubuntu/workspace/ros_ur_driver/install/ur_controllers/include/ur_controllers
[8.652s] -- Up-to-date: /home/ubuntu/workspace/ros_ur_driver/install/ur_controllers/include/ur_controllers/freedrive_mode_controller_parameters.hpp
[8.652s] -- Up-to-date: /home/ubuntu/workspace/ros_ur_driver/install/ur_controllers/include/ur_controllers/gpio_controller_parameters.hpp
[8.652s] -- Up-to-date: /home/ubuntu/workspace/ros_ur_driver/install/ur_controllers/include/ur_controllers/force_mode_controller_parameters.hpp
[8.652s] -- Up-to-date: /home/ubuntu/workspace/ros_ur_driver/install/ur_controllers/include/ur_controllers/tool_contact_controller_parameters.hpp
[8.652s] -- Up-to-date: /home/ubuntu/workspace/ros_ur_driver/install/ur_controllers/include/ur_controllers/ur_configuration_controller_parameters.hpp
[8.652s] -- Up-to-date: /home/ubuntu/workspace/ros_ur_driver/install/ur_controllers/include/ur_controllers/passthrough_trajectory_controller_parameters.hpp
[8.652s] -- Up-to-date: /home/ubuntu/workspace/ros_ur_driver/install/ur_controllers/include/ur_controllers/scaled_joint_trajectory_controller_parameters.hpp
[8.652s] -- Up-to-date: /home/ubuntu/workspace/ros_ur_driver/install/ur_controllers/include/ur_controllers/speed_scaling_state_broadcaster_parameters.hpp
[8.652s] -- Up-to-date: /home/ubuntu/workspace/ros_ur_driver/install/ur_controllers/include/ur_controllers
[8.652s] -- Up-to-date: /home/ubuntu/workspace/ros_ur_driver/install/ur_controllers/include/ur_controllers/freedrive_mode_controller_parameters.hpp
[8.652s] -- Up-to-date: /home/ubuntu/workspace/ros_ur_driver/install/ur_controllers/include/ur_controllers/gpio_controller_parameters.hpp
[8.652s] -- Up-to-date: /home/ubuntu/workspace/ros_ur_driver/install/ur_controllers/include/ur_controllers/force_mode_controller_parameters.hpp
[8.653s] -- Up-to-date: /home/ubuntu/workspace/ros_ur_driver/install/ur_controllers/include/ur_controllers/tool_contact_controller_parameters.hpp
[8.653s] -- Up-to-date: /home/ubuntu/workspace/ros_ur_driver/install/ur_controllers/include/ur_controllers/ur_configuration_controller_parameters.hpp
[8.653s] -- Up-to-date: /home/ubuntu/workspace/ros_ur_driver/install/ur_controllers/include/ur_controllers/passthrough_trajectory_controller_parameters.hpp
[8.653s] -- Up-to-date: /home/ubuntu/workspace/ros_ur_driver/install/ur_controllers/include/ur_controllers/scaled_joint_trajectory_controller_parameters.hpp
[8.653s] -- Up-to-date: /home/ubuntu/workspace/ros_ur_driver/install/ur_controllers/include/ur_controllers/speed_scaling_state_broadcaster_parameters.hpp
[8.653s] -- Up-to-date: /home/ubuntu/workspace/ros_ur_driver/install/ur_controllers/include/ur_controllers
[8.653s] -- Up-to-date: /home/ubuntu/workspace/ros_ur_driver/install/ur_controllers/include/ur_controllers/freedrive_mode_controller_parameters.hpp
[8.653s] -- Up-to-date: /home/ubuntu/workspace/ros_ur_driver/install/ur_controllers/include/ur_controllers/gpio_controller_parameters.hpp
[8.653s] -- Up-to-date: /home/ubuntu/workspace/ros_ur_driver/install/ur_controllers/include/ur_controllers/force_mode_controller_parameters.hpp
[8.653s] -- Up-to-date: /home/ubuntu/workspace/ros_ur_driver/install/ur_controllers/include/ur_controllers/tool_contact_controller_parameters.hpp
[8.653s] -- Up-to-date: /home/ubuntu/workspace/ros_ur_driver/install/ur_controllers/include/ur_controllers/ur_configuration_controller_parameters.hpp
[8.653s] -- Up-to-date: /home/ubuntu/workspace/ros_ur_driver/install/ur_controllers/include/ur_controllers/passthrough_trajectory_controller_parameters.hpp
[8.653s] -- Up-to-date: /home/ubuntu/workspace/ros_ur_driver/install/ur_controllers/include/ur_controllers/scaled_joint_trajectory_controller_parameters.hpp
[8.653s] -- Up-to-date: /home/ubuntu/workspace/ros_ur_driver/install/ur_controllers/include/ur_controllers/speed_scaling_state_broadcaster_parameters.hpp
[8.653s] -- Up-to-date: /home/ubuntu/workspace/ros_ur_driver/install/ur_controllers/include/ur_controllers
[8.653s] -- Up-to-date: /home/ubuntu/workspace/ros_ur_driver/install/ur_controllers/include/ur_controllers/freedrive_mode_controller_parameters.hpp
[8.653s] -- Up-to-date: /home/ubuntu/workspace/ros_ur_driver/install/ur_controllers/include/ur_controllers/gpio_controller_parameters.hpp
[8.653s] -- Up-to-date: /home/ubuntu/workspace/ros_ur_driver/install/ur_controllers/include/ur_controllers/force_mode_controller_parameters.hpp
[8.653s] -- Up-to-date: /home/ubuntu/workspace/ros_ur_driver/install/ur_controllers/include/ur_controllers/tool_contact_controller_parameters.hpp
[8.653s] -- Up-to-date: /home/ubuntu/workspace/ros_ur_driver/install/ur_controllers/include/ur_controllers/ur_configuration_controller_parameters.hpp
[8.653s] -- Up-to-date: /home/ubuntu/workspace/ros_ur_driver/install/ur_controllers/include/ur_controllers/passthrough_trajectory_controller_parameters.hpp
[8.653s] -- Up-to-date: /home/ubuntu/workspace/ros_ur_driver/install/ur_controllers/include/ur_controllers/scaled_joint_trajectory_controller_parameters.hpp
[8.653s] -- Up-to-date: /home/ubuntu/workspace/ros_ur_driver/install/ur_controllers/include/ur_controllers/speed_scaling_state_broadcaster_parameters.hpp
[8.653s] -- Up-to-date: /home/ubuntu/workspace/ros_ur_driver/install/ur_controllers/include/ur_controllers
[8.653s] -- Up-to-date: /home/ubuntu/workspace/ros_ur_driver/install/ur_controllers/include/ur_controllers/freedrive_mode_controller_parameters.hpp
[8.653s] -- Up-to-date: /home/ubuntu/workspace/ros_ur_driver/install/ur_controllers/include/ur_controllers/gpio_controller_parameters.hpp
[8.653s] -- Up-to-date: /home/ubuntu/workspace/ros_ur_driver/install/ur_controllers/include/ur_controllers/force_mode_controller_parameters.hpp
[8.653s] -- Up-to-date: /home/ubuntu/workspace/ros_ur_driver/install/ur_controllers/include/ur_controllers/tool_contact_controller_parameters.hpp
[8.653s] -- Up-to-date: /home/ubuntu/workspace/ros_ur_driver/install/ur_controllers/include/ur_controllers/ur_configuration_controller_parameters.hpp
[8.653s] -- Up-to-date: /home/ubuntu/workspace/ros_ur_driver/install/ur_controllers/include/ur_controllers/passthrough_trajectory_controller_parameters.hpp
[8.653s] -- Up-to-date: /home/ubuntu/workspace/ros_ur_driver/install/ur_controllers/include/ur_controllers/scaled_joint_trajectory_controller_parameters.hpp
[8.653s] -- Up-to-date: /home/ubuntu/workspace/ros_ur_driver/install/ur_controllers/include/ur_controllers/speed_scaling_state_broadcaster_parameters.hpp
[8.653s] -- Up-to-date: /home/ubuntu/workspace/ros_ur_driver/install/ur_controllers/include/ur_controllers
[8.653s] -- Up-to-date: /home/ubuntu/workspace/ros_ur_driver/install/ur_controllers/include/ur_controllers/freedrive_mode_controller_parameters.hpp
[8.653s] -- Up-to-date: /home/ubuntu/workspace/ros_ur_driver/install/ur_controllers/include/ur_controllers/gpio_controller_parameters.hpp
[8.654s] -- Up-to-date: /home/ubuntu/workspace/ros_ur_driver/install/ur_controllers/include/ur_controllers/force_mode_controller_parameters.hpp
[8.654s] -- Up-to-date: /home/ubuntu/workspace/ros_ur_driver/install/ur_controllers/include/ur_controllers/tool_contact_controller_parameters.hpp
[8.654s] -- Up-to-date: /home/ubuntu/workspace/ros_ur_driver/install/ur_controllers/include/ur_controllers/ur_configuration_controller_parameters.hpp
[8.654s] -- Up-to-date: /home/ubuntu/workspace/ros_ur_driver/install/ur_controllers/include/ur_controllers/passthrough_trajectory_controller_parameters.hpp
[8.654s] -- Up-to-date: /home/ubuntu/workspace/ros_ur_driver/install/ur_controllers/include/ur_controllers/scaled_joint_trajectory_controller_parameters.hpp
[8.654s] -- Up-to-date: /home/ubuntu/workspace/ros_ur_driver/install/ur_controllers/include/ur_controllers/speed_scaling_state_broadcaster_parameters.hpp
[8.654s] -- Up-to-date: /home/ubuntu/workspace/ros_ur_driver/install/ur_controllers/include/ur_controllers
[8.654s] -- Up-to-date: /home/ubuntu/workspace/ros_ur_driver/install/ur_controllers/include/ur_controllers/freedrive_mode_controller_parameters.hpp
[8.654s] -- Up-to-date: /home/ubuntu/workspace/ros_ur_driver/install/ur_controllers/include/ur_controllers/gpio_controller_parameters.hpp
[8.654s] -- Up-to-date: /home/ubuntu/workspace/ros_ur_driver/install/ur_controllers/include/ur_controllers/force_mode_controller_parameters.hpp
[8.654s] -- Up-to-date: /home/ubuntu/workspace/ros_ur_driver/install/ur_controllers/include/ur_controllers/tool_contact_controller_parameters.hpp
[8.654s] -- Up-to-date: /home/ubuntu/workspace/ros_ur_driver/install/ur_controllers/include/ur_controllers/ur_configuration_controller_parameters.hpp
[8.654s] -- Up-to-date: /home/ubuntu/workspace/ros_ur_driver/install/ur_controllers/include/ur_controllers/passthrough_trajectory_controller_parameters.hpp
[8.654s] -- Up-to-date: /home/ubuntu/workspace/ros_ur_driver/install/ur_controllers/include/ur_controllers/scaled_joint_trajectory_controller_parameters.hpp
[8.654s] -- Up-to-date: /home/ubuntu/workspace/ros_ur_driver/install/ur_controllers/include/ur_controllers/speed_scaling_state_broadcaster_parameters.hpp
[8.654s] -- Installing: /home/ubuntu/workspace/ros_ur_driver/install/ur_controllers/share/ur_controllers/controller_plugins.xml
[8.654s] -- Installing: /home/ubuntu/workspace/ros_ur_driver/install/ur_controllers/lib/libur_controllers.so
[8.660s] -- Set runtime path of "/home/ubuntu/workspace/ros_ur_driver/install/ur_controllers/lib/libur_controllers.so" to ""
[8.660s] -- Up-to-date: /home/ubuntu/workspace/ros_ur_driver/install/ur_controllers/include
[8.660s] -- Up-to-date: /home/ubuntu/workspace/ros_ur_driver/install/ur_controllers/include/ur_controllers
[8.660s] -- Installing: /home/ubuntu/workspace/ros_ur_driver/install/ur_controllers/include/ur_controllers/freedrive_mode_controller.hpp
[8.660s] -- Installing: /home/ubuntu/workspace/ros_ur_driver/install/ur_controllers/include/ur_controllers/scaled_joint_trajectory_controller.hpp
[8.660s] -- Installing: /home/ubuntu/workspace/ros_ur_driver/install/ur_controllers/include/ur_controllers/tool_contact_controller.hpp
[8.660s] -- Installing: /home/ubuntu/workspace/ros_ur_driver/install/ur_controllers/include/ur_controllers/force_mode_controller.hpp
[8.660s] -- Installing: /home/ubuntu/workspace/ros_ur_driver/install/ur_controllers/include/ur_controllers/passthrough_trajectory_controller.hpp
[8.660s] -- Installing: /home/ubuntu/workspace/ros_ur_driver/install/ur_controllers/include/ur_controllers/ur_configuration_controller.hpp
[8.660s] -- Installing: /home/ubuntu/workspace/ros_ur_driver/install/ur_controllers/include/ur_controllers/speed_scaling_state_broadcaster.hpp
[8.660s] -- Installing: /home/ubuntu/workspace/ros_ur_driver/install/ur_controllers/include/ur_controllers/gpio_controller.hpp
[8.660s] -- Up-to-date: /home/ubuntu/workspace/ros_ur_driver/install/ur_controllers/share/ur_controllers/controller_plugins.xml
[8.660s] -- Installing: /home/ubuntu/workspace/ros_ur_driver/install/ur_controllers/share/ur_controllers/environment/library_path.sh
[8.660s] -- Installing: /home/ubuntu/workspace/ros_ur_driver/install/ur_controllers/share/ur_controllers/environment/library_path.dsv
[8.660s] -- Installing: /home/ubuntu/workspace/ros_ur_driver/install/ur_controllers/share/ament_index/resource_index/package_run_dependencies/ur_controllers
[8.660s] -- Installing: /home/ubuntu/workspace/ros_ur_driver/install/ur_controllers/share/ament_index/resource_index/parent_prefix_path/ur_controllers
[8.660s] -- Installing: /home/ubuntu/workspace/ros_ur_driver/install/ur_controllers/share/ur_controllers/environment/ament_prefix_path.sh
[8.660s] -- Installing: /home/ubuntu/workspace/ros_ur_driver/install/ur_controllers/share/ur_controllers/environment/ament_prefix_path.dsv
[8.660s] -- Installing: /home/ubuntu/workspace/ros_ur_driver/install/ur_controllers/share/ur_controllers/environment/path.sh
[8.660s] -- Installing: /home/ubuntu/workspace/ros_ur_driver/install/ur_controllers/share/ur_controllers/environment/path.dsv
[8.660s] -- Installing: /home/ubuntu/workspace/ros_ur_driver/install/ur_controllers/share/ur_controllers/local_setup.bash
[8.660s] -- Installing: /home/ubuntu/workspace/ros_ur_driver/install/ur_controllers/share/ur_controllers/local_setup.sh
[8.660s] -- Installing: /home/ubuntu/workspace/ros_ur_driver/install/ur_controllers/share/ur_controllers/local_setup.zsh
[8.660s] -- Installing: /home/ubuntu/workspace/ros_ur_driver/install/ur_controllers/share/ur_controllers/local_setup.dsv
[8.660s] -- Installing: /home/ubuntu/workspace/ros_ur_driver/install/ur_controllers/share/ur_controllers/package.dsv
[8.660s] -- Installing: /home/ubuntu/workspace/ros_ur_driver/install/ur_controllers/share/ament_index/resource_index/packages/ur_controllers
[8.661s] -- Installing: /home/ubuntu/workspace/ros_ur_driver/install/ur_controllers/share/ament_index/resource_index/controller_interface__pluginlib__plugin/ur_controllers
[8.661s] -- Installing: /home/ubuntu/workspace/ros_ur_driver/install/ur_controllers/share/ur_controllers/cmake/ament_cmake_export_dependencies-extras.cmake
[8.661s] -- Installing: /home/ubuntu/workspace/ros_ur_driver/install/ur_controllers/share/ur_controllers/cmake/ament_cmake_export_include_directories-extras.cmake
[8.661s] -- Installing: /home/ubuntu/workspace/ros_ur_driver/install/ur_controllers/share/ur_controllers/cmake/ament_cmake_export_libraries-extras.cmake
[8.661s] -- Installing: /home/ubuntu/workspace/ros_ur_driver/install/ur_controllers/share/ur_controllers/cmake/ur_controllersConfig.cmake
[8.661s] -- Installing: /home/ubuntu/workspace/ros_ur_driver/install/ur_controllers/share/ur_controllers/cmake/ur_controllersConfig-version.cmake
[8.661s] -- Installing: /home/ubuntu/workspace/ros_ur_driver/install/ur_controllers/share/ur_controllers/package.xml
[8.662s] Invoked command in '/home/ubuntu/workspace/ros_ur_driver/build/ur_controllers' returned '0': CMAKE_PREFIX_PATH=/home/ubuntu/workspace/ros_ur_driver/install/ur_dashboard_msgs:/home/ubuntu/workspace/ros_ur_driver/install/z_efg_f_gripper_config:/home/ubuntu/workspace/ros_ur_driver/install/z_efg_f_gripper:/home/ubuntu/workspace/ros_ur_driver/install/ur:/home/ubuntu/workspace/ros_ur_driver/install/ur_calibration:/home/ubuntu/workspace/ros_ur_driver/install/ur_robot_driver:/home/ubuntu/workspace/ros_ur_driver/install/ur_moveit_config:/home/ubuntu/workspace/ros_ur_driver/install/ur_bringup:/home/ubuntu/workspace/ros_ur_driver/install/ur_description:/home/ubuntu/workspace/ros_ur_driver/install/ur_controllers:/home/ubuntu/workspace/ros_ur_driver/install/robotiq_ft_sensor:/opt/ros/humble LD_LIBRARY_PATH=/home/ubuntu/workspace/ros_ur_driver/install/ur_dashboard_msgs/lib:/home/ubuntu/workspace/ros_ur_driver/install/ur_robot_driver/lib:/home/ubuntu/workspace/ros_ur_driver/install/ur_controllers/lib:/usr/local/cuda-12.8/lib64:/usr/lib/x86_64-linux-gnu/gazebo-11/plugins:/opt/ros/humble/opt/rviz_ogre_vendor/lib:/opt/ros/humble/lib/x86_64-linux-gnu:/opt/ros/humble/lib:/usr/local/cuda-12.8/lib64 /usr/bin/cmake --install /home/ubuntu/workspace/ros_ur_driver/build/ur_controllers
