[0.008s] Invoking command in '/home/ubuntu/workspace/ros_ur_driver/build/z_efg_f_gripper': CMAKE_PREFIX_PATH=${CMAKE_PREFIX_PATH}:/opt/ros/humble /usr/bin/cmake --build /home/ubuntu/workspace/ros_ur_driver/build/z_efg_f_gripper -- -j20 -l20
[0.035s] Invoked command in '/home/ubuntu/workspace/ros_ur_driver/build/z_efg_f_gripper' returned '0': CMAKE_PREFIX_PATH=${CMAKE_PREFIX_PATH}:/opt/ros/humble /usr/bin/cmake --build /home/ubuntu/workspace/ros_ur_driver/build/z_efg_f_gripper -- -j20 -l20
[0.037s] Invoking command in '/home/ubuntu/workspace/ros_ur_driver/build/z_efg_f_gripper': CMAKE_PREFIX_PATH=${CMAKE_PREFIX_PATH}:/opt/ros/humble /usr/bin/cmake --install /home/ubuntu/workspace/ros_ur_driver/build/z_efg_f_gripper
[0.056s] -- Install configuration: ""
[0.056s] -- Up-to-date: /home/ubuntu/workspace/ros_ur_driver/install/z_efg_f_gripper/share/z_efg_f_gripper/urdf
[0.056s] -- Up-to-date: /home/ubuntu/workspace/ros_ur_driver/install/z_efg_f_gripper/share/z_efg_f_gripper/urdf/gripper_test.urdf
[0.056s] -- Up-to-date: /home/ubuntu/workspace/ros_ur_driver/install/z_efg_f_gripper/share/z_efg_f_gripper/urdf/gripper.urdf
[0.056s] -- Up-to-date: /home/ubuntu/workspace/ros_ur_driver/install/z_efg_f_gripper/share/z_efg_f_gripper/dae
[0.056s] -- Up-to-date: /home/ubuntu/workspace/ros_ur_driver/install/z_efg_f_gripper/share/z_efg_f_gripper/dae/link_finger_left.dae
[0.056s] -- Up-to-date: /home/ubuntu/workspace/ros_ur_driver/install/z_efg_f_gripper/share/z_efg_f_gripper/dae/link_finger_right.dae
[0.057s] -- Up-to-date: /home/ubuntu/workspace/ros_ur_driver/install/z_efg_f_gripper/share/z_efg_f_gripper/dae/base_link.dae
[0.057s] -- Up-to-date: /home/ubuntu/workspace/ros_ur_driver/install/z_efg_f_gripper/share/ament_index/resource_index/package_run_dependencies/z_efg_f_gripper
[0.057s] -- Up-to-date: /home/ubuntu/workspace/ros_ur_driver/install/z_efg_f_gripper/share/ament_index/resource_index/parent_prefix_path/z_efg_f_gripper
[0.057s] -- Up-to-date: /home/ubuntu/workspace/ros_ur_driver/install/z_efg_f_gripper/share/z_efg_f_gripper/environment/ament_prefix_path.sh
[0.057s] -- Up-to-date: /home/ubuntu/workspace/ros_ur_driver/install/z_efg_f_gripper/share/z_efg_f_gripper/environment/ament_prefix_path.dsv
[0.057s] -- Up-to-date: /home/ubuntu/workspace/ros_ur_driver/install/z_efg_f_gripper/share/z_efg_f_gripper/environment/path.sh
[0.057s] -- Up-to-date: /home/ubuntu/workspace/ros_ur_driver/install/z_efg_f_gripper/share/z_efg_f_gripper/environment/path.dsv
[0.057s] -- Up-to-date: /home/ubuntu/workspace/ros_ur_driver/install/z_efg_f_gripper/share/z_efg_f_gripper/local_setup.bash
[0.057s] -- Up-to-date: /home/ubuntu/workspace/ros_ur_driver/install/z_efg_f_gripper/share/z_efg_f_gripper/local_setup.sh
[0.057s] -- Up-to-date: /home/ubuntu/workspace/ros_ur_driver/install/z_efg_f_gripper/share/z_efg_f_gripper/local_setup.zsh
[0.057s] -- Up-to-date: /home/ubuntu/workspace/ros_ur_driver/install/z_efg_f_gripper/share/z_efg_f_gripper/local_setup.dsv
[0.057s] -- Installing: /home/ubuntu/workspace/ros_ur_driver/install/z_efg_f_gripper/share/z_efg_f_gripper/package.dsv
[0.057s] -- Up-to-date: /home/ubuntu/workspace/ros_ur_driver/install/z_efg_f_gripper/share/ament_index/resource_index/packages/z_efg_f_gripper
[0.057s] -- Up-to-date: /home/ubuntu/workspace/ros_ur_driver/install/z_efg_f_gripper/share/z_efg_f_gripper/cmake/z_efg_f_gripperConfig.cmake
[0.057s] -- Up-to-date: /home/ubuntu/workspace/ros_ur_driver/install/z_efg_f_gripper/share/z_efg_f_gripper/cmake/z_efg_f_gripperConfig-version.cmake
[0.057s] -- Up-to-date: /home/ubuntu/workspace/ros_ur_driver/install/z_efg_f_gripper/share/z_efg_f_gripper/package.xml
[0.068s] Invoked command in '/home/ubuntu/workspace/ros_ur_driver/build/z_efg_f_gripper' returned '0': CMAKE_PREFIX_PATH=${CMAKE_PREFIX_PATH}:/opt/ros/humble /usr/bin/cmake --install /home/ubuntu/workspace/ros_ur_driver/build/z_efg_f_gripper
