[0.010s] Invoking command in '/home/ubuntu/workspace/ros_ur_driver/build/ur_robot_driver': CMAKE_PREFIX_PATH=/home/ubuntu/workspace/ros_ur_driver/install/ur_controllers:/home/ubuntu/workspace/ros_ur_driver/install/ur_description:/home/ubuntu/workspace/ros_ur_driver/install/ur_dashboard_msgs:/home/ubuntu/workspace/ros_ur_driver/install/z_efg_f_gripper_config:/home/ubuntu/workspace/ros_ur_driver/install/z_efg_f_gripper:/home/ubuntu/workspace/ros_ur_driver/install/ur:/home/ubuntu/workspace/ros_ur_driver/install/ur_calibration:/home/ubuntu/workspace/ros_ur_driver/install/ur_robot_driver:/home/ubuntu/workspace/ros_ur_driver/install/ur_moveit_config:/home/ubuntu/workspace/ros_ur_driver/install/ur_bringup:/home/ubuntu/workspace/ros_ur_driver/install/robotiq_ft_sensor:/opt/ros/humble LD_LIBRARY_PATH=/home/ubuntu/workspace/ros_ur_driver/install/ur_controllers/lib:/home/ubuntu/workspace/ros_ur_driver/install/ur_dashboard_msgs/lib:/home/ubuntu/workspace/ros_ur_driver/install/ur_robot_driver/lib:/usr/local/cuda-12.8/lib64:/usr/lib/x86_64-linux-gnu/gazebo-11/plugins:/opt/ros/humble/opt/rviz_ogre_vendor/lib:/opt/ros/humble/lib/x86_64-linux-gnu:/opt/ros/humble/lib:/usr/local/cuda-12.8/lib64 /usr/bin/cmake --build /home/ubuntu/workspace/ros_ur_driver/build/ur_robot_driver -- -j20 -l20
[0.044s] [ 13%] Built target ament_cmake_python_copy_ur_robot_driver
[0.044s] [ 36%] Built target urscript_interface
[0.044s] [ 40%] Built target ur_ros2_control_node
[0.044s] [ 31%] Built target ur_robot_driver_plugin
[0.044s] [ 54%] Built target controller_stopper_node
[0.045s] [ 72%] Built target dashboard_client
[0.045s] [ 90%] Built target robot_state_helper
[0.045s] [100%] Built target trajectory_until_node
[0.130s] running egg_info
[0.136s] writing ur_robot_driver.egg-info/PKG-INFO
[0.136s] writing dependency_links to ur_robot_driver.egg-info/dependency_links.txt
[0.136s] writing top-level names to ur_robot_driver.egg-info/top_level.txt
[0.152s] reading manifest file 'ur_robot_driver.egg-info/SOURCES.txt'
[0.153s] writing manifest file 'ur_robot_driver.egg-info/SOURCES.txt'
[0.168s] [100%] Built target ament_cmake_python_build_ur_robot_driver_egg
[0.176s] Invoked command in '/home/ubuntu/workspace/ros_ur_driver/build/ur_robot_driver' returned '0': CMAKE_PREFIX_PATH=/home/ubuntu/workspace/ros_ur_driver/install/ur_controllers:/home/ubuntu/workspace/ros_ur_driver/install/ur_description:/home/ubuntu/workspace/ros_ur_driver/install/ur_dashboard_msgs:/home/ubuntu/workspace/ros_ur_driver/install/z_efg_f_gripper_config:/home/ubuntu/workspace/ros_ur_driver/install/z_efg_f_gripper:/home/ubuntu/workspace/ros_ur_driver/install/ur:/home/ubuntu/workspace/ros_ur_driver/install/ur_calibration:/home/ubuntu/workspace/ros_ur_driver/install/ur_robot_driver:/home/ubuntu/workspace/ros_ur_driver/install/ur_moveit_config:/home/ubuntu/workspace/ros_ur_driver/install/ur_bringup:/home/ubuntu/workspace/ros_ur_driver/install/robotiq_ft_sensor:/opt/ros/humble LD_LIBRARY_PATH=/home/ubuntu/workspace/ros_ur_driver/install/ur_controllers/lib:/home/ubuntu/workspace/ros_ur_driver/install/ur_dashboard_msgs/lib:/home/ubuntu/workspace/ros_ur_driver/install/ur_robot_driver/lib:/usr/local/cuda-12.8/lib64:/usr/lib/x86_64-linux-gnu/gazebo-11/plugins:/opt/ros/humble/opt/rviz_ogre_vendor/lib:/opt/ros/humble/lib/x86_64-linux-gnu:/opt/ros/humble/lib:/usr/local/cuda-12.8/lib64 /usr/bin/cmake --build /home/ubuntu/workspace/ros_ur_driver/build/ur_robot_driver -- -j20 -l20
[0.178s] Invoking command in '/home/ubuntu/workspace/ros_ur_driver/build/ur_robot_driver': CMAKE_PREFIX_PATH=/home/ubuntu/workspace/ros_ur_driver/install/ur_controllers:/home/ubuntu/workspace/ros_ur_driver/install/ur_description:/home/ubuntu/workspace/ros_ur_driver/install/ur_dashboard_msgs:/home/ubuntu/workspace/ros_ur_driver/install/z_efg_f_gripper_config:/home/ubuntu/workspace/ros_ur_driver/install/z_efg_f_gripper:/home/ubuntu/workspace/ros_ur_driver/install/ur:/home/ubuntu/workspace/ros_ur_driver/install/ur_calibration:/home/ubuntu/workspace/ros_ur_driver/install/ur_robot_driver:/home/ubuntu/workspace/ros_ur_driver/install/ur_moveit_config:/home/ubuntu/workspace/ros_ur_driver/install/ur_bringup:/home/ubuntu/workspace/ros_ur_driver/install/robotiq_ft_sensor:/opt/ros/humble LD_LIBRARY_PATH=/home/ubuntu/workspace/ros_ur_driver/install/ur_controllers/lib:/home/ubuntu/workspace/ros_ur_driver/install/ur_dashboard_msgs/lib:/home/ubuntu/workspace/ros_ur_driver/install/ur_robot_driver/lib:/usr/local/cuda-12.8/lib64:/usr/lib/x86_64-linux-gnu/gazebo-11/plugins:/opt/ros/humble/opt/rviz_ogre_vendor/lib:/opt/ros/humble/lib/x86_64-linux-gnu:/opt/ros/humble/lib:/usr/local/cuda-12.8/lib64 /usr/bin/cmake --install /home/ubuntu/workspace/ros_ur_driver/build/ur_robot_driver
[0.180s] -- Install configuration: "RelWithDebInfo"
[0.180s] -- Up-to-date: /home/ubuntu/workspace/ros_ur_driver/install/ur_robot_driver/share/ur_robot_driver/hardware_interface_plugin.xml
[0.180s] -- Up-to-date: /home/ubuntu/workspace/ros_ur_driver/install/ur_robot_driver/lib/ur_robot_driver/controller_stopper_node
[0.181s] -- Up-to-date: /home/ubuntu/workspace/ros_ur_driver/install/ur_robot_driver/lib/ur_robot_driver/dashboard_client
[0.181s] -- Up-to-date: /home/ubuntu/workspace/ros_ur_driver/install/ur_robot_driver/lib/ur_robot_driver/robot_state_helper
[0.181s] -- Up-to-date: /home/ubuntu/workspace/ros_ur_driver/install/ur_robot_driver/lib/ur_robot_driver/trajectory_until_node
[0.181s] -- Up-to-date: /home/ubuntu/workspace/ros_ur_driver/install/ur_robot_driver/lib/ur_robot_driver/ur_ros2_control_node
[0.181s] -- Up-to-date: /home/ubuntu/workspace/ros_ur_driver/install/ur_robot_driver/lib/ur_robot_driver/urscript_interface
[0.181s] -- Up-to-date: /home/ubuntu/workspace/ros_ur_driver/install/ur_robot_driver/lib/libur_robot_driver_plugin.so
[0.181s] -- Up-to-date: /home/ubuntu/workspace/ros_ur_driver/install/ur_robot_driver/include
[0.181s] -- Up-to-date: /home/ubuntu/workspace/ros_ur_driver/install/ur_robot_driver/include/ur_robot_driver
[0.181s] -- Up-to-date: /home/ubuntu/workspace/ros_ur_driver/install/ur_robot_driver/include/ur_robot_driver/hardware_interface.hpp
[0.181s] -- Up-to-date: /home/ubuntu/workspace/ros_ur_driver/install/ur_robot_driver/include/ur_robot_driver/trajectory_until_node.hpp
[0.181s] -- Up-to-date: /home/ubuntu/workspace/ros_ur_driver/install/ur_robot_driver/include/ur_robot_driver/dashboard_client_ros.hpp
[0.181s] -- Up-to-date: /home/ubuntu/workspace/ros_ur_driver/install/ur_robot_driver/include/ur_robot_driver/robot_state_helper.hpp
[0.181s] -- Up-to-date: /home/ubuntu/workspace/ros_ur_driver/install/ur_robot_driver/include/ur_robot_driver/urcl_log_handler.hpp
[0.181s] -- Up-to-date: /home/ubuntu/workspace/ros_ur_driver/install/ur_robot_driver/include/ur_robot_driver/controller_stopper.hpp
[0.181s] -- Up-to-date: /home/ubuntu/workspace/ros_ur_driver/install/ur_robot_driver/share/ur_robot_driver/environment/library_path.sh
[0.181s] -- Up-to-date: /home/ubuntu/workspace/ros_ur_driver/install/ur_robot_driver/share/ur_robot_driver/environment/library_path.dsv
[0.181s] -- Up-to-date: /home/ubuntu/workspace/ros_ur_driver/install/ur_robot_driver/share/ur_robot_driver/resources
[0.181s] -- Up-to-date: /home/ubuntu/workspace/ros_ur_driver/install/ur_robot_driver/share/ur_robot_driver/resources/rs485-1.0.urcap
[0.181s] -- Up-to-date: /home/ubuntu/workspace/ros_ur_driver/install/ur_robot_driver/share/ur_robot_driver/resources/rtde_output_recipe.txt
[0.181s] -- Up-to-date: /home/ubuntu/workspace/ros_ur_driver/install/ur_robot_driver/share/ur_robot_driver/resources/rtde_input_recipe.txt
[0.181s] -- Up-to-date: /home/ubuntu/workspace/ros_ur_driver/install/ur_robot_driver/share/ur_robot_driver/resources/ros_control.urscript
[0.181s] -- Up-to-date: /home/ubuntu/workspace/ros_ur_driver/install/ur_robot_driver/share/ur_robot_driver/resources/externalcontrol-1.0.5.urcap
[0.181s] -- Up-to-date: /home/ubuntu/workspace/ros_ur_driver/install/ur_robot_driver/include
[0.181s] -- Up-to-date: /home/ubuntu/workspace/ros_ur_driver/install/ur_robot_driver/include/ur_robot_driver
[0.181s] -- Up-to-date: /home/ubuntu/workspace/ros_ur_driver/install/ur_robot_driver/include/ur_robot_driver/hardware_interface.hpp
[0.182s] -- Up-to-date: /home/ubuntu/workspace/ros_ur_driver/install/ur_robot_driver/include/ur_robot_driver/trajectory_until_node.hpp
[0.182s] -- Up-to-date: /home/ubuntu/workspace/ros_ur_driver/install/ur_robot_driver/include/ur_robot_driver/dashboard_client_ros.hpp
[0.182s] -- Up-to-date: /home/ubuntu/workspace/ros_ur_driver/install/ur_robot_driver/include/ur_robot_driver/robot_state_helper.hpp
[0.182s] -- Up-to-date: /home/ubuntu/workspace/ros_ur_driver/install/ur_robot_driver/include/ur_robot_driver/urcl_log_handler.hpp
[0.182s] -- Up-to-date: /home/ubuntu/workspace/ros_ur_driver/install/ur_robot_driver/include/ur_robot_driver/controller_stopper.hpp
[0.182s] -- Up-to-date: /home/ubuntu/workspace/ros_ur_driver/install/ur_robot_driver/share/ur_robot_driver/environment/pythonpath.sh
[0.182s] -- Up-to-date: /home/ubuntu/workspace/ros_ur_driver/install/ur_robot_driver/share/ur_robot_driver/environment/pythonpath.dsv
[0.182s] -- Up-to-date: /home/ubuntu/workspace/ros_ur_driver/install/ur_robot_driver/local/lib/python3.10/dist-packages/ur_robot_driver-2.11.0-py3.10.egg-info
[0.182s] -- Installing: /home/ubuntu/workspace/ros_ur_driver/install/ur_robot_driver/local/lib/python3.10/dist-packages/ur_robot_driver-2.11.0-py3.10.egg-info/dependency_links.txt
[0.182s] -- Installing: /home/ubuntu/workspace/ros_ur_driver/install/ur_robot_driver/local/lib/python3.10/dist-packages/ur_robot_driver-2.11.0-py3.10.egg-info/SOURCES.txt
[0.182s] -- Installing: /home/ubuntu/workspace/ros_ur_driver/install/ur_robot_driver/local/lib/python3.10/dist-packages/ur_robot_driver-2.11.0-py3.10.egg-info/top_level.txt
[0.182s] -- Installing: /home/ubuntu/workspace/ros_ur_driver/install/ur_robot_driver/local/lib/python3.10/dist-packages/ur_robot_driver-2.11.0-py3.10.egg-info/PKG-INFO
[0.182s] -- Up-to-date: /home/ubuntu/workspace/ros_ur_driver/install/ur_robot_driver/local/lib/python3.10/dist-packages/ur_robot_driver
[0.182s] -- Up-to-date: /home/ubuntu/workspace/ros_ur_driver/install/ur_robot_driver/local/lib/python3.10/dist-packages/ur_robot_driver/__init__.py
[0.197s] Listing '/home/ubuntu/workspace/ros_ur_driver/install/ur_robot_driver/local/lib/python3.10/dist-packages/ur_robot_driver'...
[0.200s] -- Up-to-date: /home/ubuntu/workspace/ros_ur_driver/install/ur_robot_driver/lib/ur_robot_driver/tool_communication.py
[0.200s] -- Up-to-date: /home/ubuntu/workspace/ros_ur_driver/install/ur_robot_driver/lib/ur_robot_driver/example_move.py
[0.200s] -- Up-to-date: /home/ubuntu/workspace/ros_ur_driver/install/ur_robot_driver/lib/ur_robot_driver/start_ursim.sh
[0.200s] -- Up-to-date: /home/ubuntu/workspace/ros_ur_driver/install/ur_robot_driver/lib/ur_robot_driver/examples.py
[0.200s] -- Up-to-date: /home/ubuntu/workspace/ros_ur_driver/install/ur_robot_driver/lib/ur_robot_driver/force_mode.py
[0.200s] -- Up-to-date: /home/ubuntu/workspace/ros_ur_driver/install/ur_robot_driver/lib/ur_robot_driver/move_until_example.py
[0.200s] -- Up-to-date: /home/ubuntu/workspace/ros_ur_driver/install/ur_robot_driver/lib/ur_robot_driver/gripper_moveit_io_bridge.py
[0.200s] -- Up-to-date: /home/ubuntu/workspace/ros_ur_driver/install/ur_robot_driver/lib/ur_robot_driver/gripper_moveit_io_bridge1.py
[0.200s] -- Installing: /home/ubuntu/workspace/ros_ur_driver/install/ur_robot_driver/lib/ur_robot_driver/gripper_moveit_io_bridge2.py
[0.200s] -- Up-to-date: /home/ubuntu/workspace/ros_ur_driver/install/ur_robot_driver/lib/ur_robot_driver/gripper_test_service.py
[0.200s] -- Up-to-date: /home/ubuntu/workspace/ros_ur_driver/install/ur_robot_driver/bin/wait_dashboard_server.sh
[0.200s] -- Up-to-date: /home/ubuntu/workspace/ros_ur_driver/install/ur_robot_driver/lib/ur_robot_driver/start_ursim.sh
[0.200s] -- Up-to-date: /home/ubuntu/workspace/ros_ur_driver/install/ur_robot_driver/share/ur_robot_driver/config
[0.200s] -- Up-to-date: /home/ubuntu/workspace/ros_ur_driver/install/ur_robot_driver/share/ur_robot_driver/config/ur15_update_rate.yaml
[0.200s] -- Up-to-date: /home/ubuntu/workspace/ros_ur_driver/install/ur_robot_driver/share/ur_robot_driver/config/ur8long_update_rate.yaml
[0.200s] -- Up-to-date: /home/ubuntu/workspace/ros_ur_driver/install/ur_robot_driver/share/ur_robot_driver/config/ur10_update_rate.yaml
[0.200s] -- Up-to-date: /home/ubuntu/workspace/ros_ur_driver/install/ur_robot_driver/share/ur_robot_driver/config/test_velocity_goal_publishers_config.yaml
[0.200s] -- Up-to-date: /home/ubuntu/workspace/ros_ur_driver/install/ur_robot_driver/share/ur_robot_driver/config/ur20_update_rate.yaml
[0.200s] -- Up-to-date: /home/ubuntu/workspace/ros_ur_driver/install/ur_robot_driver/share/ur_robot_driver/config/ur3_update_rate.yaml
[0.200s] -- Up-to-date: /home/ubuntu/workspace/ros_ur_driver/install/ur_robot_driver/share/ur_robot_driver/config/ur5e_update_rate.yaml
[0.200s] -- Up-to-date: /home/ubuntu/workspace/ros_ur_driver/install/ur_robot_driver/share/ur_robot_driver/config/ur_controllers.yaml
[0.200s] -- Up-to-date: /home/ubuntu/workspace/ros_ur_driver/install/ur_robot_driver/share/ur_robot_driver/config/ur16e_update_rate.yaml
[0.200s] -- Up-to-date: /home/ubuntu/workspace/ros_ur_driver/install/ur_robot_driver/share/ur_robot_driver/config/ur10e_update_rate.yaml
[0.200s] -- Up-to-date: /home/ubuntu/workspace/ros_ur_driver/install/ur_robot_driver/share/ur_robot_driver/config/ur5_update_rate.yaml
[0.200s] -- Up-to-date: /home/ubuntu/workspace/ros_ur_driver/install/ur_robot_driver/share/ur_robot_driver/config/ur12e_update_rate.yaml
[0.200s] -- Up-to-date: /home/ubuntu/workspace/ros_ur_driver/install/ur_robot_driver/share/ur_robot_driver/config/ur30_update_rate.yaml
[0.200s] -- Up-to-date: /home/ubuntu/workspace/ros_ur_driver/install/ur_robot_driver/share/ur_robot_driver/config/test_goal_publishers_config.yaml
[0.200s] -- Up-to-date: /home/ubuntu/workspace/ros_ur_driver/install/ur_robot_driver/share/ur_robot_driver/config/ur18_update_rate.yaml
[0.200s] -- Up-to-date: /home/ubuntu/workspace/ros_ur_driver/install/ur_robot_driver/share/ur_robot_driver/config/ur7e_update_rate.yaml
[0.200s] -- Up-to-date: /home/ubuntu/workspace/ros_ur_driver/install/ur_robot_driver/share/ur_robot_driver/config/ur3e_update_rate.yaml
[0.200s] -- Up-to-date: /home/ubuntu/workspace/ros_ur_driver/install/ur_robot_driver/share/ur_robot_driver/launch
[0.200s] -- Up-to-date: /home/ubuntu/workspace/ros_ur_driver/install/ur_robot_driver/share/ur_robot_driver/launch/test_scaled_joint_trajectory_controller.launch.py
[0.200s] -- Up-to-date: /home/ubuntu/workspace/ros_ur_driver/install/ur_robot_driver/share/ur_robot_driver/launch/ur3e.launch.py
[0.200s] -- Up-to-date: /home/ubuntu/workspace/ros_ur_driver/install/ur_robot_driver/share/ur_robot_driver/launch/test_joint_trajectory_controller.launch.py
[0.200s] -- Up-to-date: /home/ubuntu/workspace/ros_ur_driver/install/ur_robot_driver/share/ur_robot_driver/launch/ur_dashboard_client.launch.py
[0.200s] -- Up-to-date: /home/ubuntu/workspace/ros_ur_driver/install/ur_robot_driver/share/ur_robot_driver/launch/ur30.launch.py
[0.200s] -- Up-to-date: /home/ubuntu/workspace/ros_ur_driver/install/ur_robot_driver/share/ur_robot_driver/launch/test_forward_velocity_controller.launch.py
[0.200s] -- Up-to-date: /home/ubuntu/workspace/ros_ur_driver/install/ur_robot_driver/share/ur_robot_driver/launch/ur12e.launch.py
[0.200s] -- Up-to-date: /home/ubuntu/workspace/ros_ur_driver/install/ur_robot_driver/share/ur_robot_driver/launch/ur_control.launch.py
[0.200s] -- Up-to-date: /home/ubuntu/workspace/ros_ur_driver/install/ur_robot_driver/share/ur_robot_driver/launch/ur5e.launch.py
[0.200s] -- Up-to-date: /home/ubuntu/workspace/ros_ur_driver/install/ur_robot_driver/share/ur_robot_driver/launch/ur7e.launch.py
[0.200s] -- Up-to-date: /home/ubuntu/workspace/ros_ur_driver/install/ur_robot_driver/share/ur_robot_driver/launch/ur5.launch.py
[0.200s] -- Up-to-date: /home/ubuntu/workspace/ros_ur_driver/install/ur_robot_driver/share/ur_robot_driver/launch/ur18.launch.py
[0.201s] -- Up-to-date: /home/ubuntu/workspace/ros_ur_driver/install/ur_robot_driver/share/ur_robot_driver/launch/ur15.launch.py
[0.201s] -- Up-to-date: /home/ubuntu/workspace/ros_ur_driver/install/ur_robot_driver/share/ur_robot_driver/launch/ur16e.launch.py
[0.201s] -- Up-to-date: /home/ubuntu/workspace/ros_ur_driver/install/ur_robot_driver/share/ur_robot_driver/launch/ur10.launch.py
[0.201s] -- Up-to-date: /home/ubuntu/workspace/ros_ur_driver/install/ur_robot_driver/share/ur_robot_driver/launch/ur10e.launch.py
[0.201s] -- Up-to-date: /home/ubuntu/workspace/ros_ur_driver/install/ur_robot_driver/share/ur_robot_driver/launch/ur20.launch.py
[0.201s] -- Up-to-date: /home/ubuntu/workspace/ros_ur_driver/install/ur_robot_driver/share/ur_robot_driver/launch/ur3.launch.py
[0.201s] -- Up-to-date: /home/ubuntu/workspace/ros_ur_driver/install/ur_robot_driver/share/ur_robot_driver/launch/ur8long.launch.py
[0.201s] -- Up-to-date: /home/ubuntu/workspace/ros_ur_driver/install/ur_robot_driver/share/ament_index/resource_index/package_run_dependencies/ur_robot_driver
[0.201s] -- Up-to-date: /home/ubuntu/workspace/ros_ur_driver/install/ur_robot_driver/share/ament_index/resource_index/parent_prefix_path/ur_robot_driver
[0.201s] -- Up-to-date: /home/ubuntu/workspace/ros_ur_driver/install/ur_robot_driver/share/ur_robot_driver/environment/ament_prefix_path.sh
[0.201s] -- Up-to-date: /home/ubuntu/workspace/ros_ur_driver/install/ur_robot_driver/share/ur_robot_driver/environment/ament_prefix_path.dsv
[0.201s] -- Up-to-date: /home/ubuntu/workspace/ros_ur_driver/install/ur_robot_driver/share/ur_robot_driver/environment/path.sh
[0.201s] -- Up-to-date: /home/ubuntu/workspace/ros_ur_driver/install/ur_robot_driver/share/ur_robot_driver/environment/path.dsv
[0.201s] -- Up-to-date: /home/ubuntu/workspace/ros_ur_driver/install/ur_robot_driver/share/ur_robot_driver/local_setup.bash
[0.201s] -- Up-to-date: /home/ubuntu/workspace/ros_ur_driver/install/ur_robot_driver/share/ur_robot_driver/local_setup.sh
[0.201s] -- Up-to-date: /home/ubuntu/workspace/ros_ur_driver/install/ur_robot_driver/share/ur_robot_driver/local_setup.zsh
[0.201s] -- Up-to-date: /home/ubuntu/workspace/ros_ur_driver/install/ur_robot_driver/share/ur_robot_driver/local_setup.dsv
[0.201s] -- Up-to-date: /home/ubuntu/workspace/ros_ur_driver/install/ur_robot_driver/share/ur_robot_driver/package.dsv
[0.201s] -- Up-to-date: /home/ubuntu/workspace/ros_ur_driver/install/ur_robot_driver/share/ament_index/resource_index/packages/ur_robot_driver
[0.202s] -- Up-to-date: /home/ubuntu/workspace/ros_ur_driver/install/ur_robot_driver/share/ament_index/resource_index/hardware_interface__pluginlib__plugin/ur_robot_driver
[0.202s] -- Up-to-date: /home/ubuntu/workspace/ros_ur_driver/install/ur_robot_driver/share/ur_robot_driver/cmake/ament_cmake_export_include_directories-extras.cmake
[0.202s] -- Up-to-date: /home/ubuntu/workspace/ros_ur_driver/install/ur_robot_driver/share/ur_robot_driver/cmake/ament_cmake_export_libraries-extras.cmake
[0.202s] -- Up-to-date: /home/ubuntu/workspace/ros_ur_driver/install/ur_robot_driver/share/ur_robot_driver/cmake/ament_cmake_export_dependencies-extras.cmake
[0.202s] -- Up-to-date: /home/ubuntu/workspace/ros_ur_driver/install/ur_robot_driver/share/ur_robot_driver/cmake/ur_robot_driverConfig.cmake
[0.202s] -- Up-to-date: /home/ubuntu/workspace/ros_ur_driver/install/ur_robot_driver/share/ur_robot_driver/cmake/ur_robot_driverConfig-version.cmake
[0.202s] -- Up-to-date: /home/ubuntu/workspace/ros_ur_driver/install/ur_robot_driver/share/ur_robot_driver/package.xml
[0.204s] Invoked command in '/home/ubuntu/workspace/ros_ur_driver/build/ur_robot_driver' returned '0': CMAKE_PREFIX_PATH=/home/ubuntu/workspace/ros_ur_driver/install/ur_controllers:/home/ubuntu/workspace/ros_ur_driver/install/ur_description:/home/ubuntu/workspace/ros_ur_driver/install/ur_dashboard_msgs:/home/ubuntu/workspace/ros_ur_driver/install/z_efg_f_gripper_config:/home/ubuntu/workspace/ros_ur_driver/install/z_efg_f_gripper:/home/ubuntu/workspace/ros_ur_driver/install/ur:/home/ubuntu/workspace/ros_ur_driver/install/ur_calibration:/home/ubuntu/workspace/ros_ur_driver/install/ur_robot_driver:/home/ubuntu/workspace/ros_ur_driver/install/ur_moveit_config:/home/ubuntu/workspace/ros_ur_driver/install/ur_bringup:/home/ubuntu/workspace/ros_ur_driver/install/robotiq_ft_sensor:/opt/ros/humble LD_LIBRARY_PATH=/home/ubuntu/workspace/ros_ur_driver/install/ur_controllers/lib:/home/ubuntu/workspace/ros_ur_driver/install/ur_dashboard_msgs/lib:/home/ubuntu/workspace/ros_ur_driver/install/ur_robot_driver/lib:/usr/local/cuda-12.8/lib64:/usr/lib/x86_64-linux-gnu/gazebo-11/plugins:/opt/ros/humble/opt/rviz_ogre_vendor/lib:/opt/ros/humble/lib/x86_64-linux-gnu:/opt/ros/humble/lib:/usr/local/cuda-12.8/lib64 /usr/bin/cmake --install /home/ubuntu/workspace/ros_ur_driver/build/ur_robot_driver
