[100%] Built target rq_sensor
-- Install configuration: ""
-- Up-to-date: /home/ubuntu/workspace/ros_ur_driver/install/robotiq_ft_sensor/lib/robotiq_ft_sensor/rq_sensor
-- Up-to-date: /home/ubuntu/workspace/ros_ur_driver/install/robotiq_ft_sensor/include/robotiq_ft_sensor
-- Up-to-date: /home/ubuntu/workspace/ros_ur_driver/install/robotiq_ft_sensor/include/robotiq_ft_sensor/rq_sensor_state.h
-- Up-to-date: /home/ubuntu/workspace/ros_ur_driver/install/robotiq_ft_sensor/include/robotiq_ft_sensor/rq_sensor_com.h
-- Up-to-date: /home/ubuntu/workspace/ros_ur_driver/install/robotiq_ft_sensor/include/robotiq_ft_sensor/rq_int.h
-- Up-to-date: /home/ubuntu/workspace/ros_ur_driver/install/robotiq_ft_sensor/share/robotiq_ft_sensor/urdf
-- Up-to-date: /home/ubuntu/workspace/ros_ur_driver/install/robotiq_ft_sensor/share/robotiq_ft_sensor/urdf/examples_of_macros
-- Up-to-date: /home/ubuntu/workspace/ros_ur_driver/install/robotiq_ft_sensor/share/robotiq_ft_sensor/urdf/examples_of_macros/example_use_robotiq_ft300.xacro
-- Up-to-date: /home/ubuntu/workspace/ros_ur_driver/install/robotiq_ft_sensor/share/robotiq_ft_sensor/urdf/robotiq_fts150.urdf.xacro
-- Up-to-date: /home/ubuntu/workspace/ros_ur_driver/install/robotiq_ft_sensor/share/robotiq_ft_sensor/urdf/robotiq_ft300.urdf.xacro
-- Up-to-date: /home/ubuntu/workspace/ros_ur_driver/install/robotiq_ft_sensor/share/robotiq_ft_sensor/meshes
-- Up-to-date: /home/ubuntu/workspace/ros_ur_driver/install/robotiq_ft_sensor/share/robotiq_ft_sensor/meshes/collision
-- Up-to-date: /home/ubuntu/workspace/ros_ur_driver/install/robotiq_ft_sensor/share/robotiq_ft_sensor/meshes/collision/robotiq_ft300.STL
-- Up-to-date: /home/ubuntu/workspace/ros_ur_driver/install/robotiq_ft_sensor/share/robotiq_ft_sensor/meshes/collision/robotiq_fts150.stl
-- Up-to-date: /home/ubuntu/workspace/ros_ur_driver/install/robotiq_ft_sensor/share/robotiq_ft_sensor/meshes/collision/mountings
-- Up-to-date: /home/ubuntu/workspace/ros_ur_driver/install/robotiq_ft_sensor/share/robotiq_ft_sensor/meshes/collision/mountings/robotiq_ft300-G-062-COUPLING_G-50-4M6-1D6_20181119.STL
-- Up-to-date: /home/ubuntu/workspace/ros_ur_driver/install/robotiq_ft_sensor/share/robotiq_ft_sensor/meshes/visual
-- Up-to-date: /home/ubuntu/workspace/ros_ur_driver/install/robotiq_ft_sensor/share/robotiq_ft_sensor/meshes/visual/robotiq_ft300.STL
-- Up-to-date: /home/ubuntu/workspace/ros_ur_driver/install/robotiq_ft_sensor/share/robotiq_ft_sensor/meshes/visual/robotiq_fts150.stl
-- Up-to-date: /home/ubuntu/workspace/ros_ur_driver/install/robotiq_ft_sensor/share/robotiq_ft_sensor/meshes/visual/mountings
-- Up-to-date: /home/ubuntu/workspace/ros_ur_driver/install/robotiq_ft_sensor/share/robotiq_ft_sensor/meshes/visual/mountings/robotiq_ft300-G-062-COUPLING_G-50-4M6-1D6_20181119.STL
-- Up-to-date: /home/ubuntu/workspace/ros_ur_driver/install/robotiq_ft_sensor/share/ament_index/resource_index/package_run_dependencies/robotiq_ft_sensor
-- Up-to-date: /home/ubuntu/workspace/ros_ur_driver/install/robotiq_ft_sensor/share/ament_index/resource_index/parent_prefix_path/robotiq_ft_sensor
-- Up-to-date: /home/ubuntu/workspace/ros_ur_driver/install/robotiq_ft_sensor/share/robotiq_ft_sensor/environment/ament_prefix_path.sh
-- Up-to-date: /home/ubuntu/workspace/ros_ur_driver/install/robotiq_ft_sensor/share/robotiq_ft_sensor/environment/ament_prefix_path.dsv
-- Up-to-date: /home/ubuntu/workspace/ros_ur_driver/install/robotiq_ft_sensor/share/robotiq_ft_sensor/environment/path.sh
-- Up-to-date: /home/ubuntu/workspace/ros_ur_driver/install/robotiq_ft_sensor/share/robotiq_ft_sensor/environment/path.dsv
-- Up-to-date: /home/ubuntu/workspace/ros_ur_driver/install/robotiq_ft_sensor/share/robotiq_ft_sensor/local_setup.bash
-- Up-to-date: /home/ubuntu/workspace/ros_ur_driver/install/robotiq_ft_sensor/share/robotiq_ft_sensor/local_setup.sh
-- Up-to-date: /home/ubuntu/workspace/ros_ur_driver/install/robotiq_ft_sensor/share/robotiq_ft_sensor/local_setup.zsh
-- Up-to-date: /home/ubuntu/workspace/ros_ur_driver/install/robotiq_ft_sensor/share/robotiq_ft_sensor/local_setup.dsv
-- Installing: /home/ubuntu/workspace/ros_ur_driver/install/robotiq_ft_sensor/share/robotiq_ft_sensor/package.dsv
-- Up-to-date: /home/ubuntu/workspace/ros_ur_driver/install/robotiq_ft_sensor/share/ament_index/resource_index/packages/robotiq_ft_sensor
-- Up-to-date: /home/ubuntu/workspace/ros_ur_driver/install/robotiq_ft_sensor/share/robotiq_ft_sensor/cmake/robotiq_ft_sensorConfig.cmake
-- Up-to-date: /home/ubuntu/workspace/ros_ur_driver/install/robotiq_ft_sensor/share/robotiq_ft_sensor/cmake/robotiq_ft_sensorConfig-version.cmake
-- Up-to-date: /home/ubuntu/workspace/ros_ur_driver/install/robotiq_ft_sensor/share/robotiq_ft_sensor/package.xml
