[0.014s] Invoking command in '/home/ubuntu/workspace/ros_ur_driver/build/robotiq_ft_sensor': CMAKE_PREFIX_PATH=${CMAKE_PREFIX_PATH}:/opt/ros/humble /usr/bin/cmake --build /home/ubuntu/workspace/ros_ur_driver/build/robotiq_ft_sensor -- -j20 -l20
[0.057s] [100%] Built target rq_sensor
[0.073s] Invoked command in '/home/ubuntu/workspace/ros_ur_driver/build/robotiq_ft_sensor' returned '0': CMAKE_PREFIX_PATH=${CMAKE_PREFIX_PATH}:/opt/ros/humble /usr/bin/cmake --build /home/ubuntu/workspace/ros_ur_driver/build/robotiq_ft_sensor -- -j20 -l20
[0.077s] Invoking command in '/home/ubuntu/workspace/ros_ur_driver/build/robotiq_ft_sensor': CMAKE_PREFIX_PATH=${CMAKE_PREFIX_PATH}:/opt/ros/humble /usr/bin/cmake --install /home/ubuntu/workspace/ros_ur_driver/build/robotiq_ft_sensor
[0.077s] -- Install configuration: ""
[0.077s] -- Up-to-date: /home/ubuntu/workspace/ros_ur_driver/install/robotiq_ft_sensor/lib/robotiq_ft_sensor/rq_sensor
[0.077s] -- Up-to-date: /home/ubuntu/workspace/ros_ur_driver/install/robotiq_ft_sensor/include/robotiq_ft_sensor
[0.077s] -- Up-to-date: /home/ubuntu/workspace/ros_ur_driver/install/robotiq_ft_sensor/include/robotiq_ft_sensor/rq_sensor_state.h
[0.077s] -- Up-to-date: /home/ubuntu/workspace/ros_ur_driver/install/robotiq_ft_sensor/include/robotiq_ft_sensor/rq_sensor_com.h
[0.079s] -- Up-to-date: /home/ubuntu/workspace/ros_ur_driver/install/robotiq_ft_sensor/include/robotiq_ft_sensor/rq_int.h
[0.079s] -- Up-to-date: /home/ubuntu/workspace/ros_ur_driver/install/robotiq_ft_sensor/share/robotiq_ft_sensor/urdf
[0.079s] -- Up-to-date: /home/ubuntu/workspace/ros_ur_driver/install/robotiq_ft_sensor/share/robotiq_ft_sensor/urdf/examples_of_macros
[0.079s] -- Up-to-date: /home/ubuntu/workspace/ros_ur_driver/install/robotiq_ft_sensor/share/robotiq_ft_sensor/urdf/examples_of_macros/example_use_robotiq_ft300.xacro
[0.079s] -- Up-to-date: /home/ubuntu/workspace/ros_ur_driver/install/robotiq_ft_sensor/share/robotiq_ft_sensor/urdf/robotiq_fts150.urdf.xacro
[0.079s] -- Up-to-date: /home/ubuntu/workspace/ros_ur_driver/install/robotiq_ft_sensor/share/robotiq_ft_sensor/urdf/robotiq_ft300.urdf.xacro
[0.079s] -- Up-to-date: /home/ubuntu/workspace/ros_ur_driver/install/robotiq_ft_sensor/share/robotiq_ft_sensor/meshes
[0.080s] -- Up-to-date: /home/ubuntu/workspace/ros_ur_driver/install/robotiq_ft_sensor/share/robotiq_ft_sensor/meshes/collision
[0.080s] -- Up-to-date: /home/ubuntu/workspace/ros_ur_driver/install/robotiq_ft_sensor/share/robotiq_ft_sensor/meshes/collision/robotiq_ft300.STL
[0.080s] -- Up-to-date: /home/ubuntu/workspace/ros_ur_driver/install/robotiq_ft_sensor/share/robotiq_ft_sensor/meshes/collision/robotiq_fts150.stl
[0.080s] -- Up-to-date: /home/ubuntu/workspace/ros_ur_driver/install/robotiq_ft_sensor/share/robotiq_ft_sensor/meshes/collision/mountings
[0.080s] -- Up-to-date: /home/ubuntu/workspace/ros_ur_driver/install/robotiq_ft_sensor/share/robotiq_ft_sensor/meshes/collision/mountings/robotiq_ft300-G-062-COUPLING_G-50-4M6-1D6_20181119.STL
[0.080s] -- Up-to-date: /home/ubuntu/workspace/ros_ur_driver/install/robotiq_ft_sensor/share/robotiq_ft_sensor/meshes/visual
[0.080s] -- Up-to-date: /home/ubuntu/workspace/ros_ur_driver/install/robotiq_ft_sensor/share/robotiq_ft_sensor/meshes/visual/robotiq_ft300.STL
[0.080s] -- Up-to-date: /home/ubuntu/workspace/ros_ur_driver/install/robotiq_ft_sensor/share/robotiq_ft_sensor/meshes/visual/robotiq_fts150.stl
[0.080s] -- Up-to-date: /home/ubuntu/workspace/ros_ur_driver/install/robotiq_ft_sensor/share/robotiq_ft_sensor/meshes/visual/mountings
[0.080s] -- Up-to-date: /home/ubuntu/workspace/ros_ur_driver/install/robotiq_ft_sensor/share/robotiq_ft_sensor/meshes/visual/mountings/robotiq_ft300-G-062-COUPLING_G-50-4M6-1D6_20181119.STL
[0.080s] -- Up-to-date: /home/ubuntu/workspace/ros_ur_driver/install/robotiq_ft_sensor/share/ament_index/resource_index/package_run_dependencies/robotiq_ft_sensor
[0.080s] -- Up-to-date: /home/ubuntu/workspace/ros_ur_driver/install/robotiq_ft_sensor/share/ament_index/resource_index/parent_prefix_path/robotiq_ft_sensor
[0.080s] -- Up-to-date: /home/ubuntu/workspace/ros_ur_driver/install/robotiq_ft_sensor/share/robotiq_ft_sensor/environment/ament_prefix_path.sh
[0.080s] -- Up-to-date: /home/ubuntu/workspace/ros_ur_driver/install/robotiq_ft_sensor/share/robotiq_ft_sensor/environment/ament_prefix_path.dsv
[0.080s] -- Up-to-date: /home/ubuntu/workspace/ros_ur_driver/install/robotiq_ft_sensor/share/robotiq_ft_sensor/environment/path.sh
[0.080s] -- Up-to-date: /home/ubuntu/workspace/ros_ur_driver/install/robotiq_ft_sensor/share/robotiq_ft_sensor/environment/path.dsv
[0.080s] -- Up-to-date: /home/ubuntu/workspace/ros_ur_driver/install/robotiq_ft_sensor/share/robotiq_ft_sensor/local_setup.bash
[0.080s] -- Up-to-date: /home/ubuntu/workspace/ros_ur_driver/install/robotiq_ft_sensor/share/robotiq_ft_sensor/local_setup.sh
[0.080s] -- Up-to-date: /home/ubuntu/workspace/ros_ur_driver/install/robotiq_ft_sensor/share/robotiq_ft_sensor/local_setup.zsh
[0.080s] -- Up-to-date: /home/ubuntu/workspace/ros_ur_driver/install/robotiq_ft_sensor/share/robotiq_ft_sensor/local_setup.dsv
[0.081s] -- Installing: /home/ubuntu/workspace/ros_ur_driver/install/robotiq_ft_sensor/share/robotiq_ft_sensor/package.dsv
[0.081s] -- Up-to-date: /home/ubuntu/workspace/ros_ur_driver/install/robotiq_ft_sensor/share/ament_index/resource_index/packages/robotiq_ft_sensor
[0.081s] -- Up-to-date: /home/ubuntu/workspace/ros_ur_driver/install/robotiq_ft_sensor/share/robotiq_ft_sensor/cmake/robotiq_ft_sensorConfig.cmake
[0.081s] -- Up-to-date: /home/ubuntu/workspace/ros_ur_driver/install/robotiq_ft_sensor/share/robotiq_ft_sensor/cmake/robotiq_ft_sensorConfig-version.cmake
[0.081s] -- Up-to-date: /home/ubuntu/workspace/ros_ur_driver/install/robotiq_ft_sensor/share/robotiq_ft_sensor/package.xml
[0.087s] Invoked command in '/home/ubuntu/workspace/ros_ur_driver/build/robotiq_ft_sensor' returned '0': CMAKE_PREFIX_PATH=${CMAKE_PREFIX_PATH}:/opt/ros/humble /usr/bin/cmake --install /home/ubuntu/workspace/ros_ur_driver/build/robotiq_ft_sensor
