[0.018s] Invoking command in '/home/ubuntu/workspace/ros_ur_driver/build/z_efg_f_gripper_config': CMAKE_PREFIX_PATH=/home/ubuntu/workspace/ros_ur_driver/install/z_efg_f_gripper:/home/ubuntu/workspace/ros_ur_driver/install/z_efg_f_gripper_config:/home/ubuntu/workspace/ros_ur_driver/install/ur:/home/ubuntu/workspace/ros_ur_driver/install/ur_calibration:/home/ubuntu/workspace/ros_ur_driver/install/ur_robot_driver:/home/ubuntu/workspace/ros_ur_driver/install/ur_moveit_config:/home/ubuntu/workspace/ros_ur_driver/install/ur_bringup:/home/ubuntu/workspace/ros_ur_driver/install/ur_description:/home/ubuntu/workspace/ros_ur_driver/install/ur_controllers:/home/ubuntu/workspace/ros_ur_driver/install/ur_dashboard_msgs:/home/ubuntu/workspace/ros_ur_driver/install/robotiq_ft_sensor:/opt/ros/humble /usr/bin/cmake --build /home/ubuntu/workspace/ros_ur_driver/build/z_efg_f_gripper_config -- -j20 -l20
[0.034s] Invoked command in '/home/ubuntu/workspace/ros_ur_driver/build/z_efg_f_gripper_config' returned '0': CMAKE_PREFIX_PATH=/home/ubuntu/workspace/ros_ur_driver/install/z_efg_f_gripper:/home/ubuntu/workspace/ros_ur_driver/install/z_efg_f_gripper_config:/home/ubuntu/workspace/ros_ur_driver/install/ur:/home/ubuntu/workspace/ros_ur_driver/install/ur_calibration:/home/ubuntu/workspace/ros_ur_driver/install/ur_robot_driver:/home/ubuntu/workspace/ros_ur_driver/install/ur_moveit_config:/home/ubuntu/workspace/ros_ur_driver/install/ur_bringup:/home/ubuntu/workspace/ros_ur_driver/install/ur_description:/home/ubuntu/workspace/ros_ur_driver/install/ur_controllers:/home/ubuntu/workspace/ros_ur_driver/install/ur_dashboard_msgs:/home/ubuntu/workspace/ros_ur_driver/install/robotiq_ft_sensor:/opt/ros/humble /usr/bin/cmake --build /home/ubuntu/workspace/ros_ur_driver/build/z_efg_f_gripper_config -- -j20 -l20
[0.039s] Invoking command in '/home/ubuntu/workspace/ros_ur_driver/build/z_efg_f_gripper_config': CMAKE_PREFIX_PATH=/home/ubuntu/workspace/ros_ur_driver/install/z_efg_f_gripper:/home/ubuntu/workspace/ros_ur_driver/install/z_efg_f_gripper_config:/home/ubuntu/workspace/ros_ur_driver/install/ur:/home/ubuntu/workspace/ros_ur_driver/install/ur_calibration:/home/ubuntu/workspace/ros_ur_driver/install/ur_robot_driver:/home/ubuntu/workspace/ros_ur_driver/install/ur_moveit_config:/home/ubuntu/workspace/ros_ur_driver/install/ur_bringup:/home/ubuntu/workspace/ros_ur_driver/install/ur_description:/home/ubuntu/workspace/ros_ur_driver/install/ur_controllers:/home/ubuntu/workspace/ros_ur_driver/install/ur_dashboard_msgs:/home/ubuntu/workspace/ros_ur_driver/install/robotiq_ft_sensor:/opt/ros/humble /usr/bin/cmake --install /home/ubuntu/workspace/ros_ur_driver/build/z_efg_f_gripper_config
[0.043s] -- Install configuration: ""
[0.043s] -- Up-to-date: /home/ubuntu/workspace/ros_ur_driver/install/z_efg_f_gripper_config/share/z_efg_f_gripper_config/launch
[0.043s] -- Up-to-date: /home/ubuntu/workspace/ros_ur_driver/install/z_efg_f_gripper_config/share/z_efg_f_gripper_config/launch/move_group.launch.py
[0.043s] -- Up-to-date: /home/ubuntu/workspace/ros_ur_driver/install/z_efg_f_gripper_config/share/z_efg_f_gripper_config/launch/demo.launch.py
[0.043s] -- Up-to-date: /home/ubuntu/workspace/ros_ur_driver/install/z_efg_f_gripper_config/share/z_efg_f_gripper_config/launch/rsp.launch.py
[0.043s] -- Up-to-date: /home/ubuntu/workspace/ros_ur_driver/install/z_efg_f_gripper_config/share/z_efg_f_gripper_config/launch/spawn_controllers.launch.py
[0.043s] -- Up-to-date: /home/ubuntu/workspace/ros_ur_driver/install/z_efg_f_gripper_config/share/z_efg_f_gripper_config/launch/static_virtual_joint_tfs.launch.py
[0.043s] -- Up-to-date: /home/ubuntu/workspace/ros_ur_driver/install/z_efg_f_gripper_config/share/z_efg_f_gripper_config/launch/warehouse_db.launch.py
[0.043s] -- Up-to-date: /home/ubuntu/workspace/ros_ur_driver/install/z_efg_f_gripper_config/share/z_efg_f_gripper_config/launch/setup_assistant.launch.py
[0.043s] -- Up-to-date: /home/ubuntu/workspace/ros_ur_driver/install/z_efg_f_gripper_config/share/z_efg_f_gripper_config/launch/moveit_rviz.launch.py
[0.043s] -- Up-to-date: /home/ubuntu/workspace/ros_ur_driver/install/z_efg_f_gripper_config/share/z_efg_f_gripper_config/config
[0.043s] -- Up-to-date: /home/ubuntu/workspace/ros_ur_driver/install/z_efg_f_gripper_config/share/z_efg_f_gripper_config/config/sensors_3d.yaml
[0.044s] -- Up-to-date: /home/ubuntu/workspace/ros_ur_driver/install/z_efg_f_gripper_config/share/z_efg_f_gripper_config/config/joint_limits.yaml
[0.044s] -- Up-to-date: /home/ubuntu/workspace/ros_ur_driver/install/z_efg_f_gripper_config/share/z_efg_f_gripper_config/config/moveit_controllers.yaml
[0.044s] -- Up-to-date: /home/ubuntu/workspace/ros_ur_driver/install/z_efg_f_gripper_config/share/z_efg_f_gripper_config/config/ros2_controllers.yaml
[0.044s] -- Up-to-date: /home/ubuntu/workspace/ros_ur_driver/install/z_efg_f_gripper_config/share/z_efg_f_gripper_config/config/z_efg_f_gripper.ros2_control.xacro
[0.044s] -- Up-to-date: /home/ubuntu/workspace/ros_ur_driver/install/z_efg_f_gripper_config/share/z_efg_f_gripper_config/config/pilz_cartesian_limits.yaml
[0.044s] -- Up-to-date: /home/ubuntu/workspace/ros_ur_driver/install/z_efg_f_gripper_config/share/z_efg_f_gripper_config/config/initial_positions.yaml
[0.044s] -- Up-to-date: /home/ubuntu/workspace/ros_ur_driver/install/z_efg_f_gripper_config/share/z_efg_f_gripper_config/config/z_efg_f_gripper.srdf
[0.044s] -- Up-to-date: /home/ubuntu/workspace/ros_ur_driver/install/z_efg_f_gripper_config/share/z_efg_f_gripper_config/config/kinematics.yaml
[0.044s] -- Up-to-date: /home/ubuntu/workspace/ros_ur_driver/install/z_efg_f_gripper_config/share/z_efg_f_gripper_config/config/z_efg_f_gripper.urdf.xacro
[0.044s] -- Up-to-date: /home/ubuntu/workspace/ros_ur_driver/install/z_efg_f_gripper_config/share/z_efg_f_gripper_config/.setup_assistant
[0.044s] -- Up-to-date: /home/ubuntu/workspace/ros_ur_driver/install/z_efg_f_gripper_config/share/ament_index/resource_index/package_run_dependencies/z_efg_f_gripper_config
[0.044s] -- Up-to-date: /home/ubuntu/workspace/ros_ur_driver/install/z_efg_f_gripper_config/share/ament_index/resource_index/parent_prefix_path/z_efg_f_gripper_config
[0.044s] -- Up-to-date: /home/ubuntu/workspace/ros_ur_driver/install/z_efg_f_gripper_config/share/z_efg_f_gripper_config/environment/ament_prefix_path.sh
[0.044s] -- Up-to-date: /home/ubuntu/workspace/ros_ur_driver/install/z_efg_f_gripper_config/share/z_efg_f_gripper_config/environment/ament_prefix_path.dsv
[0.044s] -- Up-to-date: /home/ubuntu/workspace/ros_ur_driver/install/z_efg_f_gripper_config/share/z_efg_f_gripper_config/environment/path.sh
[0.044s] -- Up-to-date: /home/ubuntu/workspace/ros_ur_driver/install/z_efg_f_gripper_config/share/z_efg_f_gripper_config/environment/path.dsv
[0.044s] -- Up-to-date: /home/ubuntu/workspace/ros_ur_driver/install/z_efg_f_gripper_config/share/z_efg_f_gripper_config/local_setup.bash
[0.044s] -- Up-to-date: /home/ubuntu/workspace/ros_ur_driver/install/z_efg_f_gripper_config/share/z_efg_f_gripper_config/local_setup.sh
[0.044s] -- Up-to-date: /home/ubuntu/workspace/ros_ur_driver/install/z_efg_f_gripper_config/share/z_efg_f_gripper_config/local_setup.zsh
[0.044s] -- Up-to-date: /home/ubuntu/workspace/ros_ur_driver/install/z_efg_f_gripper_config/share/z_efg_f_gripper_config/local_setup.dsv
[0.044s] -- Up-to-date: /home/ubuntu/workspace/ros_ur_driver/install/z_efg_f_gripper_config/share/z_efg_f_gripper_config/package.dsv
[0.044s] -- Up-to-date: /home/ubuntu/workspace/ros_ur_driver/install/z_efg_f_gripper_config/share/ament_index/resource_index/packages/z_efg_f_gripper_config
[0.045s] -- Up-to-date: /home/ubuntu/workspace/ros_ur_driver/install/z_efg_f_gripper_config/share/z_efg_f_gripper_config/cmake/z_efg_f_gripper_configConfig.cmake
[0.045s] -- Up-to-date: /home/ubuntu/workspace/ros_ur_driver/install/z_efg_f_gripper_config/share/z_efg_f_gripper_config/cmake/z_efg_f_gripper_configConfig-version.cmake
[0.045s] -- Up-to-date: /home/ubuntu/workspace/ros_ur_driver/install/z_efg_f_gripper_config/share/z_efg_f_gripper_config/package.xml
[0.045s] Invoked command in '/home/ubuntu/workspace/ros_ur_driver/build/z_efg_f_gripper_config' returned '0': CMAKE_PREFIX_PATH=/home/ubuntu/workspace/ros_ur_driver/install/z_efg_f_gripper:/home/ubuntu/workspace/ros_ur_driver/install/z_efg_f_gripper_config:/home/ubuntu/workspace/ros_ur_driver/install/ur:/home/ubuntu/workspace/ros_ur_driver/install/ur_calibration:/home/ubuntu/workspace/ros_ur_driver/install/ur_robot_driver:/home/ubuntu/workspace/ros_ur_driver/install/ur_moveit_config:/home/ubuntu/workspace/ros_ur_driver/install/ur_bringup:/home/ubuntu/workspace/ros_ur_driver/install/ur_description:/home/ubuntu/workspace/ros_ur_driver/install/ur_controllers:/home/ubuntu/workspace/ros_ur_driver/install/ur_dashboard_msgs:/home/ubuntu/workspace/ros_ur_driver/install/robotiq_ft_sensor:/opt/ros/humble /usr/bin/cmake --install /home/ubuntu/workspace/ros_ur_driver/build/z_efg_f_gripper_config
