[0.004s] Invoking command in '/home/ubuntu/workspace/ros_ur_driver/build/z_efg_f_gripper_config': CMAKE_PREFIX_PATH=/home/ubuntu/workspace/ros_ur_driver/install/z_efg_f_gripper:/home/ubuntu/workspace/ros_ur_driver/install/z_efg_f_gripper_config:/home/ubuntu/workspace/ros_ur_driver/install/ur:/home/ubuntu/workspace/ros_ur_driver/install/ur_calibration:/home/ubuntu/workspace/ros_ur_driver/install/ur_robot_driver:/home/ubuntu/workspace/ros_ur_driver/install/ur_moveit_config:/home/ubuntu/workspace/ros_ur_driver/install/ur_bringup:/home/ubuntu/workspace/ros_ur_driver/install/ur_description:/home/ubuntu/workspace/ros_ur_driver/install/ur_controllers:/home/ubuntu/workspace/ros_ur_driver/install/ur_dashboard_msgs:/home/ubuntu/workspace/ros_ur_driver/install/robotiq_ft_sensor:/opt/ros/humble /usr/bin/cmake /home/ubuntu/workspace/ros_ur_driver/src/z_efg_f_gripper_config -DCMAKE_INSTALL_PREFIX=/home/ubuntu/workspace/ros_ur_driver/install/z_efg_f_gripper_config
[0.033s] -- The C compiler identification is GNU 11.4.0
[0.070s] -- The CXX compiler identification is GNU 11.4.0
[0.075s] -- Detecting C compiler ABI info
[0.113s] -- Detecting C compiler ABI info - done
[0.113s] -- Check for working C compiler: /usr/bin/cc - skipped
[0.113s] -- Detecting C compile features
[0.113s] -- Detecting C compile features - done
[0.115s] -- Detecting CXX compiler ABI info
[0.169s] -- Detecting CXX compiler ABI info - done
[0.172s] -- Check for working CXX compiler: /usr/bin/c++ - skipped
[0.172s] -- Detecting CXX compile features
[0.172s] -- Detecting CXX compile features - done
[0.173s] -- Found ament_cmake: 1.3.12 (/opt/ros/humble/share/ament_cmake/cmake)
[0.358s] -- Found Python3: /usr/bin/python3 (found version "3.10.12") found components: Interpreter 
[0.401s] -- Found xacro: 2.1.1 (/opt/ros/humble/share/xacro/cmake)
[0.401s] -- Found z_efg_f_gripper: 0.0.0 (/home/ubuntu/workspace/ros_ur_driver/install/z_efg_f_gripper/share/z_efg_f_gripper/cmake)
[0.432s] -- Configuring done
[0.433s] -- Generating done
[0.435s] -- Build files have been written to: /home/ubuntu/workspace/ros_ur_driver/build/z_efg_f_gripper_config
[0.436s] Invoked command in '/home/ubuntu/workspace/ros_ur_driver/build/z_efg_f_gripper_config' returned '0': CMAKE_PREFIX_PATH=/home/ubuntu/workspace/ros_ur_driver/install/z_efg_f_gripper:/home/ubuntu/workspace/ros_ur_driver/install/z_efg_f_gripper_config:/home/ubuntu/workspace/ros_ur_driver/install/ur:/home/ubuntu/workspace/ros_ur_driver/install/ur_calibration:/home/ubuntu/workspace/ros_ur_driver/install/ur_robot_driver:/home/ubuntu/workspace/ros_ur_driver/install/ur_moveit_config:/home/ubuntu/workspace/ros_ur_driver/install/ur_bringup:/home/ubuntu/workspace/ros_ur_driver/install/ur_description:/home/ubuntu/workspace/ros_ur_driver/install/ur_controllers:/home/ubuntu/workspace/ros_ur_driver/install/ur_dashboard_msgs:/home/ubuntu/workspace/ros_ur_driver/install/robotiq_ft_sensor:/opt/ros/humble /usr/bin/cmake /home/ubuntu/workspace/ros_ur_driver/src/z_efg_f_gripper_config -DCMAKE_INSTALL_PREFIX=/home/ubuntu/workspace/ros_ur_driver/install/z_efg_f_gripper_config
[0.441s] Invoking command in '/home/ubuntu/workspace/ros_ur_driver/build/z_efg_f_gripper_config': CMAKE_PREFIX_PATH=/home/ubuntu/workspace/ros_ur_driver/install/z_efg_f_gripper:/home/ubuntu/workspace/ros_ur_driver/install/z_efg_f_gripper_config:/home/ubuntu/workspace/ros_ur_driver/install/ur:/home/ubuntu/workspace/ros_ur_driver/install/ur_calibration:/home/ubuntu/workspace/ros_ur_driver/install/ur_robot_driver:/home/ubuntu/workspace/ros_ur_driver/install/ur_moveit_config:/home/ubuntu/workspace/ros_ur_driver/install/ur_bringup:/home/ubuntu/workspace/ros_ur_driver/install/ur_description:/home/ubuntu/workspace/ros_ur_driver/install/ur_controllers:/home/ubuntu/workspace/ros_ur_driver/install/ur_dashboard_msgs:/home/ubuntu/workspace/ros_ur_driver/install/robotiq_ft_sensor:/opt/ros/humble /usr/bin/cmake --build /home/ubuntu/workspace/ros_ur_driver/build/z_efg_f_gripper_config -- -j20 -l20
[0.462s] Invoked command in '/home/ubuntu/workspace/ros_ur_driver/build/z_efg_f_gripper_config' returned '0': CMAKE_PREFIX_PATH=/home/ubuntu/workspace/ros_ur_driver/install/z_efg_f_gripper:/home/ubuntu/workspace/ros_ur_driver/install/z_efg_f_gripper_config:/home/ubuntu/workspace/ros_ur_driver/install/ur:/home/ubuntu/workspace/ros_ur_driver/install/ur_calibration:/home/ubuntu/workspace/ros_ur_driver/install/ur_robot_driver:/home/ubuntu/workspace/ros_ur_driver/install/ur_moveit_config:/home/ubuntu/workspace/ros_ur_driver/install/ur_bringup:/home/ubuntu/workspace/ros_ur_driver/install/ur_description:/home/ubuntu/workspace/ros_ur_driver/install/ur_controllers:/home/ubuntu/workspace/ros_ur_driver/install/ur_dashboard_msgs:/home/ubuntu/workspace/ros_ur_driver/install/robotiq_ft_sensor:/opt/ros/humble /usr/bin/cmake --build /home/ubuntu/workspace/ros_ur_driver/build/z_efg_f_gripper_config -- -j20 -l20
[0.463s] Invoking command in '/home/ubuntu/workspace/ros_ur_driver/build/z_efg_f_gripper_config': CMAKE_PREFIX_PATH=/home/ubuntu/workspace/ros_ur_driver/install/z_efg_f_gripper:/home/ubuntu/workspace/ros_ur_driver/install/z_efg_f_gripper_config:/home/ubuntu/workspace/ros_ur_driver/install/ur:/home/ubuntu/workspace/ros_ur_driver/install/ur_calibration:/home/ubuntu/workspace/ros_ur_driver/install/ur_robot_driver:/home/ubuntu/workspace/ros_ur_driver/install/ur_moveit_config:/home/ubuntu/workspace/ros_ur_driver/install/ur_bringup:/home/ubuntu/workspace/ros_ur_driver/install/ur_description:/home/ubuntu/workspace/ros_ur_driver/install/ur_controllers:/home/ubuntu/workspace/ros_ur_driver/install/ur_dashboard_msgs:/home/ubuntu/workspace/ros_ur_driver/install/robotiq_ft_sensor:/opt/ros/humble /usr/bin/cmake --install /home/ubuntu/workspace/ros_ur_driver/build/z_efg_f_gripper_config
[0.467s] -- Install configuration: ""
[0.467s] -- Installing: /home/ubuntu/workspace/ros_ur_driver/install/z_efg_f_gripper_config/share/z_efg_f_gripper_config/launch
[0.467s] -- Installing: /home/ubuntu/workspace/ros_ur_driver/install/z_efg_f_gripper_config/share/z_efg_f_gripper_config/launch/move_group.launch.py
[0.467s] -- Installing: /home/ubuntu/workspace/ros_ur_driver/install/z_efg_f_gripper_config/share/z_efg_f_gripper_config/launch/demo.launch.py
[0.467s] -- Installing: /home/ubuntu/workspace/ros_ur_driver/install/z_efg_f_gripper_config/share/z_efg_f_gripper_config/launch/rsp.launch.py
[0.467s] -- Installing: /home/ubuntu/workspace/ros_ur_driver/install/z_efg_f_gripper_config/share/z_efg_f_gripper_config/launch/spawn_controllers.launch.py
[0.467s] -- Installing: /home/ubuntu/workspace/ros_ur_driver/install/z_efg_f_gripper_config/share/z_efg_f_gripper_config/launch/static_virtual_joint_tfs.launch.py
[0.467s] -- Installing: /home/ubuntu/workspace/ros_ur_driver/install/z_efg_f_gripper_config/share/z_efg_f_gripper_config/launch/warehouse_db.launch.py
[0.467s] -- Installing: /home/ubuntu/workspace/ros_ur_driver/install/z_efg_f_gripper_config/share/z_efg_f_gripper_config/launch/setup_assistant.launch.py
[0.467s] -- Installing: /home/ubuntu/workspace/ros_ur_driver/install/z_efg_f_gripper_config/share/z_efg_f_gripper_config/launch/moveit_rviz.launch.py
[0.467s] -- Installing: /home/ubuntu/workspace/ros_ur_driver/install/z_efg_f_gripper_config/share/z_efg_f_gripper_config/config
[0.467s] -- Installing: /home/ubuntu/workspace/ros_ur_driver/install/z_efg_f_gripper_config/share/z_efg_f_gripper_config/config/sensors_3d.yaml
[0.467s] -- Installing: /home/ubuntu/workspace/ros_ur_driver/install/z_efg_f_gripper_config/share/z_efg_f_gripper_config/config/joint_limits.yaml
[0.467s] -- Installing: /home/ubuntu/workspace/ros_ur_driver/install/z_efg_f_gripper_config/share/z_efg_f_gripper_config/config/moveit_controllers.yaml
[0.467s] -- Installing: /home/ubuntu/workspace/ros_ur_driver/install/z_efg_f_gripper_config/share/z_efg_f_gripper_config/config/ros2_controllers.yaml
[0.467s] -- Installing: /home/ubuntu/workspace/ros_ur_driver/install/z_efg_f_gripper_config/share/z_efg_f_gripper_config/config/z_efg_f_gripper.ros2_control.xacro
[0.467s] -- Installing: /home/ubuntu/workspace/ros_ur_driver/install/z_efg_f_gripper_config/share/z_efg_f_gripper_config/config/pilz_cartesian_limits.yaml
[0.467s] -- Installing: /home/ubuntu/workspace/ros_ur_driver/install/z_efg_f_gripper_config/share/z_efg_f_gripper_config/config/initial_positions.yaml
[0.467s] -- Installing: /home/ubuntu/workspace/ros_ur_driver/install/z_efg_f_gripper_config/share/z_efg_f_gripper_config/config/z_efg_f_gripper.srdf
[0.467s] -- Installing: /home/ubuntu/workspace/ros_ur_driver/install/z_efg_f_gripper_config/share/z_efg_f_gripper_config/config/kinematics.yaml
[0.467s] -- Installing: /home/ubuntu/workspace/ros_ur_driver/install/z_efg_f_gripper_config/share/z_efg_f_gripper_config/config/z_efg_f_gripper.urdf.xacro
[0.467s] -- Installing: /home/ubuntu/workspace/ros_ur_driver/install/z_efg_f_gripper_config/share/z_efg_f_gripper_config/.setup_assistant
[0.468s] -- Installing: /home/ubuntu/workspace/ros_ur_driver/install/z_efg_f_gripper_config/share/ament_index/resource_index/package_run_dependencies/z_efg_f_gripper_config
[0.468s] -- Installing: /home/ubuntu/workspace/ros_ur_driver/install/z_efg_f_gripper_config/share/ament_index/resource_index/parent_prefix_path/z_efg_f_gripper_config
[0.468s] -- Installing: /home/ubuntu/workspace/ros_ur_driver/install/z_efg_f_gripper_config/share/z_efg_f_gripper_config/environment/ament_prefix_path.sh
[0.468s] -- Installing: /home/ubuntu/workspace/ros_ur_driver/install/z_efg_f_gripper_config/share/z_efg_f_gripper_config/environment/ament_prefix_path.dsv
[0.468s] -- Installing: /home/ubuntu/workspace/ros_ur_driver/install/z_efg_f_gripper_config/share/z_efg_f_gripper_config/environment/path.sh
[0.468s] -- Installing: /home/ubuntu/workspace/ros_ur_driver/install/z_efg_f_gripper_config/share/z_efg_f_gripper_config/environment/path.dsv
[0.468s] -- Installing: /home/ubuntu/workspace/ros_ur_driver/install/z_efg_f_gripper_config/share/z_efg_f_gripper_config/local_setup.bash
[0.468s] -- Installing: /home/ubuntu/workspace/ros_ur_driver/install/z_efg_f_gripper_config/share/z_efg_f_gripper_config/local_setup.sh
[0.468s] -- Installing: /home/ubuntu/workspace/ros_ur_driver/install/z_efg_f_gripper_config/share/z_efg_f_gripper_config/local_setup.zsh
[0.468s] -- Installing: /home/ubuntu/workspace/ros_ur_driver/install/z_efg_f_gripper_config/share/z_efg_f_gripper_config/local_setup.dsv
[0.468s] -- Installing: /home/ubuntu/workspace/ros_ur_driver/install/z_efg_f_gripper_config/share/z_efg_f_gripper_config/package.dsv
[0.468s] -- Installing: /home/ubuntu/workspace/ros_ur_driver/install/z_efg_f_gripper_config/share/ament_index/resource_index/packages/z_efg_f_gripper_config
[0.468s] -- Installing: /home/ubuntu/workspace/ros_ur_driver/install/z_efg_f_gripper_config/share/z_efg_f_gripper_config/cmake/z_efg_f_gripper_configConfig.cmake
[0.468s] -- Installing: /home/ubuntu/workspace/ros_ur_driver/install/z_efg_f_gripper_config/share/z_efg_f_gripper_config/cmake/z_efg_f_gripper_configConfig-version.cmake
[0.468s] -- Installing: /home/ubuntu/workspace/ros_ur_driver/install/z_efg_f_gripper_config/share/z_efg_f_gripper_config/package.xml
[0.469s] Invoked command in '/home/ubuntu/workspace/ros_ur_driver/build/z_efg_f_gripper_config' returned '0': CMAKE_PREFIX_PATH=/home/ubuntu/workspace/ros_ur_driver/install/z_efg_f_gripper:/home/ubuntu/workspace/ros_ur_driver/install/z_efg_f_gripper_config:/home/ubuntu/workspace/ros_ur_driver/install/ur:/home/ubuntu/workspace/ros_ur_driver/install/ur_calibration:/home/ubuntu/workspace/ros_ur_driver/install/ur_robot_driver:/home/ubuntu/workspace/ros_ur_driver/install/ur_moveit_config:/home/ubuntu/workspace/ros_ur_driver/install/ur_bringup:/home/ubuntu/workspace/ros_ur_driver/install/ur_description:/home/ubuntu/workspace/ros_ur_driver/install/ur_controllers:/home/ubuntu/workspace/ros_ur_driver/install/ur_dashboard_msgs:/home/ubuntu/workspace/ros_ur_driver/install/robotiq_ft_sensor:/opt/ros/humble /usr/bin/cmake --install /home/ubuntu/workspace/ros_ur_driver/build/z_efg_f_gripper_config
