[0.011s] Invoking command in '/home/ubuntu/workspace/ros_ur_driver/build/ur_robot_driver': CMAKE_PREFIX_PATH=/home/ubuntu/workspace/ros_ur_driver/install/ur_controllers:/home/ubuntu/workspace/ros_ur_driver/install/ur_description:/home/ubuntu/workspace/ros_ur_driver/install/ur_dashboard_msgs:/home/ubuntu/workspace/ros_ur_driver/install/z_efg_f_gripper_config:/home/ubuntu/workspace/ros_ur_driver/install/z_efg_f_gripper:/home/ubuntu/workspace/ros_ur_driver/install/ur:/home/ubuntu/workspace/ros_ur_driver/install/ur_calibration:/home/ubuntu/workspace/ros_ur_driver/install/ur_robot_driver:/home/ubuntu/workspace/ros_ur_driver/install/ur_moveit_config:/home/ubuntu/workspace/ros_ur_driver/install/ur_bringup:/home/ubuntu/workspace/ros_ur_driver/install/robotiq_ft_sensor:/opt/ros/humble LD_LIBRARY_PATH=/home/ubuntu/workspace/ros_ur_driver/install/ur_controllers/lib:/home/ubuntu/workspace/ros_ur_driver/install/ur_dashboard_msgs/lib:/home/ubuntu/workspace/ros_ur_driver/install/ur_robot_driver/lib:/usr/local/cuda-12.8/lib64:/usr/lib/x86_64-linux-gnu/gazebo-11/plugins:/opt/ros/humble/opt/rviz_ogre_vendor/lib:/opt/ros/humble/lib/x86_64-linux-gnu:/opt/ros/humble/lib:/usr/local/cuda-12.8/lib64 /usr/bin/cmake /home/ubuntu/workspace/ros_ur_driver/src/Universal_Robots_ROS2_Driver/ur_robot_driver -DCMAKE_INSTALL_PREFIX=/home/ubuntu/workspace/ros_ur_driver/install/ur_robot_driver
[0.046s] -- The C compiler identification is GNU 11.4.0
[0.073s] -- The CXX compiler identification is GNU 11.4.0
[0.077s] -- Detecting C compiler ABI info
[0.112s] -- Detecting C compiler ABI info - done
[0.115s] -- Check for working C compiler: /usr/bin/cc - skipped
[0.116s] -- Detecting C compile features
[0.116s] -- Detecting C compile features - done
[0.117s] -- Detecting CXX compiler ABI info
[0.157s] -- Detecting CXX compiler ABI info - done
[0.160s] -- Check for working CXX compiler: /usr/bin/c++ - skipped
[0.160s] -- Detecting CXX compile features
[0.161s] -- Detecting CXX compile features - done
[0.161s] [0mur_robot_driver: You did not request a specific build type: selecting 'RelWithDebInfo'.[0m
[0.162s] -- Found ament_cmake: 1.3.12 (/opt/ros/humble/share/ament_cmake/cmake)
[0.330s] -- Found Python3: /usr/bin/python3 (found version "3.10.12") found components: Interpreter 
[0.374s] -- Found controller_manager: 2.53.0 (/opt/ros/humble/share/controller_manager/cmake)
[0.397s] -- Found rosidl_generator_c: 3.1.8 (/opt/ros/humble/share/rosidl_generator_c/cmake)
[0.398s] -- Found rosidl_adapter: 3.1.8 (/opt/ros/humble/share/rosidl_adapter/cmake)
[0.402s] -- Found rosidl_generator_cpp: 3.1.8 (/opt/ros/humble/share/rosidl_generator_cpp/cmake)
[0.408s] -- Using all available rosidl_typesupport_c: rosidl_typesupport_fastrtps_c;rosidl_typesupport_introspection_c
[0.415s] -- Using all available rosidl_typesupport_cpp: rosidl_typesupport_fastrtps_cpp;rosidl_typesupport_introspection_cpp
[0.504s] -- Found rmw_implementation_cmake: 6.1.2 (/opt/ros/humble/share/rmw_implementation_cmake/cmake)
[0.506s] -- Found rmw_fastrtps_cpp: 6.2.9 (/opt/ros/humble/share/rmw_fastrtps_cpp/cmake)
[0.517s] -- Found TinyXML2 via Config file: TinyXML2_DIR-NOTFOUND
[0.557s] -- Found OpenSSL: /usr/lib/x86_64-linux-gnu/libcrypto.so (found version "3.0.2")  
[0.557s] -- Found TinyXML2 via Config file: TinyXML2_DIR-NOTFOUND
[0.564s] -- Found FastRTPS: /opt/ros/humble/include  
[0.566s] -- Found TinyXML2 via Config file: TinyXML2_DIR-NOTFOUND
[0.570s] -- Found TinyXML2 via Config file: TinyXML2_DIR-NOTFOUND
[0.575s] -- Using RMW implementation 'rmw_fastrtps_cpp' as default
[0.580s] -- Looking for pthread.h
[0.637s] -- Looking for pthread.h - found
[0.637s] -- Performing Test CMAKE_HAVE_LIBC_PTHREAD
[0.692s] -- Performing Test CMAKE_HAVE_LIBC_PTHREAD - Success
[0.692s] -- Found Threads: TRUE  
[0.728s] -- Found rclpy: 3.3.19 (/opt/ros/humble/share/rclpy/cmake)
[0.729s] -- Found std_srvs: 4.9.0 (/opt/ros/humble/share/std_srvs/cmake)
[0.734s] -- Found tf2_geometry_msgs: 0.25.18 (/opt/ros/humble/share/tf2_geometry_msgs/cmake)
[0.741s] -- Found eigen3_cmake_module: 0.1.1 (/opt/ros/humble/share/eigen3_cmake_module/cmake)
[0.741s] -- Found Eigen3: TRUE (found version "3.4.0") 
[0.741s] -- Ensuring Eigen3 include directory is part of orocos-kdl CMake target
[0.767s] -- Found ur_dashboard_msgs: 2.11.0 (/home/ubuntu/workspace/ros_ur_driver/install/ur_dashboard_msgs/share/ur_dashboard_msgs/cmake)
[0.774s] -- Found ur_msgs: 2.3.0 (/opt/ros/humble/share/ur_msgs/cmake)
[0.866s] -- Found ur_controllers: 2.11.0 (/home/ubuntu/workspace/ros_ur_driver/install/ur_controllers/share/ur_controllers/cmake)
[0.906s] -- Found ur_description: 2.9.0 (/home/ubuntu/workspace/ros_ur_driver/install/ur_description/share/ur_description/cmake)
[0.907s] -- Found launch_testing_ament_cmake: 1.0.13 (/opt/ros/humble/share/launch_testing_ament_cmake/cmake)
[0.908s] -- Found python_cmake_module: 0.10.0 (/opt/ros/humble/share/python_cmake_module/cmake)
[0.919s] -- Found PythonInterp: /usr/bin/python3 (found suitable version "3.10.12", minimum required is "3.6") 
[0.921s] -- Found PythonLibs: /usr/lib/x86_64-linux-gnu/libpython3.10.so (found suitable version "3.10.12", minimum required is "3.5") 
[0.921s] -- Using PYTHON_EXECUTABLE: /usr/bin/python3
[0.921s] -- Using PYTHON_INCLUDE_DIRS: /usr/include/python3.10
[0.921s] -- Using PYTHON_LIBRARIES: /usr/lib/x86_64-linux-gnu/libpython3.10.so
[0.933s] -- Found PythonExtra: .so  
[0.933s] -- Configuring done
[0.954s] -- Generating done
[0.962s] -- Build files have been written to: /home/ubuntu/workspace/ros_ur_driver/build/ur_robot_driver
[0.969s] Invoked command in '/home/ubuntu/workspace/ros_ur_driver/build/ur_robot_driver' returned '0': CMAKE_PREFIX_PATH=/home/ubuntu/workspace/ros_ur_driver/install/ur_controllers:/home/ubuntu/workspace/ros_ur_driver/install/ur_description:/home/ubuntu/workspace/ros_ur_driver/install/ur_dashboard_msgs:/home/ubuntu/workspace/ros_ur_driver/install/z_efg_f_gripper_config:/home/ubuntu/workspace/ros_ur_driver/install/z_efg_f_gripper:/home/ubuntu/workspace/ros_ur_driver/install/ur:/home/ubuntu/workspace/ros_ur_driver/install/ur_calibration:/home/ubuntu/workspace/ros_ur_driver/install/ur_robot_driver:/home/ubuntu/workspace/ros_ur_driver/install/ur_moveit_config:/home/ubuntu/workspace/ros_ur_driver/install/ur_bringup:/home/ubuntu/workspace/ros_ur_driver/install/robotiq_ft_sensor:/opt/ros/humble LD_LIBRARY_PATH=/home/ubuntu/workspace/ros_ur_driver/install/ur_controllers/lib:/home/ubuntu/workspace/ros_ur_driver/install/ur_dashboard_msgs/lib:/home/ubuntu/workspace/ros_ur_driver/install/ur_robot_driver/lib:/usr/local/cuda-12.8/lib64:/usr/lib/x86_64-linux-gnu/gazebo-11/plugins:/opt/ros/humble/opt/rviz_ogre_vendor/lib:/opt/ros/humble/lib/x86_64-linux-gnu:/opt/ros/humble/lib:/usr/local/cuda-12.8/lib64 /usr/bin/cmake /home/ubuntu/workspace/ros_ur_driver/src/Universal_Robots_ROS2_Driver/ur_robot_driver -DCMAKE_INSTALL_PREFIX=/home/ubuntu/workspace/ros_ur_driver/install/ur_robot_driver
[0.970s] Invoking command in '/home/ubuntu/workspace/ros_ur_driver/build/ur_robot_driver': CMAKE_PREFIX_PATH=/home/ubuntu/workspace/ros_ur_driver/install/ur_controllers:/home/ubuntu/workspace/ros_ur_driver/install/ur_description:/home/ubuntu/workspace/ros_ur_driver/install/ur_dashboard_msgs:/home/ubuntu/workspace/ros_ur_driver/install/z_efg_f_gripper_config:/home/ubuntu/workspace/ros_ur_driver/install/z_efg_f_gripper:/home/ubuntu/workspace/ros_ur_driver/install/ur:/home/ubuntu/workspace/ros_ur_driver/install/ur_calibration:/home/ubuntu/workspace/ros_ur_driver/install/ur_robot_driver:/home/ubuntu/workspace/ros_ur_driver/install/ur_moveit_config:/home/ubuntu/workspace/ros_ur_driver/install/ur_bringup:/home/ubuntu/workspace/ros_ur_driver/install/robotiq_ft_sensor:/opt/ros/humble LD_LIBRARY_PATH=/home/ubuntu/workspace/ros_ur_driver/install/ur_controllers/lib:/home/ubuntu/workspace/ros_ur_driver/install/ur_dashboard_msgs/lib:/home/ubuntu/workspace/ros_ur_driver/install/ur_robot_driver/lib:/usr/local/cuda-12.8/lib64:/usr/lib/x86_64-linux-gnu/gazebo-11/plugins:/opt/ros/humble/opt/rviz_ogre_vendor/lib:/opt/ros/humble/lib/x86_64-linux-gnu:/opt/ros/humble/lib:/usr/local/cuda-12.8/lib64 /usr/bin/cmake --build /home/ubuntu/workspace/ros_ur_driver/build/ur_robot_driver -- -j20 -l20
[1.003s] [  9%] [32mBuilding CXX object CMakeFiles/dashboard_client.dir/src/dashboard_client_ros.cpp.o[0m
[1.003s] [ 13%] [32mBuilding CXX object CMakeFiles/ur_robot_driver_plugin.dir/src/dashboard_client_ros.cpp.o[0m
[1.003s] [  9%] [32mBuilding CXX object CMakeFiles/dashboard_client.dir/src/dashboard_client_node.cpp.o[0m
[1.003s] [ 18%] [32mBuilding CXX object CMakeFiles/controller_stopper_node.dir/src/controller_stopper.cpp.o[0m
[1.003s] [ 22%] [32mBuilding CXX object CMakeFiles/urscript_interface.dir/src/urscript_interface.cpp.o[0m
[1.003s] [ 27%] [32mBuilding CXX object CMakeFiles/ur_robot_driver_plugin.dir/src/urcl_log_handler.cpp.o[0m
[1.003s] [ 36%] [32mBuilding CXX object CMakeFiles/ur_robot_driver_plugin.dir/src/hardware_interface.cpp.o[0m
[1.004s] [ 36%] [32mBuilding CXX object CMakeFiles/dashboard_client.dir/src/urcl_log_handler.cpp.o[0m
[1.004s] [ 40%] [32mBuilding CXX object CMakeFiles/controller_stopper_node.dir/src/controller_stopper_node.cpp.o[0m
[1.004s] [ 45%] [32mBuilding CXX object CMakeFiles/robot_state_helper.dir/src/robot_state_helper.cpp.o[0m
[1.004s] [ 59%] [32mBuilding CXX object CMakeFiles/robot_state_helper.dir/src/robot_state_helper_node.cpp.o[0m
[1.007s] [ 68%] Built target ament_cmake_python_copy_ur_robot_driver
[1.007s] [ 59%] [32mBuilding CXX object CMakeFiles/ur_robot_driver_plugin.dir/src/robot_state_helper.cpp.o[0m
[1.007s] [ 59%] [32mBuilding CXX object CMakeFiles/trajectory_until_node.dir/src/trajectory_until_node.cpp.o[0m
[1.012s] [ 63%] [32mBuilding CXX object CMakeFiles/robot_state_helper.dir/src/urcl_log_handler.cpp.o[0m
[1.012s] [ 68%] [32mBuilding CXX object CMakeFiles/ur_ros2_control_node.dir/src/ur_ros2_control_node.cpp.o[0m
[1.125s] running egg_info
[1.134s] creating ur_robot_driver.egg-info
[1.134s] writing ur_robot_driver.egg-info/PKG-INFO
[1.135s] writing dependency_links to ur_robot_driver.egg-info/dependency_links.txt
[1.135s] writing top-level names to ur_robot_driver.egg-info/top_level.txt
[1.135s] writing manifest file 'ur_robot_driver.egg-info/SOURCES.txt'
[1.160s] reading manifest file 'ur_robot_driver.egg-info/SOURCES.txt'
[1.160s] writing manifest file 'ur_robot_driver.egg-info/SOURCES.txt'
[1.183s] [ 68%] Built target ament_cmake_python_build_ur_robot_driver_egg
[4.427s] [ 72%] [32m[1mLinking CXX executable ur_ros2_control_node[0m
[4.509s] [ 72%] Built target ur_ros2_control_node
[8.071s] [ 77%] [32m[1mLinking CXX executable trajectory_until_node[0m
[8.184s] [ 77%] Built target trajectory_until_node
[8.596s] [ 81%] [32m[1mLinking CXX executable urscript_interface[0m
[8.758s] [ 81%] Built target urscript_interface
[10.279s] [ 86%] [32m[1mLinking CXX executable controller_stopper_node[0m
[10.458s] [ 86%] Built target controller_stopper_node
[11.802s] [ 90%] [32m[1mLinking CXX executable dashboard_client[0m
[11.999s] [ 90%] Built target dashboard_client
[15.723s] [ 95%] [32m[1mLinking CXX executable robot_state_helper[0m
[15.987s] [ 95%] Built target robot_state_helper
[16.145s] [100%] [32m[1mLinking CXX shared library libur_robot_driver_plugin.so[0m
[16.518s] [100%] Built target ur_robot_driver_plugin
[16.525s] Invoked command in '/home/ubuntu/workspace/ros_ur_driver/build/ur_robot_driver' returned '0': CMAKE_PREFIX_PATH=/home/ubuntu/workspace/ros_ur_driver/install/ur_controllers:/home/ubuntu/workspace/ros_ur_driver/install/ur_description:/home/ubuntu/workspace/ros_ur_driver/install/ur_dashboard_msgs:/home/ubuntu/workspace/ros_ur_driver/install/z_efg_f_gripper_config:/home/ubuntu/workspace/ros_ur_driver/install/z_efg_f_gripper:/home/ubuntu/workspace/ros_ur_driver/install/ur:/home/ubuntu/workspace/ros_ur_driver/install/ur_calibration:/home/ubuntu/workspace/ros_ur_driver/install/ur_robot_driver:/home/ubuntu/workspace/ros_ur_driver/install/ur_moveit_config:/home/ubuntu/workspace/ros_ur_driver/install/ur_bringup:/home/ubuntu/workspace/ros_ur_driver/install/robotiq_ft_sensor:/opt/ros/humble LD_LIBRARY_PATH=/home/ubuntu/workspace/ros_ur_driver/install/ur_controllers/lib:/home/ubuntu/workspace/ros_ur_driver/install/ur_dashboard_msgs/lib:/home/ubuntu/workspace/ros_ur_driver/install/ur_robot_driver/lib:/usr/local/cuda-12.8/lib64:/usr/lib/x86_64-linux-gnu/gazebo-11/plugins:/opt/ros/humble/opt/rviz_ogre_vendor/lib:/opt/ros/humble/lib/x86_64-linux-gnu:/opt/ros/humble/lib:/usr/local/cuda-12.8/lib64 /usr/bin/cmake --build /home/ubuntu/workspace/ros_ur_driver/build/ur_robot_driver -- -j20 -l20
[16.525s] Invoking command in '/home/ubuntu/workspace/ros_ur_driver/build/ur_robot_driver': CMAKE_PREFIX_PATH=/home/ubuntu/workspace/ros_ur_driver/install/ur_controllers:/home/ubuntu/workspace/ros_ur_driver/install/ur_description:/home/ubuntu/workspace/ros_ur_driver/install/ur_dashboard_msgs:/home/ubuntu/workspace/ros_ur_driver/install/z_efg_f_gripper_config:/home/ubuntu/workspace/ros_ur_driver/install/z_efg_f_gripper:/home/ubuntu/workspace/ros_ur_driver/install/ur:/home/ubuntu/workspace/ros_ur_driver/install/ur_calibration:/home/ubuntu/workspace/ros_ur_driver/install/ur_robot_driver:/home/ubuntu/workspace/ros_ur_driver/install/ur_moveit_config:/home/ubuntu/workspace/ros_ur_driver/install/ur_bringup:/home/ubuntu/workspace/ros_ur_driver/install/robotiq_ft_sensor:/opt/ros/humble LD_LIBRARY_PATH=/home/ubuntu/workspace/ros_ur_driver/install/ur_controllers/lib:/home/ubuntu/workspace/ros_ur_driver/install/ur_dashboard_msgs/lib:/home/ubuntu/workspace/ros_ur_driver/install/ur_robot_driver/lib:/usr/local/cuda-12.8/lib64:/usr/lib/x86_64-linux-gnu/gazebo-11/plugins:/opt/ros/humble/opt/rviz_ogre_vendor/lib:/opt/ros/humble/lib/x86_64-linux-gnu:/opt/ros/humble/lib:/usr/local/cuda-12.8/lib64 /usr/bin/cmake --install /home/ubuntu/workspace/ros_ur_driver/build/ur_robot_driver
[16.529s] -- Install configuration: "RelWithDebInfo"
[16.529s] -- Installing: /home/ubuntu/workspace/ros_ur_driver/install/ur_robot_driver/share/ur_robot_driver/hardware_interface_plugin.xml
[16.530s] -- Installing: /home/ubuntu/workspace/ros_ur_driver/install/ur_robot_driver/lib/ur_robot_driver/controller_stopper_node
[16.535s] -- Set runtime path of "/home/ubuntu/workspace/ros_ur_driver/install/ur_robot_driver/lib/ur_robot_driver/controller_stopper_node" to ""
[16.535s] -- Installing: /home/ubuntu/workspace/ros_ur_driver/install/ur_robot_driver/lib/ur_robot_driver/dashboard_client
[16.540s] -- Set runtime path of "/home/ubuntu/workspace/ros_ur_driver/install/ur_robot_driver/lib/ur_robot_driver/dashboard_client" to ""
[16.540s] -- Installing: /home/ubuntu/workspace/ros_ur_driver/install/ur_robot_driver/lib/ur_robot_driver/robot_state_helper
[16.551s] -- Set runtime path of "/home/ubuntu/workspace/ros_ur_driver/install/ur_robot_driver/lib/ur_robot_driver/robot_state_helper" to ""
[16.551s] -- Installing: /home/ubuntu/workspace/ros_ur_driver/install/ur_robot_driver/lib/ur_robot_driver/trajectory_until_node
[16.553s] -- Set runtime path of "/home/ubuntu/workspace/ros_ur_driver/install/ur_robot_driver/lib/ur_robot_driver/trajectory_until_node" to ""
[16.553s] -- Installing: /home/ubuntu/workspace/ros_ur_driver/install/ur_robot_driver/lib/ur_robot_driver/ur_ros2_control_node
[16.553s] -- Set runtime path of "/home/ubuntu/workspace/ros_ur_driver/install/ur_robot_driver/lib/ur_robot_driver/ur_ros2_control_node" to ""
[16.553s] -- Installing: /home/ubuntu/workspace/ros_ur_driver/install/ur_robot_driver/lib/ur_robot_driver/urscript_interface
[16.557s] -- Set runtime path of "/home/ubuntu/workspace/ros_ur_driver/install/ur_robot_driver/lib/ur_robot_driver/urscript_interface" to ""
[16.557s] -- Installing: /home/ubuntu/workspace/ros_ur_driver/install/ur_robot_driver/lib/libur_robot_driver_plugin.so
[16.577s] -- Set runtime path of "/home/ubuntu/workspace/ros_ur_driver/install/ur_robot_driver/lib/libur_robot_driver_plugin.so" to ""
[16.577s] -- Installing: /home/ubuntu/workspace/ros_ur_driver/install/ur_robot_driver/include
[16.577s] -- Installing: /home/ubuntu/workspace/ros_ur_driver/install/ur_robot_driver/include/ur_robot_driver
[16.577s] -- Installing: /home/ubuntu/workspace/ros_ur_driver/install/ur_robot_driver/include/ur_robot_driver/hardware_interface.hpp
[16.577s] -- Installing: /home/ubuntu/workspace/ros_ur_driver/install/ur_robot_driver/include/ur_robot_driver/trajectory_until_node.hpp
[16.577s] -- Installing: /home/ubuntu/workspace/ros_ur_driver/install/ur_robot_driver/include/ur_robot_driver/dashboard_client_ros.hpp
[16.577s] -- Installing: /home/ubuntu/workspace/ros_ur_driver/install/ur_robot_driver/include/ur_robot_driver/robot_state_helper.hpp
[16.577s] -- Installing: /home/ubuntu/workspace/ros_ur_driver/install/ur_robot_driver/include/ur_robot_driver/urcl_log_handler.hpp
[16.577s] -- Installing: /home/ubuntu/workspace/ros_ur_driver/install/ur_robot_driver/include/ur_robot_driver/controller_stopper.hpp
[16.577s] -- Installing: /home/ubuntu/workspace/ros_ur_driver/install/ur_robot_driver/share/ur_robot_driver/environment/library_path.sh
[16.577s] -- Installing: /home/ubuntu/workspace/ros_ur_driver/install/ur_robot_driver/share/ur_robot_driver/environment/library_path.dsv
[16.577s] -- Installing: /home/ubuntu/workspace/ros_ur_driver/install/ur_robot_driver/share/ur_robot_driver/resources
[16.577s] -- Installing: /home/ubuntu/workspace/ros_ur_driver/install/ur_robot_driver/share/ur_robot_driver/resources/rs485-1.0.urcap
[16.577s] -- Installing: /home/ubuntu/workspace/ros_ur_driver/install/ur_robot_driver/share/ur_robot_driver/resources/rtde_output_recipe.txt
[16.577s] -- Installing: /home/ubuntu/workspace/ros_ur_driver/install/ur_robot_driver/share/ur_robot_driver/resources/rtde_input_recipe.txt
[16.577s] -- Installing: /home/ubuntu/workspace/ros_ur_driver/install/ur_robot_driver/share/ur_robot_driver/resources/ros_control.urscript
[16.577s] -- Installing: /home/ubuntu/workspace/ros_ur_driver/install/ur_robot_driver/share/ur_robot_driver/resources/externalcontrol-1.0.5.urcap
[16.577s] -- Up-to-date: /home/ubuntu/workspace/ros_ur_driver/install/ur_robot_driver/include
[16.577s] -- Up-to-date: /home/ubuntu/workspace/ros_ur_driver/install/ur_robot_driver/include/ur_robot_driver
[16.577s] -- Up-to-date: /home/ubuntu/workspace/ros_ur_driver/install/ur_robot_driver/include/ur_robot_driver/hardware_interface.hpp
[16.577s] -- Up-to-date: /home/ubuntu/workspace/ros_ur_driver/install/ur_robot_driver/include/ur_robot_driver/trajectory_until_node.hpp
[16.577s] -- Up-to-date: /home/ubuntu/workspace/ros_ur_driver/install/ur_robot_driver/include/ur_robot_driver/dashboard_client_ros.hpp
[16.577s] -- Up-to-date: /home/ubuntu/workspace/ros_ur_driver/install/ur_robot_driver/include/ur_robot_driver/robot_state_helper.hpp
[16.577s] -- Up-to-date: /home/ubuntu/workspace/ros_ur_driver/install/ur_robot_driver/include/ur_robot_driver/urcl_log_handler.hpp
[16.577s] -- Up-to-date: /home/ubuntu/workspace/ros_ur_driver/install/ur_robot_driver/include/ur_robot_driver/controller_stopper.hpp
[16.577s] -- Installing: /home/ubuntu/workspace/ros_ur_driver/install/ur_robot_driver/share/ur_robot_driver/environment/pythonpath.sh
[16.577s] -- Installing: /home/ubuntu/workspace/ros_ur_driver/install/ur_robot_driver/share/ur_robot_driver/environment/pythonpath.dsv
[16.577s] -- Installing: /home/ubuntu/workspace/ros_ur_driver/install/ur_robot_driver/local/lib/python3.10/dist-packages/ur_robot_driver-2.11.0-py3.10.egg-info
[16.577s] -- Installing: /home/ubuntu/workspace/ros_ur_driver/install/ur_robot_driver/local/lib/python3.10/dist-packages/ur_robot_driver-2.11.0-py3.10.egg-info/dependency_links.txt
[16.577s] -- Installing: /home/ubuntu/workspace/ros_ur_driver/install/ur_robot_driver/local/lib/python3.10/dist-packages/ur_robot_driver-2.11.0-py3.10.egg-info/SOURCES.txt
[16.577s] -- Installing: /home/ubuntu/workspace/ros_ur_driver/install/ur_robot_driver/local/lib/python3.10/dist-packages/ur_robot_driver-2.11.0-py3.10.egg-info/top_level.txt
[16.577s] -- Installing: /home/ubuntu/workspace/ros_ur_driver/install/ur_robot_driver/local/lib/python3.10/dist-packages/ur_robot_driver-2.11.0-py3.10.egg-info/PKG-INFO
[16.578s] -- Installing: /home/ubuntu/workspace/ros_ur_driver/install/ur_robot_driver/local/lib/python3.10/dist-packages/ur_robot_driver
[16.578s] -- Installing: /home/ubuntu/workspace/ros_ur_driver/install/ur_robot_driver/local/lib/python3.10/dist-packages/ur_robot_driver/__init__.py
[16.594s] Listing '/home/ubuntu/workspace/ros_ur_driver/install/ur_robot_driver/local/lib/python3.10/dist-packages/ur_robot_driver'...
[16.594s] Compiling '/home/ubuntu/workspace/ros_ur_driver/install/ur_robot_driver/local/lib/python3.10/dist-packages/ur_robot_driver/__init__.py'...
[16.596s] -- Installing: /home/ubuntu/workspace/ros_ur_driver/install/ur_robot_driver/lib/ur_robot_driver/tool_communication.py
[16.596s] -- Installing: /home/ubuntu/workspace/ros_ur_driver/install/ur_robot_driver/lib/ur_robot_driver/example_move.py
[16.596s] -- Installing: /home/ubuntu/workspace/ros_ur_driver/install/ur_robot_driver/lib/ur_robot_driver/start_ursim.sh
[16.596s] -- Installing: /home/ubuntu/workspace/ros_ur_driver/install/ur_robot_driver/lib/ur_robot_driver/examples.py
[16.596s] -- Installing: /home/ubuntu/workspace/ros_ur_driver/install/ur_robot_driver/lib/ur_robot_driver/force_mode.py
[16.596s] -- Installing: /home/ubuntu/workspace/ros_ur_driver/install/ur_robot_driver/lib/ur_robot_driver/move_until_example.py
[16.596s] -- Installing: /home/ubuntu/workspace/ros_ur_driver/install/ur_robot_driver/lib/ur_robot_driver/gripper_moveit_io_bridge.py
[16.596s] -- Installing: /home/ubuntu/workspace/ros_ur_driver/install/ur_robot_driver/lib/ur_robot_driver/gripper_test_service.py
[16.596s] -- Installing: /home/ubuntu/workspace/ros_ur_driver/install/ur_robot_driver/bin/wait_dashboard_server.sh
[16.596s] -- Up-to-date: /home/ubuntu/workspace/ros_ur_driver/install/ur_robot_driver/lib/ur_robot_driver/start_ursim.sh
[16.596s] -- Installing: /home/ubuntu/workspace/ros_ur_driver/install/ur_robot_driver/share/ur_robot_driver/config
[16.596s] -- Installing: /home/ubuntu/workspace/ros_ur_driver/install/ur_robot_driver/share/ur_robot_driver/config/ur15_update_rate.yaml
[16.596s] -- Installing: /home/ubuntu/workspace/ros_ur_driver/install/ur_robot_driver/share/ur_robot_driver/config/ur8long_update_rate.yaml
[16.596s] -- Installing: /home/ubuntu/workspace/ros_ur_driver/install/ur_robot_driver/share/ur_robot_driver/config/ur10_update_rate.yaml
[16.596s] -- Installing: /home/ubuntu/workspace/ros_ur_driver/install/ur_robot_driver/share/ur_robot_driver/config/test_velocity_goal_publishers_config.yaml
[16.596s] -- Installing: /home/ubuntu/workspace/ros_ur_driver/install/ur_robot_driver/share/ur_robot_driver/config/ur20_update_rate.yaml
[16.596s] -- Installing: /home/ubuntu/workspace/ros_ur_driver/install/ur_robot_driver/share/ur_robot_driver/config/ur3_update_rate.yaml
[16.597s] -- Installing: /home/ubuntu/workspace/ros_ur_driver/install/ur_robot_driver/share/ur_robot_driver/config/ur5e_update_rate.yaml
[16.597s] -- Installing: /home/ubuntu/workspace/ros_ur_driver/install/ur_robot_driver/share/ur_robot_driver/config/ur_controllers.yaml
[16.597s] -- Installing: /home/ubuntu/workspace/ros_ur_driver/install/ur_robot_driver/share/ur_robot_driver/config/ur16e_update_rate.yaml
[16.597s] -- Installing: /home/ubuntu/workspace/ros_ur_driver/install/ur_robot_driver/share/ur_robot_driver/config/ur10e_update_rate.yaml
[16.597s] -- Installing: /home/ubuntu/workspace/ros_ur_driver/install/ur_robot_driver/share/ur_robot_driver/config/ur5_update_rate.yaml
[16.597s] -- Installing: /home/ubuntu/workspace/ros_ur_driver/install/ur_robot_driver/share/ur_robot_driver/config/ur12e_update_rate.yaml
[16.597s] -- Installing: /home/ubuntu/workspace/ros_ur_driver/install/ur_robot_driver/share/ur_robot_driver/config/ur30_update_rate.yaml
[16.597s] -- Installing: /home/ubuntu/workspace/ros_ur_driver/install/ur_robot_driver/share/ur_robot_driver/config/test_goal_publishers_config.yaml
[16.597s] -- Installing: /home/ubuntu/workspace/ros_ur_driver/install/ur_robot_driver/share/ur_robot_driver/config/ur18_update_rate.yaml
[16.597s] -- Installing: /home/ubuntu/workspace/ros_ur_driver/install/ur_robot_driver/share/ur_robot_driver/config/ur7e_update_rate.yaml
[16.597s] -- Installing: /home/ubuntu/workspace/ros_ur_driver/install/ur_robot_driver/share/ur_robot_driver/config/ur3e_update_rate.yaml
[16.597s] -- Installing: /home/ubuntu/workspace/ros_ur_driver/install/ur_robot_driver/share/ur_robot_driver/launch
[16.597s] -- Installing: /home/ubuntu/workspace/ros_ur_driver/install/ur_robot_driver/share/ur_robot_driver/launch/test_scaled_joint_trajectory_controller.launch.py
[16.597s] -- Installing: /home/ubuntu/workspace/ros_ur_driver/install/ur_robot_driver/share/ur_robot_driver/launch/ur3e.launch.py
[16.597s] -- Installing: /home/ubuntu/workspace/ros_ur_driver/install/ur_robot_driver/share/ur_robot_driver/launch/test_joint_trajectory_controller.launch.py
[16.597s] -- Installing: /home/ubuntu/workspace/ros_ur_driver/install/ur_robot_driver/share/ur_robot_driver/launch/ur_dashboard_client.launch.py
[16.597s] -- Installing: /home/ubuntu/workspace/ros_ur_driver/install/ur_robot_driver/share/ur_robot_driver/launch/ur30.launch.py
[16.597s] -- Installing: /home/ubuntu/workspace/ros_ur_driver/install/ur_robot_driver/share/ur_robot_driver/launch/test_forward_velocity_controller.launch.py
[16.597s] -- Installing: /home/ubuntu/workspace/ros_ur_driver/install/ur_robot_driver/share/ur_robot_driver/launch/ur12e.launch.py
[16.597s] -- Installing: /home/ubuntu/workspace/ros_ur_driver/install/ur_robot_driver/share/ur_robot_driver/launch/ur_control.launch.py
[16.597s] -- Installing: /home/ubuntu/workspace/ros_ur_driver/install/ur_robot_driver/share/ur_robot_driver/launch/ur5e.launch.py
[16.597s] -- Installing: /home/ubuntu/workspace/ros_ur_driver/install/ur_robot_driver/share/ur_robot_driver/launch/ur7e.launch.py
[16.597s] -- Installing: /home/ubuntu/workspace/ros_ur_driver/install/ur_robot_driver/share/ur_robot_driver/launch/ur5.launch.py
[16.597s] -- Installing: /home/ubuntu/workspace/ros_ur_driver/install/ur_robot_driver/share/ur_robot_driver/launch/ur18.launch.py
[16.597s] -- Installing: /home/ubuntu/workspace/ros_ur_driver/install/ur_robot_driver/share/ur_robot_driver/launch/ur15.launch.py
[16.597s] -- Installing: /home/ubuntu/workspace/ros_ur_driver/install/ur_robot_driver/share/ur_robot_driver/launch/ur16e.launch.py
[16.597s] -- Installing: /home/ubuntu/workspace/ros_ur_driver/install/ur_robot_driver/share/ur_robot_driver/launch/ur10.launch.py
[16.598s] -- Installing: /home/ubuntu/workspace/ros_ur_driver/install/ur_robot_driver/share/ur_robot_driver/launch/ur10e.launch.py
[16.598s] -- Installing: /home/ubuntu/workspace/ros_ur_driver/install/ur_robot_driver/share/ur_robot_driver/launch/ur20.launch.py
[16.598s] -- Installing: /home/ubuntu/workspace/ros_ur_driver/install/ur_robot_driver/share/ur_robot_driver/launch/ur3.launch.py
[16.598s] -- Installing: /home/ubuntu/workspace/ros_ur_driver/install/ur_robot_driver/share/ur_robot_driver/launch/ur8long.launch.py
[16.598s] -- Installing: /home/ubuntu/workspace/ros_ur_driver/install/ur_robot_driver/share/ament_index/resource_index/package_run_dependencies/ur_robot_driver
[16.598s] -- Installing: /home/ubuntu/workspace/ros_ur_driver/install/ur_robot_driver/share/ament_index/resource_index/parent_prefix_path/ur_robot_driver
[16.598s] -- Installing: /home/ubuntu/workspace/ros_ur_driver/install/ur_robot_driver/share/ur_robot_driver/environment/ament_prefix_path.sh
[16.598s] -- Installing: /home/ubuntu/workspace/ros_ur_driver/install/ur_robot_driver/share/ur_robot_driver/environment/ament_prefix_path.dsv
[16.598s] -- Installing: /home/ubuntu/workspace/ros_ur_driver/install/ur_robot_driver/share/ur_robot_driver/environment/path.sh
[16.598s] -- Installing: /home/ubuntu/workspace/ros_ur_driver/install/ur_robot_driver/share/ur_robot_driver/environment/path.dsv
[16.598s] -- Installing: /home/ubuntu/workspace/ros_ur_driver/install/ur_robot_driver/share/ur_robot_driver/local_setup.bash
[16.598s] -- Installing: /home/ubuntu/workspace/ros_ur_driver/install/ur_robot_driver/share/ur_robot_driver/local_setup.sh
[16.598s] -- Installing: /home/ubuntu/workspace/ros_ur_driver/install/ur_robot_driver/share/ur_robot_driver/local_setup.zsh
[16.598s] -- Installing: /home/ubuntu/workspace/ros_ur_driver/install/ur_robot_driver/share/ur_robot_driver/local_setup.dsv
[16.598s] -- Installing: /home/ubuntu/workspace/ros_ur_driver/install/ur_robot_driver/share/ur_robot_driver/package.dsv
[16.598s] -- Installing: /home/ubuntu/workspace/ros_ur_driver/install/ur_robot_driver/share/ament_index/resource_index/packages/ur_robot_driver
[16.598s] -- Installing: /home/ubuntu/workspace/ros_ur_driver/install/ur_robot_driver/share/ament_index/resource_index/hardware_interface__pluginlib__plugin/ur_robot_driver
[16.599s] -- Installing: /home/ubuntu/workspace/ros_ur_driver/install/ur_robot_driver/share/ur_robot_driver/cmake/ament_cmake_export_include_directories-extras.cmake
[16.599s] -- Installing: /home/ubuntu/workspace/ros_ur_driver/install/ur_robot_driver/share/ur_robot_driver/cmake/ament_cmake_export_libraries-extras.cmake
[16.599s] -- Installing: /home/ubuntu/workspace/ros_ur_driver/install/ur_robot_driver/share/ur_robot_driver/cmake/ament_cmake_export_dependencies-extras.cmake
[16.599s] -- Installing: /home/ubuntu/workspace/ros_ur_driver/install/ur_robot_driver/share/ur_robot_driver/cmake/ur_robot_driverConfig.cmake
[16.599s] -- Installing: /home/ubuntu/workspace/ros_ur_driver/install/ur_robot_driver/share/ur_robot_driver/cmake/ur_robot_driverConfig-version.cmake
[16.599s] -- Installing: /home/ubuntu/workspace/ros_ur_driver/install/ur_robot_driver/share/ur_robot_driver/package.xml
[16.600s] Invoked command in '/home/ubuntu/workspace/ros_ur_driver/build/ur_robot_driver' returned '0': CMAKE_PREFIX_PATH=/home/ubuntu/workspace/ros_ur_driver/install/ur_controllers:/home/ubuntu/workspace/ros_ur_driver/install/ur_description:/home/ubuntu/workspace/ros_ur_driver/install/ur_dashboard_msgs:/home/ubuntu/workspace/ros_ur_driver/install/z_efg_f_gripper_config:/home/ubuntu/workspace/ros_ur_driver/install/z_efg_f_gripper:/home/ubuntu/workspace/ros_ur_driver/install/ur:/home/ubuntu/workspace/ros_ur_driver/install/ur_calibration:/home/ubuntu/workspace/ros_ur_driver/install/ur_robot_driver:/home/ubuntu/workspace/ros_ur_driver/install/ur_moveit_config:/home/ubuntu/workspace/ros_ur_driver/install/ur_bringup:/home/ubuntu/workspace/ros_ur_driver/install/robotiq_ft_sensor:/opt/ros/humble LD_LIBRARY_PATH=/home/ubuntu/workspace/ros_ur_driver/install/ur_controllers/lib:/home/ubuntu/workspace/ros_ur_driver/install/ur_dashboard_msgs/lib:/home/ubuntu/workspace/ros_ur_driver/install/ur_robot_driver/lib:/usr/local/cuda-12.8/lib64:/usr/lib/x86_64-linux-gnu/gazebo-11/plugins:/opt/ros/humble/opt/rviz_ogre_vendor/lib:/opt/ros/humble/lib/x86_64-linux-gnu:/opt/ros/humble/lib:/usr/local/cuda-12.8/lib64 /usr/bin/cmake --install /home/ubuntu/workspace/ros_ur_driver/build/ur_robot_driver
