[0.014s] Invoking command in '/home/ubuntu/workspace/ros_ur_driver/build/ur_robot_driver': CMAKE_PREFIX_PATH=/home/ubuntu/workspace/ros_ur_driver/install/ur_controllers:/home/ubuntu/workspace/ros_ur_driver/install/ur_description:/home/ubuntu/workspace/ros_ur_driver/install/ur_dashboard_msgs:/home/ubuntu/workspace/ros_ur_driver/install/z_efg_f_gripper_config:/home/ubuntu/workspace/ros_ur_driver/install/z_efg_f_gripper:/home/ubuntu/workspace/ros_ur_driver/install/ur:/home/ubuntu/workspace/ros_ur_driver/install/ur_calibration:/home/ubuntu/workspace/ros_ur_driver/install/ur_robot_driver:/home/ubuntu/workspace/ros_ur_driver/install/ur_moveit_config:/home/ubuntu/workspace/ros_ur_driver/install/ur_bringup:/home/ubuntu/workspace/ros_ur_driver/install/robotiq_ft_sensor:/opt/ros/humble LD_LIBRARY_PATH=/home/ubuntu/workspace/ros_ur_driver/install/ur_controllers/lib:/home/ubuntu/workspace/ros_ur_driver/install/ur_dashboard_msgs/lib:/home/ubuntu/workspace/ros_ur_driver/install/ur_robot_driver/lib:/usr/local/cuda-12.8/lib64:/usr/lib/x86_64-linux-gnu/gazebo-11/plugins:/opt/ros/humble/opt/rviz_ogre_vendor/lib:/opt/ros/humble/lib/x86_64-linux-gnu:/opt/ros/humble/lib:/usr/local/cuda-12.8/lib64 /usr/bin/cmake --build /home/ubuntu/workspace/ros_ur_driver/build/ur_robot_driver -- -j20 -l20
[0.027s] [0mur_robot_driver: You did not request a specific build type: selecting 'RelWithDebInfo'.[0m
[0.030s] -- Found ament_cmake: 1.3.12 (/opt/ros/humble/share/ament_cmake/cmake)
[0.097s] -- Found controller_manager: 2.53.0 (/opt/ros/humble/share/controller_manager/cmake)
[0.109s] -- Found rosidl_generator_c: 3.1.8 (/opt/ros/humble/share/rosidl_generator_c/cmake)
[0.110s] -- Found rosidl_adapter: 3.1.8 (/opt/ros/humble/share/rosidl_adapter/cmake)
[0.113s] -- Found rosidl_generator_cpp: 3.1.8 (/opt/ros/humble/share/rosidl_generator_cpp/cmake)
[0.117s] -- Using all available rosidl_typesupport_c: rosidl_typesupport_fastrtps_c;rosidl_typesupport_introspection_c
[0.122s] -- Using all available rosidl_typesupport_cpp: rosidl_typesupport_fastrtps_cpp;rosidl_typesupport_introspection_cpp
[0.193s] -- Found rmw_implementation_cmake: 6.1.2 (/opt/ros/humble/share/rmw_implementation_cmake/cmake)
[0.194s] -- Found rmw_fastrtps_cpp: 6.2.9 (/opt/ros/humble/share/rmw_fastrtps_cpp/cmake)
[0.201s] -- Found TinyXML2 via Config file: TinyXML2_DIR-NOTFOUND
[0.206s] -- Found TinyXML2 via Config file: TinyXML2_DIR-NOTFOUND
[0.215s] -- Found TinyXML2 via Config file: TinyXML2_DIR-NOTFOUND
[0.219s] -- Found TinyXML2 via Config file: TinyXML2_DIR-NOTFOUND
[0.225s] -- Using RMW implementation 'rmw_fastrtps_cpp' as default
[0.256s] -- Found rclpy: 3.3.19 (/opt/ros/humble/share/rclpy/cmake)
[0.257s] -- Found std_srvs: 4.9.0 (/opt/ros/humble/share/std_srvs/cmake)
[0.260s] -- Found tf2_geometry_msgs: 0.25.18 (/opt/ros/humble/share/tf2_geometry_msgs/cmake)
[0.261s] -- Found eigen3_cmake_module: 0.1.1 (/opt/ros/humble/share/eigen3_cmake_module/cmake)
[0.262s] -- Ensuring Eigen3 include directory is part of orocos-kdl CMake target
[0.282s] -- Found ur_dashboard_msgs: 2.11.0 (/home/ubuntu/workspace/ros_ur_driver/install/ur_dashboard_msgs/share/ur_dashboard_msgs/cmake)
[0.289s] -- Found ur_msgs: 2.3.0 (/opt/ros/humble/share/ur_msgs/cmake)
[0.371s] -- Found ur_controllers: 2.11.0 (/home/ubuntu/workspace/ros_ur_driver/install/ur_controllers/share/ur_controllers/cmake)
[0.404s] -- Found ur_description: 2.9.0 (/home/ubuntu/workspace/ros_ur_driver/install/ur_description/share/ur_description/cmake)
[0.404s] -- Found launch_testing_ament_cmake: 1.0.13 (/opt/ros/humble/share/launch_testing_ament_cmake/cmake)
[0.404s] -- Found python_cmake_module: 0.10.0 (/opt/ros/humble/share/python_cmake_module/cmake)
[0.416s] -- Using PYTHON_EXECUTABLE: /usr/bin/python3
[0.416s] -- Using PYTHON_INCLUDE_DIRS: /usr/include/python3.10
[0.416s] -- Using PYTHON_LIBRARIES: /usr/lib/x86_64-linux-gnu/libpython3.10.so
[0.417s] -- Configuring done
[0.438s] -- Generating done
[0.447s] -- Build files have been written to: /home/ubuntu/workspace/ros_ur_driver/build/ur_robot_driver
[0.468s] [35m[1mConsolidate compiler generated dependencies of target ur_ros2_control_node[0m
[0.470s] [35m[1mConsolidate compiler generated dependencies of target controller_stopper_node[0m
[0.470s] [35m[1mConsolidate compiler generated dependencies of target ur_robot_driver_plugin[0m
[0.470s] [35m[1mConsolidate compiler generated dependencies of target dashboard_client[0m
[0.470s] [35m[1mConsolidate compiler generated dependencies of target trajectory_until_node[0m
[0.471s] [35m[1mConsolidate compiler generated dependencies of target robot_state_helper[0m
[0.472s] [35m[1mConsolidate compiler generated dependencies of target urscript_interface[0m
[0.477s] [  9%] Built target ur_ros2_control_node
[0.477s] [  9%] Built target ament_cmake_python_copy_ur_robot_driver
[0.479s] [ 22%] Built target controller_stopper_node
[0.479s] [ 31%] Built target trajectory_until_node
[0.480s] [ 50%] Built target dashboard_client
[0.480s] [ 59%] Built target urscript_interface
[0.481s] [ 77%] Built target robot_state_helper
[0.481s] [100%] Built target ur_robot_driver_plugin
[0.565s] running egg_info
[0.571s] writing ur_robot_driver.egg-info/PKG-INFO
[0.571s] writing dependency_links to ur_robot_driver.egg-info/dependency_links.txt
[0.571s] writing top-level names to ur_robot_driver.egg-info/top_level.txt
[0.587s] reading manifest file 'ur_robot_driver.egg-info/SOURCES.txt'
[0.588s] writing manifest file 'ur_robot_driver.egg-info/SOURCES.txt'
[0.603s] [100%] Built target ament_cmake_python_build_ur_robot_driver_egg
[0.611s] Invoked command in '/home/ubuntu/workspace/ros_ur_driver/build/ur_robot_driver' returned '0': CMAKE_PREFIX_PATH=/home/ubuntu/workspace/ros_ur_driver/install/ur_controllers:/home/ubuntu/workspace/ros_ur_driver/install/ur_description:/home/ubuntu/workspace/ros_ur_driver/install/ur_dashboard_msgs:/home/ubuntu/workspace/ros_ur_driver/install/z_efg_f_gripper_config:/home/ubuntu/workspace/ros_ur_driver/install/z_efg_f_gripper:/home/ubuntu/workspace/ros_ur_driver/install/ur:/home/ubuntu/workspace/ros_ur_driver/install/ur_calibration:/home/ubuntu/workspace/ros_ur_driver/install/ur_robot_driver:/home/ubuntu/workspace/ros_ur_driver/install/ur_moveit_config:/home/ubuntu/workspace/ros_ur_driver/install/ur_bringup:/home/ubuntu/workspace/ros_ur_driver/install/robotiq_ft_sensor:/opt/ros/humble LD_LIBRARY_PATH=/home/ubuntu/workspace/ros_ur_driver/install/ur_controllers/lib:/home/ubuntu/workspace/ros_ur_driver/install/ur_dashboard_msgs/lib:/home/ubuntu/workspace/ros_ur_driver/install/ur_robot_driver/lib:/usr/local/cuda-12.8/lib64:/usr/lib/x86_64-linux-gnu/gazebo-11/plugins:/opt/ros/humble/opt/rviz_ogre_vendor/lib:/opt/ros/humble/lib/x86_64-linux-gnu:/opt/ros/humble/lib:/usr/local/cuda-12.8/lib64 /usr/bin/cmake --build /home/ubuntu/workspace/ros_ur_driver/build/ur_robot_driver -- -j20 -l20
[0.612s] Invoking command in '/home/ubuntu/workspace/ros_ur_driver/build/ur_robot_driver': CMAKE_PREFIX_PATH=/home/ubuntu/workspace/ros_ur_driver/install/ur_controllers:/home/ubuntu/workspace/ros_ur_driver/install/ur_description:/home/ubuntu/workspace/ros_ur_driver/install/ur_dashboard_msgs:/home/ubuntu/workspace/ros_ur_driver/install/z_efg_f_gripper_config:/home/ubuntu/workspace/ros_ur_driver/install/z_efg_f_gripper:/home/ubuntu/workspace/ros_ur_driver/install/ur:/home/ubuntu/workspace/ros_ur_driver/install/ur_calibration:/home/ubuntu/workspace/ros_ur_driver/install/ur_robot_driver:/home/ubuntu/workspace/ros_ur_driver/install/ur_moveit_config:/home/ubuntu/workspace/ros_ur_driver/install/ur_bringup:/home/ubuntu/workspace/ros_ur_driver/install/robotiq_ft_sensor:/opt/ros/humble LD_LIBRARY_PATH=/home/ubuntu/workspace/ros_ur_driver/install/ur_controllers/lib:/home/ubuntu/workspace/ros_ur_driver/install/ur_dashboard_msgs/lib:/home/ubuntu/workspace/ros_ur_driver/install/ur_robot_driver/lib:/usr/local/cuda-12.8/lib64:/usr/lib/x86_64-linux-gnu/gazebo-11/plugins:/opt/ros/humble/opt/rviz_ogre_vendor/lib:/opt/ros/humble/lib/x86_64-linux-gnu:/opt/ros/humble/lib:/usr/local/cuda-12.8/lib64 /usr/bin/cmake --install /home/ubuntu/workspace/ros_ur_driver/build/ur_robot_driver
[0.616s] -- Install configuration: "RelWithDebInfo"
[0.616s] -- Up-to-date: /home/ubuntu/workspace/ros_ur_driver/install/ur_robot_driver/share/ur_robot_driver/hardware_interface_plugin.xml
[0.616s] -- Up-to-date: /home/ubuntu/workspace/ros_ur_driver/install/ur_robot_driver/lib/ur_robot_driver/controller_stopper_node
[0.616s] -- Up-to-date: /home/ubuntu/workspace/ros_ur_driver/install/ur_robot_driver/lib/ur_robot_driver/dashboard_client
[0.616s] -- Up-to-date: /home/ubuntu/workspace/ros_ur_driver/install/ur_robot_driver/lib/ur_robot_driver/robot_state_helper
[0.616s] -- Up-to-date: /home/ubuntu/workspace/ros_ur_driver/install/ur_robot_driver/lib/ur_robot_driver/trajectory_until_node
[0.616s] -- Up-to-date: /home/ubuntu/workspace/ros_ur_driver/install/ur_robot_driver/lib/ur_robot_driver/ur_ros2_control_node
[0.616s] -- Up-to-date: /home/ubuntu/workspace/ros_ur_driver/install/ur_robot_driver/lib/ur_robot_driver/urscript_interface
[0.617s] -- Up-to-date: /home/ubuntu/workspace/ros_ur_driver/install/ur_robot_driver/lib/libur_robot_driver_plugin.so
[0.617s] -- Up-to-date: /home/ubuntu/workspace/ros_ur_driver/install/ur_robot_driver/include
[0.617s] -- Up-to-date: /home/ubuntu/workspace/ros_ur_driver/install/ur_robot_driver/include/ur_robot_driver
[0.617s] -- Up-to-date: /home/ubuntu/workspace/ros_ur_driver/install/ur_robot_driver/include/ur_robot_driver/hardware_interface.hpp
[0.617s] -- Up-to-date: /home/ubuntu/workspace/ros_ur_driver/install/ur_robot_driver/include/ur_robot_driver/trajectory_until_node.hpp
[0.617s] -- Up-to-date: /home/ubuntu/workspace/ros_ur_driver/install/ur_robot_driver/include/ur_robot_driver/dashboard_client_ros.hpp
[0.617s] -- Up-to-date: /home/ubuntu/workspace/ros_ur_driver/install/ur_robot_driver/include/ur_robot_driver/robot_state_helper.hpp
[0.617s] -- Up-to-date: /home/ubuntu/workspace/ros_ur_driver/install/ur_robot_driver/include/ur_robot_driver/urcl_log_handler.hpp
[0.617s] -- Up-to-date: /home/ubuntu/workspace/ros_ur_driver/install/ur_robot_driver/include/ur_robot_driver/controller_stopper.hpp
[0.617s] -- Up-to-date: /home/ubuntu/workspace/ros_ur_driver/install/ur_robot_driver/share/ur_robot_driver/environment/library_path.sh
[0.617s] -- Installing: /home/ubuntu/workspace/ros_ur_driver/install/ur_robot_driver/share/ur_robot_driver/environment/library_path.dsv
[0.617s] -- Up-to-date: /home/ubuntu/workspace/ros_ur_driver/install/ur_robot_driver/share/ur_robot_driver/resources
[0.617s] -- Up-to-date: /home/ubuntu/workspace/ros_ur_driver/install/ur_robot_driver/share/ur_robot_driver/resources/rs485-1.0.urcap
[0.617s] -- Up-to-date: /home/ubuntu/workspace/ros_ur_driver/install/ur_robot_driver/share/ur_robot_driver/resources/rtde_output_recipe.txt
[0.617s] -- Up-to-date: /home/ubuntu/workspace/ros_ur_driver/install/ur_robot_driver/share/ur_robot_driver/resources/rtde_input_recipe.txt
[0.617s] -- Up-to-date: /home/ubuntu/workspace/ros_ur_driver/install/ur_robot_driver/share/ur_robot_driver/resources/ros_control.urscript
[0.617s] -- Up-to-date: /home/ubuntu/workspace/ros_ur_driver/install/ur_robot_driver/share/ur_robot_driver/resources/externalcontrol-1.0.5.urcap
[0.617s] -- Up-to-date: /home/ubuntu/workspace/ros_ur_driver/install/ur_robot_driver/include
[0.617s] -- Up-to-date: /home/ubuntu/workspace/ros_ur_driver/install/ur_robot_driver/include/ur_robot_driver
[0.617s] -- Up-to-date: /home/ubuntu/workspace/ros_ur_driver/install/ur_robot_driver/include/ur_robot_driver/hardware_interface.hpp
[0.617s] -- Up-to-date: /home/ubuntu/workspace/ros_ur_driver/install/ur_robot_driver/include/ur_robot_driver/trajectory_until_node.hpp
[0.617s] -- Up-to-date: /home/ubuntu/workspace/ros_ur_driver/install/ur_robot_driver/include/ur_robot_driver/dashboard_client_ros.hpp
[0.617s] -- Up-to-date: /home/ubuntu/workspace/ros_ur_driver/install/ur_robot_driver/include/ur_robot_driver/robot_state_helper.hpp
[0.617s] -- Up-to-date: /home/ubuntu/workspace/ros_ur_driver/install/ur_robot_driver/include/ur_robot_driver/urcl_log_handler.hpp
[0.617s] -- Up-to-date: /home/ubuntu/workspace/ros_ur_driver/install/ur_robot_driver/include/ur_robot_driver/controller_stopper.hpp
[0.617s] -- Up-to-date: /home/ubuntu/workspace/ros_ur_driver/install/ur_robot_driver/share/ur_robot_driver/environment/pythonpath.sh
[0.617s] -- Installing: /home/ubuntu/workspace/ros_ur_driver/install/ur_robot_driver/share/ur_robot_driver/environment/pythonpath.dsv
[0.617s] -- Up-to-date: /home/ubuntu/workspace/ros_ur_driver/install/ur_robot_driver/local/lib/python3.10/dist-packages/ur_robot_driver-2.11.0-py3.10.egg-info
[0.617s] -- Installing: /home/ubuntu/workspace/ros_ur_driver/install/ur_robot_driver/local/lib/python3.10/dist-packages/ur_robot_driver-2.11.0-py3.10.egg-info/dependency_links.txt
[0.617s] -- Installing: /home/ubuntu/workspace/ros_ur_driver/install/ur_robot_driver/local/lib/python3.10/dist-packages/ur_robot_driver-2.11.0-py3.10.egg-info/SOURCES.txt
[0.617s] -- Installing: /home/ubuntu/workspace/ros_ur_driver/install/ur_robot_driver/local/lib/python3.10/dist-packages/ur_robot_driver-2.11.0-py3.10.egg-info/top_level.txt
[0.617s] -- Installing: /home/ubuntu/workspace/ros_ur_driver/install/ur_robot_driver/local/lib/python3.10/dist-packages/ur_robot_driver-2.11.0-py3.10.egg-info/PKG-INFO
[0.617s] -- Up-to-date: /home/ubuntu/workspace/ros_ur_driver/install/ur_robot_driver/local/lib/python3.10/dist-packages/ur_robot_driver
[0.617s] -- Up-to-date: /home/ubuntu/workspace/ros_ur_driver/install/ur_robot_driver/local/lib/python3.10/dist-packages/ur_robot_driver/__init__.py
[0.634s] Listing '/home/ubuntu/workspace/ros_ur_driver/install/ur_robot_driver/local/lib/python3.10/dist-packages/ur_robot_driver'...
[0.634s] -- Up-to-date: /home/ubuntu/workspace/ros_ur_driver/install/ur_robot_driver/lib/ur_robot_driver/tool_communication.py
[0.634s] -- Up-to-date: /home/ubuntu/workspace/ros_ur_driver/install/ur_robot_driver/lib/ur_robot_driver/example_move.py
[0.634s] -- Up-to-date: /home/ubuntu/workspace/ros_ur_driver/install/ur_robot_driver/lib/ur_robot_driver/start_ursim.sh
[0.634s] -- Up-to-date: /home/ubuntu/workspace/ros_ur_driver/install/ur_robot_driver/lib/ur_robot_driver/examples.py
[0.634s] -- Up-to-date: /home/ubuntu/workspace/ros_ur_driver/install/ur_robot_driver/lib/ur_robot_driver/force_mode.py
[0.634s] -- Up-to-date: /home/ubuntu/workspace/ros_ur_driver/install/ur_robot_driver/lib/ur_robot_driver/move_until_example.py
[0.634s] -- Up-to-date: /home/ubuntu/workspace/ros_ur_driver/install/ur_robot_driver/lib/ur_robot_driver/gripper_moveit_io_bridge.py
[0.634s] -- Installing: /home/ubuntu/workspace/ros_ur_driver/install/ur_robot_driver/lib/ur_robot_driver/gripper_moveit_io_bridge1.py
[0.634s] -- Installing: /home/ubuntu/workspace/ros_ur_driver/install/ur_robot_driver/lib/ur_robot_driver/gripper_moveit_io_bridge2.py
[0.634s] -- Up-to-date: /home/ubuntu/workspace/ros_ur_driver/install/ur_robot_driver/lib/ur_robot_driver/gripper_test_service.py
[0.634s] -- Up-to-date: /home/ubuntu/workspace/ros_ur_driver/install/ur_robot_driver/bin/wait_dashboard_server.sh
[0.634s] -- Up-to-date: /home/ubuntu/workspace/ros_ur_driver/install/ur_robot_driver/lib/ur_robot_driver/start_ursim.sh
[0.634s] -- Up-to-date: /home/ubuntu/workspace/ros_ur_driver/install/ur_robot_driver/share/ur_robot_driver/config
[0.634s] -- Up-to-date: /home/ubuntu/workspace/ros_ur_driver/install/ur_robot_driver/share/ur_robot_driver/config/ur15_update_rate.yaml
[0.635s] -- Up-to-date: /home/ubuntu/workspace/ros_ur_driver/install/ur_robot_driver/share/ur_robot_driver/config/ur8long_update_rate.yaml
[0.635s] -- Up-to-date: /home/ubuntu/workspace/ros_ur_driver/install/ur_robot_driver/share/ur_robot_driver/config/ur10_update_rate.yaml
[0.635s] -- Up-to-date: /home/ubuntu/workspace/ros_ur_driver/install/ur_robot_driver/share/ur_robot_driver/config/test_velocity_goal_publishers_config.yaml
[0.635s] -- Up-to-date: /home/ubuntu/workspace/ros_ur_driver/install/ur_robot_driver/share/ur_robot_driver/config/ur20_update_rate.yaml
[0.635s] -- Up-to-date: /home/ubuntu/workspace/ros_ur_driver/install/ur_robot_driver/share/ur_robot_driver/config/ur3_update_rate.yaml
[0.635s] -- Up-to-date: /home/ubuntu/workspace/ros_ur_driver/install/ur_robot_driver/share/ur_robot_driver/config/ur5e_update_rate.yaml
[0.635s] -- Up-to-date: /home/ubuntu/workspace/ros_ur_driver/install/ur_robot_driver/share/ur_robot_driver/config/ur_controllers.yaml
[0.635s] -- Up-to-date: /home/ubuntu/workspace/ros_ur_driver/install/ur_robot_driver/share/ur_robot_driver/config/ur16e_update_rate.yaml
[0.635s] -- Up-to-date: /home/ubuntu/workspace/ros_ur_driver/install/ur_robot_driver/share/ur_robot_driver/config/ur10e_update_rate.yaml
[0.635s] -- Up-to-date: /home/ubuntu/workspace/ros_ur_driver/install/ur_robot_driver/share/ur_robot_driver/config/ur5_update_rate.yaml
[0.635s] -- Up-to-date: /home/ubuntu/workspace/ros_ur_driver/install/ur_robot_driver/share/ur_robot_driver/config/ur12e_update_rate.yaml
[0.635s] -- Up-to-date: /home/ubuntu/workspace/ros_ur_driver/install/ur_robot_driver/share/ur_robot_driver/config/ur30_update_rate.yaml
[0.635s] -- Up-to-date: /home/ubuntu/workspace/ros_ur_driver/install/ur_robot_driver/share/ur_robot_driver/config/test_goal_publishers_config.yaml
[0.635s] -- Up-to-date: /home/ubuntu/workspace/ros_ur_driver/install/ur_robot_driver/share/ur_robot_driver/config/ur18_update_rate.yaml
[0.635s] -- Up-to-date: /home/ubuntu/workspace/ros_ur_driver/install/ur_robot_driver/share/ur_robot_driver/config/ur7e_update_rate.yaml
[0.635s] -- Up-to-date: /home/ubuntu/workspace/ros_ur_driver/install/ur_robot_driver/share/ur_robot_driver/config/ur3e_update_rate.yaml
[0.635s] -- Up-to-date: /home/ubuntu/workspace/ros_ur_driver/install/ur_robot_driver/share/ur_robot_driver/launch
[0.635s] -- Up-to-date: /home/ubuntu/workspace/ros_ur_driver/install/ur_robot_driver/share/ur_robot_driver/launch/test_scaled_joint_trajectory_controller.launch.py
[0.635s] -- Up-to-date: /home/ubuntu/workspace/ros_ur_driver/install/ur_robot_driver/share/ur_robot_driver/launch/ur3e.launch.py
[0.635s] -- Up-to-date: /home/ubuntu/workspace/ros_ur_driver/install/ur_robot_driver/share/ur_robot_driver/launch/test_joint_trajectory_controller.launch.py
[0.635s] -- Up-to-date: /home/ubuntu/workspace/ros_ur_driver/install/ur_robot_driver/share/ur_robot_driver/launch/ur_dashboard_client.launch.py
[0.635s] -- Up-to-date: /home/ubuntu/workspace/ros_ur_driver/install/ur_robot_driver/share/ur_robot_driver/launch/ur30.launch.py
[0.635s] -- Up-to-date: /home/ubuntu/workspace/ros_ur_driver/install/ur_robot_driver/share/ur_robot_driver/launch/test_forward_velocity_controller.launch.py
[0.635s] -- Up-to-date: /home/ubuntu/workspace/ros_ur_driver/install/ur_robot_driver/share/ur_robot_driver/launch/ur12e.launch.py
[0.635s] -- Up-to-date: /home/ubuntu/workspace/ros_ur_driver/install/ur_robot_driver/share/ur_robot_driver/launch/ur_control.launch.py
[0.635s] -- Up-to-date: /home/ubuntu/workspace/ros_ur_driver/install/ur_robot_driver/share/ur_robot_driver/launch/ur5e.launch.py
[0.635s] -- Up-to-date: /home/ubuntu/workspace/ros_ur_driver/install/ur_robot_driver/share/ur_robot_driver/launch/ur7e.launch.py
[0.635s] -- Up-to-date: /home/ubuntu/workspace/ros_ur_driver/install/ur_robot_driver/share/ur_robot_driver/launch/ur5.launch.py
[0.635s] -- Up-to-date: /home/ubuntu/workspace/ros_ur_driver/install/ur_robot_driver/share/ur_robot_driver/launch/ur18.launch.py
[0.635s] -- Up-to-date: /home/ubuntu/workspace/ros_ur_driver/install/ur_robot_driver/share/ur_robot_driver/launch/ur15.launch.py
[0.635s] -- Up-to-date: /home/ubuntu/workspace/ros_ur_driver/install/ur_robot_driver/share/ur_robot_driver/launch/ur16e.launch.py
[0.635s] -- Up-to-date: /home/ubuntu/workspace/ros_ur_driver/install/ur_robot_driver/share/ur_robot_driver/launch/ur10.launch.py
[0.635s] -- Up-to-date: /home/ubuntu/workspace/ros_ur_driver/install/ur_robot_driver/share/ur_robot_driver/launch/ur10e.launch.py
[0.635s] -- Up-to-date: /home/ubuntu/workspace/ros_ur_driver/install/ur_robot_driver/share/ur_robot_driver/launch/ur20.launch.py
[0.635s] -- Up-to-date: /home/ubuntu/workspace/ros_ur_driver/install/ur_robot_driver/share/ur_robot_driver/launch/ur3.launch.py
[0.635s] -- Up-to-date: /home/ubuntu/workspace/ros_ur_driver/install/ur_robot_driver/share/ur_robot_driver/launch/ur8long.launch.py
[0.635s] -- Up-to-date: /home/ubuntu/workspace/ros_ur_driver/install/ur_robot_driver/share/ament_index/resource_index/package_run_dependencies/ur_robot_driver
[0.635s] -- Up-to-date: /home/ubuntu/workspace/ros_ur_driver/install/ur_robot_driver/share/ament_index/resource_index/parent_prefix_path/ur_robot_driver
[0.635s] -- Up-to-date: /home/ubuntu/workspace/ros_ur_driver/install/ur_robot_driver/share/ur_robot_driver/environment/ament_prefix_path.sh
[0.635s] -- Installing: /home/ubuntu/workspace/ros_ur_driver/install/ur_robot_driver/share/ur_robot_driver/environment/ament_prefix_path.dsv
[0.635s] -- Up-to-date: /home/ubuntu/workspace/ros_ur_driver/install/ur_robot_driver/share/ur_robot_driver/environment/path.sh
[0.635s] -- Installing: /home/ubuntu/workspace/ros_ur_driver/install/ur_robot_driver/share/ur_robot_driver/environment/path.dsv
[0.635s] -- Up-to-date: /home/ubuntu/workspace/ros_ur_driver/install/ur_robot_driver/share/ur_robot_driver/local_setup.bash
[0.635s] -- Up-to-date: /home/ubuntu/workspace/ros_ur_driver/install/ur_robot_driver/share/ur_robot_driver/local_setup.sh
[0.635s] -- Up-to-date: /home/ubuntu/workspace/ros_ur_driver/install/ur_robot_driver/share/ur_robot_driver/local_setup.zsh
[0.635s] -- Installing: /home/ubuntu/workspace/ros_ur_driver/install/ur_robot_driver/share/ur_robot_driver/local_setup.dsv
[0.635s] -- Installing: /home/ubuntu/workspace/ros_ur_driver/install/ur_robot_driver/share/ur_robot_driver/package.dsv
[0.636s] -- Up-to-date: /home/ubuntu/workspace/ros_ur_driver/install/ur_robot_driver/share/ament_index/resource_index/packages/ur_robot_driver
[0.636s] -- Up-to-date: /home/ubuntu/workspace/ros_ur_driver/install/ur_robot_driver/share/ament_index/resource_index/hardware_interface__pluginlib__plugin/ur_robot_driver
[0.636s] -- Up-to-date: /home/ubuntu/workspace/ros_ur_driver/install/ur_robot_driver/share/ur_robot_driver/cmake/ament_cmake_export_include_directories-extras.cmake
[0.636s] -- Up-to-date: /home/ubuntu/workspace/ros_ur_driver/install/ur_robot_driver/share/ur_robot_driver/cmake/ament_cmake_export_libraries-extras.cmake
[0.636s] -- Up-to-date: /home/ubuntu/workspace/ros_ur_driver/install/ur_robot_driver/share/ur_robot_driver/cmake/ament_cmake_export_dependencies-extras.cmake
[0.636s] -- Up-to-date: /home/ubuntu/workspace/ros_ur_driver/install/ur_robot_driver/share/ur_robot_driver/cmake/ur_robot_driverConfig.cmake
[0.636s] -- Up-to-date: /home/ubuntu/workspace/ros_ur_driver/install/ur_robot_driver/share/ur_robot_driver/cmake/ur_robot_driverConfig-version.cmake
[0.636s] -- Up-to-date: /home/ubuntu/workspace/ros_ur_driver/install/ur_robot_driver/share/ur_robot_driver/package.xml
[0.637s] Invoked command in '/home/ubuntu/workspace/ros_ur_driver/build/ur_robot_driver' returned '0': CMAKE_PREFIX_PATH=/home/ubuntu/workspace/ros_ur_driver/install/ur_controllers:/home/ubuntu/workspace/ros_ur_driver/install/ur_description:/home/ubuntu/workspace/ros_ur_driver/install/ur_dashboard_msgs:/home/ubuntu/workspace/ros_ur_driver/install/z_efg_f_gripper_config:/home/ubuntu/workspace/ros_ur_driver/install/z_efg_f_gripper:/home/ubuntu/workspace/ros_ur_driver/install/ur:/home/ubuntu/workspace/ros_ur_driver/install/ur_calibration:/home/ubuntu/workspace/ros_ur_driver/install/ur_robot_driver:/home/ubuntu/workspace/ros_ur_driver/install/ur_moveit_config:/home/ubuntu/workspace/ros_ur_driver/install/ur_bringup:/home/ubuntu/workspace/ros_ur_driver/install/robotiq_ft_sensor:/opt/ros/humble LD_LIBRARY_PATH=/home/ubuntu/workspace/ros_ur_driver/install/ur_controllers/lib:/home/ubuntu/workspace/ros_ur_driver/install/ur_dashboard_msgs/lib:/home/ubuntu/workspace/ros_ur_driver/install/ur_robot_driver/lib:/usr/local/cuda-12.8/lib64:/usr/lib/x86_64-linux-gnu/gazebo-11/plugins:/opt/ros/humble/opt/rviz_ogre_vendor/lib:/opt/ros/humble/lib/x86_64-linux-gnu:/opt/ros/humble/lib:/usr/local/cuda-12.8/lib64 /usr/bin/cmake --install /home/ubuntu/workspace/ros_ur_driver/build/ur_robot_driver
