[0.020s] Invoking command in '/home/ubuntu/workspace/ros_ur_driver/build/ur_moveit_config': CMAKE_PREFIX_PATH=/home/ubuntu/workspace/ros_ur_driver/install/ur_description:/home/ubuntu/workspace/ros_ur_driver/install/z_efg_f_gripper_config:/home/ubuntu/workspace/ros_ur_driver/install/z_efg_f_gripper:/home/ubuntu/workspace/ros_ur_driver/install/ur:/home/ubuntu/workspace/ros_ur_driver/install/ur_calibration:/home/ubuntu/workspace/ros_ur_driver/install/ur_robot_driver:/home/ubuntu/workspace/ros_ur_driver/install/ur_moveit_config:/home/ubuntu/workspace/ros_ur_driver/install/ur_bringup:/home/ubuntu/workspace/ros_ur_driver/install/ur_controllers:/home/ubuntu/workspace/ros_ur_driver/install/ur_dashboard_msgs:/home/ubuntu/workspace/ros_ur_driver/install/robotiq_ft_sensor:/opt/ros/humble /usr/bin/cmake --build /home/ubuntu/workspace/ros_ur_driver/build/ur_moveit_config -- -j20 -l20
[0.046s] Built target ament_cmake_python_copy_ur_moveit_config
[0.135s] running egg_info
[0.143s] writing ur_moveit_config.egg-info/PKG-INFO
[0.144s] writing dependency_links to ur_moveit_config.egg-info/dependency_links.txt
[0.144s] writing top-level names to ur_moveit_config.egg-info/top_level.txt
[0.158s] reading manifest file 'ur_moveit_config.egg-info/SOURCES.txt'
[0.159s] writing manifest file 'ur_moveit_config.egg-info/SOURCES.txt'
[0.176s] Built target ament_cmake_python_build_ur_moveit_config_egg
[0.184s] Invoked command in '/home/ubuntu/workspace/ros_ur_driver/build/ur_moveit_config' returned '0': CMAKE_PREFIX_PATH=/home/ubuntu/workspace/ros_ur_driver/install/ur_description:/home/ubuntu/workspace/ros_ur_driver/install/z_efg_f_gripper_config:/home/ubuntu/workspace/ros_ur_driver/install/z_efg_f_gripper:/home/ubuntu/workspace/ros_ur_driver/install/ur:/home/ubuntu/workspace/ros_ur_driver/install/ur_calibration:/home/ubuntu/workspace/ros_ur_driver/install/ur_robot_driver:/home/ubuntu/workspace/ros_ur_driver/install/ur_moveit_config:/home/ubuntu/workspace/ros_ur_driver/install/ur_bringup:/home/ubuntu/workspace/ros_ur_driver/install/ur_controllers:/home/ubuntu/workspace/ros_ur_driver/install/ur_dashboard_msgs:/home/ubuntu/workspace/ros_ur_driver/install/robotiq_ft_sensor:/opt/ros/humble /usr/bin/cmake --build /home/ubuntu/workspace/ros_ur_driver/build/ur_moveit_config -- -j20 -l20
[0.184s] Invoking command in '/home/ubuntu/workspace/ros_ur_driver/build/ur_moveit_config': CMAKE_PREFIX_PATH=/home/ubuntu/workspace/ros_ur_driver/install/ur_description:/home/ubuntu/workspace/ros_ur_driver/install/z_efg_f_gripper_config:/home/ubuntu/workspace/ros_ur_driver/install/z_efg_f_gripper:/home/ubuntu/workspace/ros_ur_driver/install/ur:/home/ubuntu/workspace/ros_ur_driver/install/ur_calibration:/home/ubuntu/workspace/ros_ur_driver/install/ur_robot_driver:/home/ubuntu/workspace/ros_ur_driver/install/ur_moveit_config:/home/ubuntu/workspace/ros_ur_driver/install/ur_bringup:/home/ubuntu/workspace/ros_ur_driver/install/ur_controllers:/home/ubuntu/workspace/ros_ur_driver/install/ur_dashboard_msgs:/home/ubuntu/workspace/ros_ur_driver/install/robotiq_ft_sensor:/opt/ros/humble /usr/bin/cmake --install /home/ubuntu/workspace/ros_ur_driver/build/ur_moveit_config
[0.189s] -- Install configuration: ""
[0.189s] -- Up-to-date: /home/ubuntu/workspace/ros_ur_driver/install/ur_moveit_config/share/ur_moveit_config/config
[0.190s] -- Up-to-date: /home/ubuntu/workspace/ros_ur_driver/install/ur_moveit_config/share/ur_moveit_config/config/joint_limits.yaml
[0.190s] -- Up-to-date: /home/ubuntu/workspace/ros_ur_driver/install/ur_moveit_config/share/ur_moveit_config/config/ur_servo.yaml
[0.190s] -- Up-to-date: /home/ubuntu/workspace/ros_ur_driver/install/ur_moveit_config/share/ur_moveit_config/config/controllers.yaml
[0.190s] -- Up-to-date: /home/ubuntu/workspace/ros_ur_driver/install/ur_moveit_config/share/ur_moveit_config/config/kinematics.yaml
[0.190s] -- Up-to-date: /home/ubuntu/workspace/ros_ur_driver/install/ur_moveit_config/share/ur_moveit_config/config/ompl_planning.yaml
[0.190s] -- Up-to-date: /home/ubuntu/workspace/ros_ur_driver/install/ur_moveit_config/share/ur_moveit_config/launch
[0.190s] -- Up-to-date: /home/ubuntu/workspace/ros_ur_driver/install/ur_moveit_config/share/ur_moveit_config/launch/ur_moveit.launch.py
[0.190s] -- Up-to-date: /home/ubuntu/workspace/ros_ur_driver/install/ur_moveit_config/share/ur_moveit_config/rviz
[0.190s] -- Up-to-date: /home/ubuntu/workspace/ros_ur_driver/install/ur_moveit_config/share/ur_moveit_config/rviz/view_robot.rviz
[0.190s] -- Up-to-date: /home/ubuntu/workspace/ros_ur_driver/install/ur_moveit_config/share/ur_moveit_config/srdf
[0.190s] -- Up-to-date: /home/ubuntu/workspace/ros_ur_driver/install/ur_moveit_config/share/ur_moveit_config/srdf/ur.srdf.xacro
[0.190s] -- Up-to-date: /home/ubuntu/workspace/ros_ur_driver/install/ur_moveit_config/share/ur_moveit_config/srdf/ur_macro.srdf.xacro
[0.190s] -- Up-to-date: /home/ubuntu/workspace/ros_ur_driver/install/ur_moveit_config/share/ur_moveit_config/srdf/test_srdf.xml
[0.190s] -- Up-to-date: /home/ubuntu/workspace/ros_ur_driver/install/ur_moveit_config/share/ur_moveit_config/environment/pythonpath.sh
[0.190s] -- Up-to-date: /home/ubuntu/workspace/ros_ur_driver/install/ur_moveit_config/share/ur_moveit_config/environment/pythonpath.dsv
[0.190s] -- Up-to-date: /home/ubuntu/workspace/ros_ur_driver/install/ur_moveit_config/local/lib/python3.10/dist-packages/ur_moveit_config-2.11.0-py3.10.egg-info
[0.190s] -- Installing: /home/ubuntu/workspace/ros_ur_driver/install/ur_moveit_config/local/lib/python3.10/dist-packages/ur_moveit_config-2.11.0-py3.10.egg-info/dependency_links.txt
[0.190s] -- Installing: /home/ubuntu/workspace/ros_ur_driver/install/ur_moveit_config/local/lib/python3.10/dist-packages/ur_moveit_config-2.11.0-py3.10.egg-info/SOURCES.txt
[0.190s] -- Installing: /home/ubuntu/workspace/ros_ur_driver/install/ur_moveit_config/local/lib/python3.10/dist-packages/ur_moveit_config-2.11.0-py3.10.egg-info/top_level.txt
[0.190s] -- Installing: /home/ubuntu/workspace/ros_ur_driver/install/ur_moveit_config/local/lib/python3.10/dist-packages/ur_moveit_config-2.11.0-py3.10.egg-info/PKG-INFO
[0.190s] -- Up-to-date: /home/ubuntu/workspace/ros_ur_driver/install/ur_moveit_config/local/lib/python3.10/dist-packages/ur_moveit_config
[0.190s] -- Up-to-date: /home/ubuntu/workspace/ros_ur_driver/install/ur_moveit_config/local/lib/python3.10/dist-packages/ur_moveit_config/launch_common.py
[0.190s] -- Up-to-date: /home/ubuntu/workspace/ros_ur_driver/install/ur_moveit_config/local/lib/python3.10/dist-packages/ur_moveit_config/__init__.py
[0.206s] Listing '/home/ubuntu/workspace/ros_ur_driver/install/ur_moveit_config/local/lib/python3.10/dist-packages/ur_moveit_config'...
[0.209s] -- Up-to-date: /home/ubuntu/workspace/ros_ur_driver/install/ur_moveit_config/local/lib/python3.10/dist-packages/launch_common.py
[0.226s] -- Up-to-date: /home/ubuntu/workspace/ros_ur_driver/install/ur_moveit_config/share/ament_index/resource_index/package_run_dependencies/ur_moveit_config
[0.226s] -- Up-to-date: /home/ubuntu/workspace/ros_ur_driver/install/ur_moveit_config/share/ament_index/resource_index/parent_prefix_path/ur_moveit_config
[0.226s] -- Up-to-date: /home/ubuntu/workspace/ros_ur_driver/install/ur_moveit_config/share/ur_moveit_config/environment/ament_prefix_path.sh
[0.226s] -- Up-to-date: /home/ubuntu/workspace/ros_ur_driver/install/ur_moveit_config/share/ur_moveit_config/environment/ament_prefix_path.dsv
[0.227s] -- Up-to-date: /home/ubuntu/workspace/ros_ur_driver/install/ur_moveit_config/share/ur_moveit_config/environment/path.sh
[0.227s] -- Up-to-date: /home/ubuntu/workspace/ros_ur_driver/install/ur_moveit_config/share/ur_moveit_config/environment/path.dsv
[0.227s] -- Up-to-date: /home/ubuntu/workspace/ros_ur_driver/install/ur_moveit_config/share/ur_moveit_config/local_setup.bash
[0.227s] -- Up-to-date: /home/ubuntu/workspace/ros_ur_driver/install/ur_moveit_config/share/ur_moveit_config/local_setup.sh
[0.227s] -- Up-to-date: /home/ubuntu/workspace/ros_ur_driver/install/ur_moveit_config/share/ur_moveit_config/local_setup.zsh
[0.227s] -- Up-to-date: /home/ubuntu/workspace/ros_ur_driver/install/ur_moveit_config/share/ur_moveit_config/local_setup.dsv
[0.227s] -- Installing: /home/ubuntu/workspace/ros_ur_driver/install/ur_moveit_config/share/ur_moveit_config/package.dsv
[0.227s] -- Up-to-date: /home/ubuntu/workspace/ros_ur_driver/install/ur_moveit_config/share/ament_index/resource_index/packages/ur_moveit_config
[0.227s] -- Up-to-date: /home/ubuntu/workspace/ros_ur_driver/install/ur_moveit_config/share/ur_moveit_config/cmake/ur_moveit_configConfig.cmake
[0.227s] -- Up-to-date: /home/ubuntu/workspace/ros_ur_driver/install/ur_moveit_config/share/ur_moveit_config/cmake/ur_moveit_configConfig-version.cmake
[0.227s] -- Up-to-date: /home/ubuntu/workspace/ros_ur_driver/install/ur_moveit_config/share/ur_moveit_config/package.xml
[0.228s] Invoked command in '/home/ubuntu/workspace/ros_ur_driver/build/ur_moveit_config' returned '0': CMAKE_PREFIX_PATH=/home/ubuntu/workspace/ros_ur_driver/install/ur_description:/home/ubuntu/workspace/ros_ur_driver/install/z_efg_f_gripper_config:/home/ubuntu/workspace/ros_ur_driver/install/z_efg_f_gripper:/home/ubuntu/workspace/ros_ur_driver/install/ur:/home/ubuntu/workspace/ros_ur_driver/install/ur_calibration:/home/ubuntu/workspace/ros_ur_driver/install/ur_robot_driver:/home/ubuntu/workspace/ros_ur_driver/install/ur_moveit_config:/home/ubuntu/workspace/ros_ur_driver/install/ur_bringup:/home/ubuntu/workspace/ros_ur_driver/install/ur_controllers:/home/ubuntu/workspace/ros_ur_driver/install/ur_dashboard_msgs:/home/ubuntu/workspace/ros_ur_driver/install/robotiq_ft_sensor:/opt/ros/humble /usr/bin/cmake --install /home/ubuntu/workspace/ros_ur_driver/build/ur_moveit_config
