[0.007s] Invoking command in '/home/ubuntu/workspace/ros_ur_driver/build/ur_calibration': CMAKE_PREFIX_PATH=/home/ubuntu/workspace/ros_ur_driver/install/ur_robot_driver:/home/ubuntu/workspace/ros_ur_driver/install/ur_controllers:/home/ubuntu/workspace/ros_ur_driver/install/ur_description:/home/ubuntu/workspace/ros_ur_driver/install/ur_dashboard_msgs:/home/ubuntu/workspace/ros_ur_driver/install/z_efg_f_gripper_config:/home/ubuntu/workspace/ros_ur_driver/install/z_efg_f_gripper:/home/ubuntu/workspace/ros_ur_driver/install/ur:/home/ubuntu/workspace/ros_ur_driver/install/ur_calibration:/home/ubuntu/workspace/ros_ur_driver/install/ur_moveit_config:/home/ubuntu/workspace/ros_ur_driver/install/ur_bringup:/home/ubuntu/workspace/ros_ur_driver/install/robotiq_ft_sensor:/opt/ros/humble LD_LIBRARY_PATH=/home/ubuntu/workspace/ros_ur_driver/install/ur_robot_driver/lib:/home/ubuntu/workspace/ros_ur_driver/install/ur_controllers/lib:/home/ubuntu/workspace/ros_ur_driver/install/ur_dashboard_msgs/lib:/usr/local/cuda-12.8/lib64:/usr/lib/x86_64-linux-gnu/gazebo-11/plugins:/opt/ros/humble/opt/rviz_ogre_vendor/lib:/opt/ros/humble/lib/x86_64-linux-gnu:/opt/ros/humble/lib:/usr/local/cuda-12.8/lib64 /usr/bin/cmake --build /home/ubuntu/workspace/ros_ur_driver/build/ur_calibration -- -j20 -l20
[0.033s] [35m[1mConsolidate compiler generated dependencies of target calibration[0m
[0.035s] [35m[1mConsolidate compiler generated dependencies of target gmock_main[0m
[0.035s] [35m[1mConsolidate compiler generated dependencies of target gmock[0m
[0.043s] [ 25%] Built target calibration
[0.043s] [ 50%] Built target gmock
[0.043s] [ 66%] Built target gmock_main
[0.048s] [35m[1mConsolidate compiler generated dependencies of target calibration_test[0m
[0.050s] [35m[1mConsolidate compiler generated dependencies of target calibration_correction[0m
[0.057s] [ 83%] Built target calibration_test
[0.058s] [100%] Built target calibration_correction
[0.064s] Invoked command in '/home/ubuntu/workspace/ros_ur_driver/build/ur_calibration' returned '0': CMAKE_PREFIX_PATH=/home/ubuntu/workspace/ros_ur_driver/install/ur_robot_driver:/home/ubuntu/workspace/ros_ur_driver/install/ur_controllers:/home/ubuntu/workspace/ros_ur_driver/install/ur_description:/home/ubuntu/workspace/ros_ur_driver/install/ur_dashboard_msgs:/home/ubuntu/workspace/ros_ur_driver/install/z_efg_f_gripper_config:/home/ubuntu/workspace/ros_ur_driver/install/z_efg_f_gripper:/home/ubuntu/workspace/ros_ur_driver/install/ur:/home/ubuntu/workspace/ros_ur_driver/install/ur_calibration:/home/ubuntu/workspace/ros_ur_driver/install/ur_moveit_config:/home/ubuntu/workspace/ros_ur_driver/install/ur_bringup:/home/ubuntu/workspace/ros_ur_driver/install/robotiq_ft_sensor:/opt/ros/humble LD_LIBRARY_PATH=/home/ubuntu/workspace/ros_ur_driver/install/ur_robot_driver/lib:/home/ubuntu/workspace/ros_ur_driver/install/ur_controllers/lib:/home/ubuntu/workspace/ros_ur_driver/install/ur_dashboard_msgs/lib:/usr/local/cuda-12.8/lib64:/usr/lib/x86_64-linux-gnu/gazebo-11/plugins:/opt/ros/humble/opt/rviz_ogre_vendor/lib:/opt/ros/humble/lib/x86_64-linux-gnu:/opt/ros/humble/lib:/usr/local/cuda-12.8/lib64 /usr/bin/cmake --build /home/ubuntu/workspace/ros_ur_driver/build/ur_calibration -- -j20 -l20
[0.064s] Invoking command in '/home/ubuntu/workspace/ros_ur_driver/build/ur_calibration': CMAKE_PREFIX_PATH=/home/ubuntu/workspace/ros_ur_driver/install/ur_robot_driver:/home/ubuntu/workspace/ros_ur_driver/install/ur_controllers:/home/ubuntu/workspace/ros_ur_driver/install/ur_description:/home/ubuntu/workspace/ros_ur_driver/install/ur_dashboard_msgs:/home/ubuntu/workspace/ros_ur_driver/install/z_efg_f_gripper_config:/home/ubuntu/workspace/ros_ur_driver/install/z_efg_f_gripper:/home/ubuntu/workspace/ros_ur_driver/install/ur:/home/ubuntu/workspace/ros_ur_driver/install/ur_calibration:/home/ubuntu/workspace/ros_ur_driver/install/ur_moveit_config:/home/ubuntu/workspace/ros_ur_driver/install/ur_bringup:/home/ubuntu/workspace/ros_ur_driver/install/robotiq_ft_sensor:/opt/ros/humble LD_LIBRARY_PATH=/home/ubuntu/workspace/ros_ur_driver/install/ur_robot_driver/lib:/home/ubuntu/workspace/ros_ur_driver/install/ur_controllers/lib:/home/ubuntu/workspace/ros_ur_driver/install/ur_dashboard_msgs/lib:/usr/local/cuda-12.8/lib64:/usr/lib/x86_64-linux-gnu/gazebo-11/plugins:/opt/ros/humble/opt/rviz_ogre_vendor/lib:/opt/ros/humble/lib/x86_64-linux-gnu:/opt/ros/humble/lib:/usr/local/cuda-12.8/lib64 /usr/bin/cmake --install /home/ubuntu/workspace/ros_ur_driver/build/ur_calibration
[0.068s] -- Install configuration: "RelWithDebInfo"
[0.068s] -- Up-to-date: /home/ubuntu/workspace/ros_ur_driver/install/ur_calibration/lib/ur_calibration/calibration_correction
[0.068s] -- Up-to-date: /home/ubuntu/workspace/ros_ur_driver/install/ur_calibration/include
[0.068s] -- Up-to-date: /home/ubuntu/workspace/ros_ur_driver/install/ur_calibration/include/ur_calibration
[0.068s] -- Up-to-date: /home/ubuntu/workspace/ros_ur_driver/install/ur_calibration/include/ur_calibration/calibration_consumer.hpp
[0.068s] -- Up-to-date: /home/ubuntu/workspace/ros_ur_driver/install/ur_calibration/include/ur_calibration/calibration.hpp
[0.068s] -- Up-to-date: /home/ubuntu/workspace/ros_ur_driver/install/ur_calibration/share/ur_calibration/launch
[0.069s] -- Up-to-date: /home/ubuntu/workspace/ros_ur_driver/install/ur_calibration/share/ur_calibration/launch/calibration_correction.launch.py
[0.069s] -- Up-to-date: /home/ubuntu/workspace/ros_ur_driver/install/ur_calibration/share/ament_index/resource_index/package_run_dependencies/ur_calibration
[0.069s] -- Up-to-date: /home/ubuntu/workspace/ros_ur_driver/install/ur_calibration/share/ament_index/resource_index/parent_prefix_path/ur_calibration
[0.069s] -- Up-to-date: /home/ubuntu/workspace/ros_ur_driver/install/ur_calibration/share/ur_calibration/environment/ament_prefix_path.sh
[0.069s] -- Up-to-date: /home/ubuntu/workspace/ros_ur_driver/install/ur_calibration/share/ur_calibration/environment/ament_prefix_path.dsv
[0.069s] -- Up-to-date: /home/ubuntu/workspace/ros_ur_driver/install/ur_calibration/share/ur_calibration/environment/path.sh
[0.069s] -- Up-to-date: /home/ubuntu/workspace/ros_ur_driver/install/ur_calibration/share/ur_calibration/environment/path.dsv
[0.069s] -- Up-to-date: /home/ubuntu/workspace/ros_ur_driver/install/ur_calibration/share/ur_calibration/local_setup.bash
[0.069s] -- Up-to-date: /home/ubuntu/workspace/ros_ur_driver/install/ur_calibration/share/ur_calibration/local_setup.sh
[0.069s] -- Up-to-date: /home/ubuntu/workspace/ros_ur_driver/install/ur_calibration/share/ur_calibration/local_setup.zsh
[0.069s] -- Up-to-date: /home/ubuntu/workspace/ros_ur_driver/install/ur_calibration/share/ur_calibration/local_setup.dsv
[0.069s] -- Installing: /home/ubuntu/workspace/ros_ur_driver/install/ur_calibration/share/ur_calibration/package.dsv
[0.069s] -- Up-to-date: /home/ubuntu/workspace/ros_ur_driver/install/ur_calibration/share/ament_index/resource_index/packages/ur_calibration
[0.069s] -- Up-to-date: /home/ubuntu/workspace/ros_ur_driver/install/ur_calibration/share/ur_calibration/cmake/ament_cmake_export_include_directories-extras.cmake
[0.069s] -- Up-to-date: /home/ubuntu/workspace/ros_ur_driver/install/ur_calibration/share/ur_calibration/cmake/ament_cmake_export_dependencies-extras.cmake
[0.069s] -- Up-to-date: /home/ubuntu/workspace/ros_ur_driver/install/ur_calibration/share/ur_calibration/cmake/ur_calibrationConfig.cmake
[0.069s] -- Up-to-date: /home/ubuntu/workspace/ros_ur_driver/install/ur_calibration/share/ur_calibration/cmake/ur_calibrationConfig-version.cmake
[0.069s] -- Up-to-date: /home/ubuntu/workspace/ros_ur_driver/install/ur_calibration/share/ur_calibration/package.xml
[0.072s] Invoked command in '/home/ubuntu/workspace/ros_ur_driver/build/ur_calibration' returned '0': CMAKE_PREFIX_PATH=/home/ubuntu/workspace/ros_ur_driver/install/ur_robot_driver:/home/ubuntu/workspace/ros_ur_driver/install/ur_controllers:/home/ubuntu/workspace/ros_ur_driver/install/ur_description:/home/ubuntu/workspace/ros_ur_driver/install/ur_dashboard_msgs:/home/ubuntu/workspace/ros_ur_driver/install/z_efg_f_gripper_config:/home/ubuntu/workspace/ros_ur_driver/install/z_efg_f_gripper:/home/ubuntu/workspace/ros_ur_driver/install/ur:/home/ubuntu/workspace/ros_ur_driver/install/ur_calibration:/home/ubuntu/workspace/ros_ur_driver/install/ur_moveit_config:/home/ubuntu/workspace/ros_ur_driver/install/ur_bringup:/home/ubuntu/workspace/ros_ur_driver/install/robotiq_ft_sensor:/opt/ros/humble LD_LIBRARY_PATH=/home/ubuntu/workspace/ros_ur_driver/install/ur_robot_driver/lib:/home/ubuntu/workspace/ros_ur_driver/install/ur_controllers/lib:/home/ubuntu/workspace/ros_ur_driver/install/ur_dashboard_msgs/lib:/usr/local/cuda-12.8/lib64:/usr/lib/x86_64-linux-gnu/gazebo-11/plugins:/opt/ros/humble/opt/rviz_ogre_vendor/lib:/opt/ros/humble/lib/x86_64-linux-gnu:/opt/ros/humble/lib:/usr/local/cuda-12.8/lib64 /usr/bin/cmake --install /home/ubuntu/workspace/ros_ur_driver/build/ur_calibration
