[0.010s] Invoking command in '/home/ubuntu/workspace/ros_ur_driver/build/ur_bringup': CMAKE_PREFIX_PATH=/home/ubuntu/workspace/ros_ur_driver/install/ur_controllers:/home/ubuntu/workspace/ros_ur_driver/install/ur_description:/home/ubuntu/workspace/ros_ur_driver/install/ur_dashboard_msgs:/home/ubuntu/workspace/ros_ur_driver/install/z_efg_f_gripper_config:/home/ubuntu/workspace/ros_ur_driver/install/z_efg_f_gripper:/home/ubuntu/workspace/ros_ur_driver/install/ur:/home/ubuntu/workspace/ros_ur_driver/install/ur_calibration:/home/ubuntu/workspace/ros_ur_driver/install/ur_robot_driver:/home/ubuntu/workspace/ros_ur_driver/install/ur_moveit_config:/home/ubuntu/workspace/ros_ur_driver/install/ur_bringup:/home/ubuntu/workspace/ros_ur_driver/install/robotiq_ft_sensor:/opt/ros/humble LD_LIBRARY_PATH=/home/ubuntu/workspace/ros_ur_driver/install/ur_controllers/lib:/home/ubuntu/workspace/ros_ur_driver/install/ur_dashboard_msgs/lib:/home/ubuntu/workspace/ros_ur_driver/install/ur_robot_driver/lib:/usr/local/cuda-12.8/lib64:/usr/lib/x86_64-linux-gnu/gazebo-11/plugins:/opt/ros/humble/opt/rviz_ogre_vendor/lib:/opt/ros/humble/lib/x86_64-linux-gnu:/opt/ros/humble/lib:/usr/local/cuda-12.8/lib64 /usr/bin/cmake --build /home/ubuntu/workspace/ros_ur_driver/build/ur_bringup -- -j20 -l20
[0.029s] Invoked command in '/home/ubuntu/workspace/ros_ur_driver/build/ur_bringup' returned '0': CMAKE_PREFIX_PATH=/home/ubuntu/workspace/ros_ur_driver/install/ur_controllers:/home/ubuntu/workspace/ros_ur_driver/install/ur_description:/home/ubuntu/workspace/ros_ur_driver/install/ur_dashboard_msgs:/home/ubuntu/workspace/ros_ur_driver/install/z_efg_f_gripper_config:/home/ubuntu/workspace/ros_ur_driver/install/z_efg_f_gripper:/home/ubuntu/workspace/ros_ur_driver/install/ur:/home/ubuntu/workspace/ros_ur_driver/install/ur_calibration:/home/ubuntu/workspace/ros_ur_driver/install/ur_robot_driver:/home/ubuntu/workspace/ros_ur_driver/install/ur_moveit_config:/home/ubuntu/workspace/ros_ur_driver/install/ur_bringup:/home/ubuntu/workspace/ros_ur_driver/install/robotiq_ft_sensor:/opt/ros/humble LD_LIBRARY_PATH=/home/ubuntu/workspace/ros_ur_driver/install/ur_controllers/lib:/home/ubuntu/workspace/ros_ur_driver/install/ur_dashboard_msgs/lib:/home/ubuntu/workspace/ros_ur_driver/install/ur_robot_driver/lib:/usr/local/cuda-12.8/lib64:/usr/lib/x86_64-linux-gnu/gazebo-11/plugins:/opt/ros/humble/opt/rviz_ogre_vendor/lib:/opt/ros/humble/lib/x86_64-linux-gnu:/opt/ros/humble/lib:/usr/local/cuda-12.8/lib64 /usr/bin/cmake --build /home/ubuntu/workspace/ros_ur_driver/build/ur_bringup -- -j20 -l20
[0.029s] Invoking command in '/home/ubuntu/workspace/ros_ur_driver/build/ur_bringup': CMAKE_PREFIX_PATH=/home/ubuntu/workspace/ros_ur_driver/install/ur_controllers:/home/ubuntu/workspace/ros_ur_driver/install/ur_description:/home/ubuntu/workspace/ros_ur_driver/install/ur_dashboard_msgs:/home/ubuntu/workspace/ros_ur_driver/install/z_efg_f_gripper_config:/home/ubuntu/workspace/ros_ur_driver/install/z_efg_f_gripper:/home/ubuntu/workspace/ros_ur_driver/install/ur:/home/ubuntu/workspace/ros_ur_driver/install/ur_calibration:/home/ubuntu/workspace/ros_ur_driver/install/ur_robot_driver:/home/ubuntu/workspace/ros_ur_driver/install/ur_moveit_config:/home/ubuntu/workspace/ros_ur_driver/install/ur_bringup:/home/ubuntu/workspace/ros_ur_driver/install/robotiq_ft_sensor:/opt/ros/humble LD_LIBRARY_PATH=/home/ubuntu/workspace/ros_ur_driver/install/ur_controllers/lib:/home/ubuntu/workspace/ros_ur_driver/install/ur_dashboard_msgs/lib:/home/ubuntu/workspace/ros_ur_driver/install/ur_robot_driver/lib:/usr/local/cuda-12.8/lib64:/usr/lib/x86_64-linux-gnu/gazebo-11/plugins:/opt/ros/humble/opt/rviz_ogre_vendor/lib:/opt/ros/humble/lib/x86_64-linux-gnu:/opt/ros/humble/lib:/usr/local/cuda-12.8/lib64 /usr/bin/cmake --install /home/ubuntu/workspace/ros_ur_driver/build/ur_bringup
[0.032s] -- Install configuration: ""
[0.032s] -- Up-to-date: /home/ubuntu/workspace/ros_ur_driver/install/ur_bringup/share/ur_bringup/config
[0.032s] -- Up-to-date: /home/ubuntu/workspace/ros_ur_driver/install/ur_bringup/share/ur_bringup/config/ur8long_update_rate.yaml
[0.032s] -- Up-to-date: /home/ubuntu/workspace/ros_ur_driver/install/ur_bringup/share/ur_bringup/config/ur10_update_rate.yaml
[0.032s] -- Up-to-date: /home/ubuntu/workspace/ros_ur_driver/install/ur_bringup/share/ur_bringup/config/test_velocity_goal_publishers_config.yaml
[0.032s] -- Up-to-date: /home/ubuntu/workspace/ros_ur_driver/install/ur_bringup/share/ur_bringup/config/ur3_update_rate.yaml
[0.032s] -- Up-to-date: /home/ubuntu/workspace/ros_ur_driver/install/ur_bringup/share/ur_bringup/config/ur5e_update_rate.yaml
[0.032s] -- Up-to-date: /home/ubuntu/workspace/ros_ur_driver/install/ur_bringup/share/ur_bringup/config/ur_controllers.yaml
[0.032s] -- Up-to-date: /home/ubuntu/workspace/ros_ur_driver/install/ur_bringup/share/ur_bringup/config/ur16e_update_rate.yaml
[0.032s] -- Up-to-date: /home/ubuntu/workspace/ros_ur_driver/install/ur_bringup/share/ur_bringup/config/ur10e_update_rate.yaml
[0.032s] -- Up-to-date: /home/ubuntu/workspace/ros_ur_driver/install/ur_bringup/share/ur_bringup/config/ur5_update_rate.yaml
[0.032s] -- Up-to-date: /home/ubuntu/workspace/ros_ur_driver/install/ur_bringup/share/ur_bringup/config/test_goal_publishers_config.yaml
[0.032s] -- Up-to-date: /home/ubuntu/workspace/ros_ur_driver/install/ur_bringup/share/ur_bringup/config/ur18_update_rate.yaml
[0.032s] -- Up-to-date: /home/ubuntu/workspace/ros_ur_driver/install/ur_bringup/share/ur_bringup/config/ur3e_update_rate.yaml
[0.032s] -- Up-to-date: /home/ubuntu/workspace/ros_ur_driver/install/ur_bringup/share/ur_bringup/launch
[0.032s] -- Up-to-date: /home/ubuntu/workspace/ros_ur_driver/install/ur_bringup/share/ur_bringup/launch/test_scaled_joint_trajectory_controller.launch.py
[0.032s] -- Up-to-date: /home/ubuntu/workspace/ros_ur_driver/install/ur_bringup/share/ur_bringup/launch/ur3e.launch.py
[0.032s] -- Up-to-date: /home/ubuntu/workspace/ros_ur_driver/install/ur_bringup/share/ur_bringup/launch/test_joint_trajectory_controller.launch.py
[0.032s] -- Up-to-date: /home/ubuntu/workspace/ros_ur_driver/install/ur_bringup/share/ur_bringup/launch/ur_dashboard_client.launch.py
[0.032s] -- Up-to-date: /home/ubuntu/workspace/ros_ur_driver/install/ur_bringup/share/ur_bringup/launch/ur30.launch.py
[0.032s] -- Up-to-date: /home/ubuntu/workspace/ros_ur_driver/install/ur_bringup/share/ur_bringup/launch/test_forward_velocity_controller.launch.py
[0.032s] -- Up-to-date: /home/ubuntu/workspace/ros_ur_driver/install/ur_bringup/share/ur_bringup/launch/ur12e.launch.py
[0.032s] -- Up-to-date: /home/ubuntu/workspace/ros_ur_driver/install/ur_bringup/share/ur_bringup/launch/ur_control.launch.py
[0.032s] -- Up-to-date: /home/ubuntu/workspace/ros_ur_driver/install/ur_bringup/share/ur_bringup/launch/ur5e.launch.py
[0.032s] -- Up-to-date: /home/ubuntu/workspace/ros_ur_driver/install/ur_bringup/share/ur_bringup/launch/ur7e.launch.py
[0.032s] -- Up-to-date: /home/ubuntu/workspace/ros_ur_driver/install/ur_bringup/share/ur_bringup/launch/ur5.launch.py
[0.032s] -- Up-to-date: /home/ubuntu/workspace/ros_ur_driver/install/ur_bringup/share/ur_bringup/launch/ur18.launch.py
[0.032s] -- Up-to-date: /home/ubuntu/workspace/ros_ur_driver/install/ur_bringup/share/ur_bringup/launch/ur15.launch.py
[0.032s] -- Up-to-date: /home/ubuntu/workspace/ros_ur_driver/install/ur_bringup/share/ur_bringup/launch/ur16e.launch.py
[0.032s] -- Up-to-date: /home/ubuntu/workspace/ros_ur_driver/install/ur_bringup/share/ur_bringup/launch/ur10.launch.py
[0.032s] -- Up-to-date: /home/ubuntu/workspace/ros_ur_driver/install/ur_bringup/share/ur_bringup/launch/ur10e.launch.py
[0.032s] -- Up-to-date: /home/ubuntu/workspace/ros_ur_driver/install/ur_bringup/share/ur_bringup/launch/ur20.launch.py
[0.032s] -- Up-to-date: /home/ubuntu/workspace/ros_ur_driver/install/ur_bringup/share/ur_bringup/launch/ur3.launch.py
[0.032s] -- Up-to-date: /home/ubuntu/workspace/ros_ur_driver/install/ur_bringup/share/ur_bringup/launch/ur8long.launch.py
[0.032s] -- Up-to-date: /home/ubuntu/workspace/ros_ur_driver/install/ur_bringup/lib/ur_bringup/start_ursim.sh
[0.032s] -- Up-to-date: /home/ubuntu/workspace/ros_ur_driver/install/ur_bringup/share/ament_index/resource_index/package_run_dependencies/ur_bringup
[0.032s] -- Up-to-date: /home/ubuntu/workspace/ros_ur_driver/install/ur_bringup/share/ament_index/resource_index/parent_prefix_path/ur_bringup
[0.032s] -- Up-to-date: /home/ubuntu/workspace/ros_ur_driver/install/ur_bringup/share/ur_bringup/environment/ament_prefix_path.sh
[0.032s] -- Up-to-date: /home/ubuntu/workspace/ros_ur_driver/install/ur_bringup/share/ur_bringup/environment/ament_prefix_path.dsv
[0.032s] -- Up-to-date: /home/ubuntu/workspace/ros_ur_driver/install/ur_bringup/share/ur_bringup/environment/path.sh
[0.032s] -- Up-to-date: /home/ubuntu/workspace/ros_ur_driver/install/ur_bringup/share/ur_bringup/environment/path.dsv
[0.032s] -- Up-to-date: /home/ubuntu/workspace/ros_ur_driver/install/ur_bringup/share/ur_bringup/local_setup.bash
[0.032s] -- Up-to-date: /home/ubuntu/workspace/ros_ur_driver/install/ur_bringup/share/ur_bringup/local_setup.sh
[0.032s] -- Up-to-date: /home/ubuntu/workspace/ros_ur_driver/install/ur_bringup/share/ur_bringup/local_setup.zsh
[0.032s] -- Up-to-date: /home/ubuntu/workspace/ros_ur_driver/install/ur_bringup/share/ur_bringup/local_setup.dsv
[0.032s] -- Installing: /home/ubuntu/workspace/ros_ur_driver/install/ur_bringup/share/ur_bringup/package.dsv
[0.032s] -- Up-to-date: /home/ubuntu/workspace/ros_ur_driver/install/ur_bringup/share/ament_index/resource_index/packages/ur_bringup
[0.032s] -- Up-to-date: /home/ubuntu/workspace/ros_ur_driver/install/ur_bringup/share/ur_bringup/cmake/ur_bringupConfig.cmake
[0.032s] -- Up-to-date: /home/ubuntu/workspace/ros_ur_driver/install/ur_bringup/share/ur_bringup/cmake/ur_bringupConfig-version.cmake
[0.032s] -- Up-to-date: /home/ubuntu/workspace/ros_ur_driver/install/ur_bringup/share/ur_bringup/package.xml
[0.035s] Invoked command in '/home/ubuntu/workspace/ros_ur_driver/build/ur_bringup' returned '0': CMAKE_PREFIX_PATH=/home/ubuntu/workspace/ros_ur_driver/install/ur_controllers:/home/ubuntu/workspace/ros_ur_driver/install/ur_description:/home/ubuntu/workspace/ros_ur_driver/install/ur_dashboard_msgs:/home/ubuntu/workspace/ros_ur_driver/install/z_efg_f_gripper_config:/home/ubuntu/workspace/ros_ur_driver/install/z_efg_f_gripper:/home/ubuntu/workspace/ros_ur_driver/install/ur:/home/ubuntu/workspace/ros_ur_driver/install/ur_calibration:/home/ubuntu/workspace/ros_ur_driver/install/ur_robot_driver:/home/ubuntu/workspace/ros_ur_driver/install/ur_moveit_config:/home/ubuntu/workspace/ros_ur_driver/install/ur_bringup:/home/ubuntu/workspace/ros_ur_driver/install/robotiq_ft_sensor:/opt/ros/humble LD_LIBRARY_PATH=/home/ubuntu/workspace/ros_ur_driver/install/ur_controllers/lib:/home/ubuntu/workspace/ros_ur_driver/install/ur_dashboard_msgs/lib:/home/ubuntu/workspace/ros_ur_driver/install/ur_robot_driver/lib:/usr/local/cuda-12.8/lib64:/usr/lib/x86_64-linux-gnu/gazebo-11/plugins:/opt/ros/humble/opt/rviz_ogre_vendor/lib:/opt/ros/humble/lib/x86_64-linux-gnu:/opt/ros/humble/lib:/usr/local/cuda-12.8/lib64 /usr/bin/cmake --install /home/ubuntu/workspace/ros_ur_driver/build/ur_bringup
