[0.006s] Invoking command in '/home/ubuntu/workspace/ros_ur_driver/build/ur_controllers': CMAKE_PREFIX_PATH=/home/ubuntu/workspace/ros_ur_driver/install/ur_dashboard_msgs:/home/ubuntu/workspace/ros_ur_driver/install/z_efg_f_gripper_config:/home/ubuntu/workspace/ros_ur_driver/install/z_efg_f_gripper:/home/ubuntu/workspace/ros_ur_driver/install/ur:/home/ubuntu/workspace/ros_ur_driver/install/ur_calibration:/home/ubuntu/workspace/ros_ur_driver/install/ur_robot_driver:/home/ubuntu/workspace/ros_ur_driver/install/ur_moveit_config:/home/ubuntu/workspace/ros_ur_driver/install/ur_bringup:/home/ubuntu/workspace/ros_ur_driver/install/ur_description:/home/ubuntu/workspace/ros_ur_driver/install/ur_controllers:/home/ubuntu/workspace/ros_ur_driver/install/robotiq_ft_sensor:/opt/ros/humble LD_LIBRARY_PATH=/home/ubuntu/workspace/ros_ur_driver/install/ur_dashboard_msgs/lib:/home/ubuntu/workspace/ros_ur_driver/install/ur_robot_driver/lib:/home/ubuntu/workspace/ros_ur_driver/install/ur_controllers/lib:/usr/local/cuda-12.8/lib64:/usr/lib/x86_64-linux-gnu/gazebo-11/plugins:/opt/ros/humble/opt/rviz_ogre_vendor/lib:/opt/ros/humble/lib/x86_64-linux-gnu:/opt/ros/humble/lib:/usr/local/cuda-12.8/lib64 /usr/bin/cmake --build /home/ubuntu/workspace/ros_ur_driver/build/ur_controllers -- -j20 -l20
[0.036s] [ 11%] Built target scaled_joint_trajectory_controller_parameters
[0.036s] [ 11%] Built target gmock_main
[0.037s] [ 17%] Built target force_mode_controller_parameters
[0.037s] [ 23%] Built target speed_scaling_state_broadcaster_parameters
[0.039s] [ 29%] Built target freedrive_mode_controller_parameters
[0.039s] [ 35%] Built target tool_contact_controller_parameters
[0.039s] [ 41%] Built target gpio_controller_parameters
[0.039s] [ 47%] Built target ur_configuration_controller_parameters
[0.039s] [ 52%] Built target passthrough_trajectory_controller_parameters
[0.039s] [ 61%] Built target gmock
[0.057s] [ 88%] Built target ur_controllers
[0.071s] [ 94%] Built target test_load_force_mode_controller
[0.073s] [100%] Built target test_load_freedrive_mode_controller
[0.081s] Invoked command in '/home/ubuntu/workspace/ros_ur_driver/build/ur_controllers' returned '0': CMAKE_PREFIX_PATH=/home/ubuntu/workspace/ros_ur_driver/install/ur_dashboard_msgs:/home/ubuntu/workspace/ros_ur_driver/install/z_efg_f_gripper_config:/home/ubuntu/workspace/ros_ur_driver/install/z_efg_f_gripper:/home/ubuntu/workspace/ros_ur_driver/install/ur:/home/ubuntu/workspace/ros_ur_driver/install/ur_calibration:/home/ubuntu/workspace/ros_ur_driver/install/ur_robot_driver:/home/ubuntu/workspace/ros_ur_driver/install/ur_moveit_config:/home/ubuntu/workspace/ros_ur_driver/install/ur_bringup:/home/ubuntu/workspace/ros_ur_driver/install/ur_description:/home/ubuntu/workspace/ros_ur_driver/install/ur_controllers:/home/ubuntu/workspace/ros_ur_driver/install/robotiq_ft_sensor:/opt/ros/humble LD_LIBRARY_PATH=/home/ubuntu/workspace/ros_ur_driver/install/ur_dashboard_msgs/lib:/home/ubuntu/workspace/ros_ur_driver/install/ur_robot_driver/lib:/home/ubuntu/workspace/ros_ur_driver/install/ur_controllers/lib:/usr/local/cuda-12.8/lib64:/usr/lib/x86_64-linux-gnu/gazebo-11/plugins:/opt/ros/humble/opt/rviz_ogre_vendor/lib:/opt/ros/humble/lib/x86_64-linux-gnu:/opt/ros/humble/lib:/usr/local/cuda-12.8/lib64 /usr/bin/cmake --build /home/ubuntu/workspace/ros_ur_driver/build/ur_controllers -- -j20 -l20
[0.081s] Invoking command in '/home/ubuntu/workspace/ros_ur_driver/build/ur_controllers': CMAKE_PREFIX_PATH=/home/ubuntu/workspace/ros_ur_driver/install/ur_dashboard_msgs:/home/ubuntu/workspace/ros_ur_driver/install/z_efg_f_gripper_config:/home/ubuntu/workspace/ros_ur_driver/install/z_efg_f_gripper:/home/ubuntu/workspace/ros_ur_driver/install/ur:/home/ubuntu/workspace/ros_ur_driver/install/ur_calibration:/home/ubuntu/workspace/ros_ur_driver/install/ur_robot_driver:/home/ubuntu/workspace/ros_ur_driver/install/ur_moveit_config:/home/ubuntu/workspace/ros_ur_driver/install/ur_bringup:/home/ubuntu/workspace/ros_ur_driver/install/ur_description:/home/ubuntu/workspace/ros_ur_driver/install/ur_controllers:/home/ubuntu/workspace/ros_ur_driver/install/robotiq_ft_sensor:/opt/ros/humble LD_LIBRARY_PATH=/home/ubuntu/workspace/ros_ur_driver/install/ur_dashboard_msgs/lib:/home/ubuntu/workspace/ros_ur_driver/install/ur_robot_driver/lib:/home/ubuntu/workspace/ros_ur_driver/install/ur_controllers/lib:/usr/local/cuda-12.8/lib64:/usr/lib/x86_64-linux-gnu/gazebo-11/plugins:/opt/ros/humble/opt/rviz_ogre_vendor/lib:/opt/ros/humble/lib/x86_64-linux-gnu:/opt/ros/humble/lib:/usr/local/cuda-12.8/lib64 /usr/bin/cmake --install /home/ubuntu/workspace/ros_ur_driver/build/ur_controllers
[0.084s] -- Install configuration: ""
[0.084s] -- Up-to-date: /home/ubuntu/workspace/ros_ur_driver/install/ur_controllers/include/ur_controllers
[0.084s] -- Up-to-date: /home/ubuntu/workspace/ros_ur_driver/install/ur_controllers/include/ur_controllers/freedrive_mode_controller_parameters.hpp
[0.084s] -- Up-to-date: /home/ubuntu/workspace/ros_ur_driver/install/ur_controllers/include/ur_controllers/gpio_controller_parameters.hpp
[0.084s] -- Up-to-date: /home/ubuntu/workspace/ros_ur_driver/install/ur_controllers/include/ur_controllers/force_mode_controller_parameters.hpp
[0.084s] -- Up-to-date: /home/ubuntu/workspace/ros_ur_driver/install/ur_controllers/include/ur_controllers/tool_contact_controller_parameters.hpp
[0.084s] -- Up-to-date: /home/ubuntu/workspace/ros_ur_driver/install/ur_controllers/include/ur_controllers/ur_configuration_controller_parameters.hpp
[0.084s] -- Up-to-date: /home/ubuntu/workspace/ros_ur_driver/install/ur_controllers/include/ur_controllers/passthrough_trajectory_controller_parameters.hpp
[0.084s] -- Up-to-date: /home/ubuntu/workspace/ros_ur_driver/install/ur_controllers/include/ur_controllers/scaled_joint_trajectory_controller_parameters.hpp
[0.084s] -- Up-to-date: /home/ubuntu/workspace/ros_ur_driver/install/ur_controllers/include/ur_controllers/speed_scaling_state_broadcaster_parameters.hpp
[0.084s] -- Up-to-date: /home/ubuntu/workspace/ros_ur_driver/install/ur_controllers/include/ur_controllers
[0.084s] -- Up-to-date: /home/ubuntu/workspace/ros_ur_driver/install/ur_controllers/include/ur_controllers/freedrive_mode_controller_parameters.hpp
[0.084s] -- Up-to-date: /home/ubuntu/workspace/ros_ur_driver/install/ur_controllers/include/ur_controllers/gpio_controller_parameters.hpp
[0.084s] -- Up-to-date: /home/ubuntu/workspace/ros_ur_driver/install/ur_controllers/include/ur_controllers/force_mode_controller_parameters.hpp
[0.085s] -- Up-to-date: /home/ubuntu/workspace/ros_ur_driver/install/ur_controllers/include/ur_controllers/tool_contact_controller_parameters.hpp
[0.085s] -- Up-to-date: /home/ubuntu/workspace/ros_ur_driver/install/ur_controllers/include/ur_controllers/ur_configuration_controller_parameters.hpp
[0.085s] -- Up-to-date: /home/ubuntu/workspace/ros_ur_driver/install/ur_controllers/include/ur_controllers/passthrough_trajectory_controller_parameters.hpp
[0.085s] -- Up-to-date: /home/ubuntu/workspace/ros_ur_driver/install/ur_controllers/include/ur_controllers/scaled_joint_trajectory_controller_parameters.hpp
[0.085s] -- Up-to-date: /home/ubuntu/workspace/ros_ur_driver/install/ur_controllers/include/ur_controllers/speed_scaling_state_broadcaster_parameters.hpp
[0.085s] -- Up-to-date: /home/ubuntu/workspace/ros_ur_driver/install/ur_controllers/include/ur_controllers
[0.085s] -- Up-to-date: /home/ubuntu/workspace/ros_ur_driver/install/ur_controllers/include/ur_controllers/freedrive_mode_controller_parameters.hpp
[0.085s] -- Up-to-date: /home/ubuntu/workspace/ros_ur_driver/install/ur_controllers/include/ur_controllers/gpio_controller_parameters.hpp
[0.085s] -- Up-to-date: /home/ubuntu/workspace/ros_ur_driver/install/ur_controllers/include/ur_controllers/force_mode_controller_parameters.hpp
[0.085s] -- Up-to-date: /home/ubuntu/workspace/ros_ur_driver/install/ur_controllers/include/ur_controllers/tool_contact_controller_parameters.hpp
[0.085s] -- Up-to-date: /home/ubuntu/workspace/ros_ur_driver/install/ur_controllers/include/ur_controllers/ur_configuration_controller_parameters.hpp
[0.085s] -- Up-to-date: /home/ubuntu/workspace/ros_ur_driver/install/ur_controllers/include/ur_controllers/passthrough_trajectory_controller_parameters.hpp
[0.085s] -- Up-to-date: /home/ubuntu/workspace/ros_ur_driver/install/ur_controllers/include/ur_controllers/scaled_joint_trajectory_controller_parameters.hpp
[0.085s] -- Up-to-date: /home/ubuntu/workspace/ros_ur_driver/install/ur_controllers/include/ur_controllers/speed_scaling_state_broadcaster_parameters.hpp
[0.085s] -- Up-to-date: /home/ubuntu/workspace/ros_ur_driver/install/ur_controllers/include/ur_controllers
[0.085s] -- Up-to-date: /home/ubuntu/workspace/ros_ur_driver/install/ur_controllers/include/ur_controllers/freedrive_mode_controller_parameters.hpp
[0.085s] -- Up-to-date: /home/ubuntu/workspace/ros_ur_driver/install/ur_controllers/include/ur_controllers/gpio_controller_parameters.hpp
[0.085s] -- Up-to-date: /home/ubuntu/workspace/ros_ur_driver/install/ur_controllers/include/ur_controllers/force_mode_controller_parameters.hpp
[0.085s] -- Up-to-date: /home/ubuntu/workspace/ros_ur_driver/install/ur_controllers/include/ur_controllers/tool_contact_controller_parameters.hpp
[0.085s] -- Up-to-date: /home/ubuntu/workspace/ros_ur_driver/install/ur_controllers/include/ur_controllers/ur_configuration_controller_parameters.hpp
[0.085s] -- Up-to-date: /home/ubuntu/workspace/ros_ur_driver/install/ur_controllers/include/ur_controllers/passthrough_trajectory_controller_parameters.hpp
[0.085s] -- Up-to-date: /home/ubuntu/workspace/ros_ur_driver/install/ur_controllers/include/ur_controllers/scaled_joint_trajectory_controller_parameters.hpp
[0.085s] -- Up-to-date: /home/ubuntu/workspace/ros_ur_driver/install/ur_controllers/include/ur_controllers/speed_scaling_state_broadcaster_parameters.hpp
[0.085s] -- Up-to-date: /home/ubuntu/workspace/ros_ur_driver/install/ur_controllers/include/ur_controllers
[0.085s] -- Up-to-date: /home/ubuntu/workspace/ros_ur_driver/install/ur_controllers/include/ur_controllers/freedrive_mode_controller_parameters.hpp
[0.085s] -- Up-to-date: /home/ubuntu/workspace/ros_ur_driver/install/ur_controllers/include/ur_controllers/gpio_controller_parameters.hpp
[0.085s] -- Up-to-date: /home/ubuntu/workspace/ros_ur_driver/install/ur_controllers/include/ur_controllers/force_mode_controller_parameters.hpp
[0.085s] -- Up-to-date: /home/ubuntu/workspace/ros_ur_driver/install/ur_controllers/include/ur_controllers/tool_contact_controller_parameters.hpp
[0.085s] -- Up-to-date: /home/ubuntu/workspace/ros_ur_driver/install/ur_controllers/include/ur_controllers/ur_configuration_controller_parameters.hpp
[0.086s] -- Up-to-date: /home/ubuntu/workspace/ros_ur_driver/install/ur_controllers/include/ur_controllers/passthrough_trajectory_controller_parameters.hpp
[0.086s] -- Up-to-date: /home/ubuntu/workspace/ros_ur_driver/install/ur_controllers/include/ur_controllers/scaled_joint_trajectory_controller_parameters.hpp
[0.086s] -- Up-to-date: /home/ubuntu/workspace/ros_ur_driver/install/ur_controllers/include/ur_controllers/speed_scaling_state_broadcaster_parameters.hpp
[0.086s] -- Up-to-date: /home/ubuntu/workspace/ros_ur_driver/install/ur_controllers/include/ur_controllers
[0.086s] -- Up-to-date: /home/ubuntu/workspace/ros_ur_driver/install/ur_controllers/include/ur_controllers/freedrive_mode_controller_parameters.hpp
[0.086s] -- Up-to-date: /home/ubuntu/workspace/ros_ur_driver/install/ur_controllers/include/ur_controllers/gpio_controller_parameters.hpp
[0.086s] -- Up-to-date: /home/ubuntu/workspace/ros_ur_driver/install/ur_controllers/include/ur_controllers/force_mode_controller_parameters.hpp
[0.086s] -- Up-to-date: /home/ubuntu/workspace/ros_ur_driver/install/ur_controllers/include/ur_controllers/tool_contact_controller_parameters.hpp
[0.086s] -- Up-to-date: /home/ubuntu/workspace/ros_ur_driver/install/ur_controllers/include/ur_controllers/ur_configuration_controller_parameters.hpp
[0.086s] -- Up-to-date: /home/ubuntu/workspace/ros_ur_driver/install/ur_controllers/include/ur_controllers/passthrough_trajectory_controller_parameters.hpp
[0.086s] -- Up-to-date: /home/ubuntu/workspace/ros_ur_driver/install/ur_controllers/include/ur_controllers/scaled_joint_trajectory_controller_parameters.hpp
[0.086s] -- Up-to-date: /home/ubuntu/workspace/ros_ur_driver/install/ur_controllers/include/ur_controllers/speed_scaling_state_broadcaster_parameters.hpp
[0.086s] -- Up-to-date: /home/ubuntu/workspace/ros_ur_driver/install/ur_controllers/include/ur_controllers
[0.086s] -- Up-to-date: /home/ubuntu/workspace/ros_ur_driver/install/ur_controllers/include/ur_controllers/freedrive_mode_controller_parameters.hpp
[0.086s] -- Up-to-date: /home/ubuntu/workspace/ros_ur_driver/install/ur_controllers/include/ur_controllers/gpio_controller_parameters.hpp
[0.087s] -- Up-to-date: /home/ubuntu/workspace/ros_ur_driver/install/ur_controllers/include/ur_controllers/force_mode_controller_parameters.hpp
[0.087s] -- Up-to-date: /home/ubuntu/workspace/ros_ur_driver/install/ur_controllers/include/ur_controllers/tool_contact_controller_parameters.hpp
[0.088s] -- Up-to-date: /home/ubuntu/workspace/ros_ur_driver/install/ur_controllers/include/ur_controllers/ur_configuration_controller_parameters.hpp
[0.088s] -- Up-to-date: /home/ubuntu/workspace/ros_ur_driver/install/ur_controllers/include/ur_controllers/passthrough_trajectory_controller_parameters.hpp
[0.088s] -- Up-to-date: /home/ubuntu/workspace/ros_ur_driver/install/ur_controllers/include/ur_controllers/scaled_joint_trajectory_controller_parameters.hpp
[0.088s] -- Up-to-date: /home/ubuntu/workspace/ros_ur_driver/install/ur_controllers/include/ur_controllers/speed_scaling_state_broadcaster_parameters.hpp
[0.088s] -- Up-to-date: /home/ubuntu/workspace/ros_ur_driver/install/ur_controllers/include/ur_controllers
[0.088s] -- Up-to-date: /home/ubuntu/workspace/ros_ur_driver/install/ur_controllers/include/ur_controllers/freedrive_mode_controller_parameters.hpp
[0.088s] -- Up-to-date: /home/ubuntu/workspace/ros_ur_driver/install/ur_controllers/include/ur_controllers/gpio_controller_parameters.hpp
[0.088s] -- Up-to-date: /home/ubuntu/workspace/ros_ur_driver/install/ur_controllers/include/ur_controllers/force_mode_controller_parameters.hpp
[0.088s] -- Up-to-date: /home/ubuntu/workspace/ros_ur_driver/install/ur_controllers/include/ur_controllers/tool_contact_controller_parameters.hpp
[0.088s] -- Up-to-date: /home/ubuntu/workspace/ros_ur_driver/install/ur_controllers/include/ur_controllers/ur_configuration_controller_parameters.hpp
[0.088s] -- Up-to-date: /home/ubuntu/workspace/ros_ur_driver/install/ur_controllers/include/ur_controllers/passthrough_trajectory_controller_parameters.hpp
[0.088s] -- Up-to-date: /home/ubuntu/workspace/ros_ur_driver/install/ur_controllers/include/ur_controllers/scaled_joint_trajectory_controller_parameters.hpp
[0.088s] -- Up-to-date: /home/ubuntu/workspace/ros_ur_driver/install/ur_controllers/include/ur_controllers/speed_scaling_state_broadcaster_parameters.hpp
[0.088s] -- Up-to-date: /home/ubuntu/workspace/ros_ur_driver/install/ur_controllers/share/ur_controllers/controller_plugins.xml
[0.088s] -- Up-to-date: /home/ubuntu/workspace/ros_ur_driver/install/ur_controllers/lib/libur_controllers.so
[0.088s] -- Up-to-date: /home/ubuntu/workspace/ros_ur_driver/install/ur_controllers/include
[0.088s] -- Up-to-date: /home/ubuntu/workspace/ros_ur_driver/install/ur_controllers/include/ur_controllers
[0.088s] -- Up-to-date: /home/ubuntu/workspace/ros_ur_driver/install/ur_controllers/include/ur_controllers/freedrive_mode_controller.hpp
[0.088s] -- Up-to-date: /home/ubuntu/workspace/ros_ur_driver/install/ur_controllers/include/ur_controllers/scaled_joint_trajectory_controller.hpp
[0.088s] -- Up-to-date: /home/ubuntu/workspace/ros_ur_driver/install/ur_controllers/include/ur_controllers/tool_contact_controller.hpp
[0.088s] -- Up-to-date: /home/ubuntu/workspace/ros_ur_driver/install/ur_controllers/include/ur_controllers/force_mode_controller.hpp
[0.088s] -- Up-to-date: /home/ubuntu/workspace/ros_ur_driver/install/ur_controllers/include/ur_controllers/passthrough_trajectory_controller.hpp
[0.088s] -- Up-to-date: /home/ubuntu/workspace/ros_ur_driver/install/ur_controllers/include/ur_controllers/ur_configuration_controller.hpp
[0.088s] -- Up-to-date: /home/ubuntu/workspace/ros_ur_driver/install/ur_controllers/include/ur_controllers/speed_scaling_state_broadcaster.hpp
[0.088s] -- Up-to-date: /home/ubuntu/workspace/ros_ur_driver/install/ur_controllers/include/ur_controllers/gpio_controller.hpp
[0.088s] -- Up-to-date: /home/ubuntu/workspace/ros_ur_driver/install/ur_controllers/share/ur_controllers/controller_plugins.xml
[0.088s] -- Up-to-date: /home/ubuntu/workspace/ros_ur_driver/install/ur_controllers/share/ur_controllers/environment/library_path.sh
[0.088s] -- Up-to-date: /home/ubuntu/workspace/ros_ur_driver/install/ur_controllers/share/ur_controllers/environment/library_path.dsv
[0.088s] -- Up-to-date: /home/ubuntu/workspace/ros_ur_driver/install/ur_controllers/share/ament_index/resource_index/package_run_dependencies/ur_controllers
[0.088s] -- Up-to-date: /home/ubuntu/workspace/ros_ur_driver/install/ur_controllers/share/ament_index/resource_index/parent_prefix_path/ur_controllers
[0.088s] -- Up-to-date: /home/ubuntu/workspace/ros_ur_driver/install/ur_controllers/share/ur_controllers/environment/ament_prefix_path.sh
[0.088s] -- Up-to-date: /home/ubuntu/workspace/ros_ur_driver/install/ur_controllers/share/ur_controllers/environment/ament_prefix_path.dsv
[0.088s] -- Up-to-date: /home/ubuntu/workspace/ros_ur_driver/install/ur_controllers/share/ur_controllers/environment/path.sh
[0.088s] -- Up-to-date: /home/ubuntu/workspace/ros_ur_driver/install/ur_controllers/share/ur_controllers/environment/path.dsv
[0.088s] -- Up-to-date: /home/ubuntu/workspace/ros_ur_driver/install/ur_controllers/share/ur_controllers/local_setup.bash
[0.088s] -- Up-to-date: /home/ubuntu/workspace/ros_ur_driver/install/ur_controllers/share/ur_controllers/local_setup.sh
[0.088s] -- Up-to-date: /home/ubuntu/workspace/ros_ur_driver/install/ur_controllers/share/ur_controllers/local_setup.zsh
[0.088s] -- Up-to-date: /home/ubuntu/workspace/ros_ur_driver/install/ur_controllers/share/ur_controllers/local_setup.dsv
[0.088s] -- Installing: /home/ubuntu/workspace/ros_ur_driver/install/ur_controllers/share/ur_controllers/package.dsv
[0.088s] -- Up-to-date: /home/ubuntu/workspace/ros_ur_driver/install/ur_controllers/share/ament_index/resource_index/packages/ur_controllers
[0.088s] -- Up-to-date: /home/ubuntu/workspace/ros_ur_driver/install/ur_controllers/share/ament_index/resource_index/controller_interface__pluginlib__plugin/ur_controllers
[0.088s] -- Up-to-date: /home/ubuntu/workspace/ros_ur_driver/install/ur_controllers/share/ur_controllers/cmake/ament_cmake_export_dependencies-extras.cmake
[0.088s] -- Up-to-date: /home/ubuntu/workspace/ros_ur_driver/install/ur_controllers/share/ur_controllers/cmake/ament_cmake_export_include_directories-extras.cmake
[0.088s] -- Up-to-date: /home/ubuntu/workspace/ros_ur_driver/install/ur_controllers/share/ur_controllers/cmake/ament_cmake_export_libraries-extras.cmake
[0.088s] -- Up-to-date: /home/ubuntu/workspace/ros_ur_driver/install/ur_controllers/share/ur_controllers/cmake/ur_controllersConfig.cmake
[0.088s] -- Up-to-date: /home/ubuntu/workspace/ros_ur_driver/install/ur_controllers/share/ur_controllers/cmake/ur_controllersConfig-version.cmake
[0.088s] -- Up-to-date: /home/ubuntu/workspace/ros_ur_driver/install/ur_controllers/share/ur_controllers/package.xml
[0.089s] Invoked command in '/home/ubuntu/workspace/ros_ur_driver/build/ur_controllers' returned '0': CMAKE_PREFIX_PATH=/home/ubuntu/workspace/ros_ur_driver/install/ur_dashboard_msgs:/home/ubuntu/workspace/ros_ur_driver/install/z_efg_f_gripper_config:/home/ubuntu/workspace/ros_ur_driver/install/z_efg_f_gripper:/home/ubuntu/workspace/ros_ur_driver/install/ur:/home/ubuntu/workspace/ros_ur_driver/install/ur_calibration:/home/ubuntu/workspace/ros_ur_driver/install/ur_robot_driver:/home/ubuntu/workspace/ros_ur_driver/install/ur_moveit_config:/home/ubuntu/workspace/ros_ur_driver/install/ur_bringup:/home/ubuntu/workspace/ros_ur_driver/install/ur_description:/home/ubuntu/workspace/ros_ur_driver/install/ur_controllers:/home/ubuntu/workspace/ros_ur_driver/install/robotiq_ft_sensor:/opt/ros/humble LD_LIBRARY_PATH=/home/ubuntu/workspace/ros_ur_driver/install/ur_dashboard_msgs/lib:/home/ubuntu/workspace/ros_ur_driver/install/ur_robot_driver/lib:/home/ubuntu/workspace/ros_ur_driver/install/ur_controllers/lib:/usr/local/cuda-12.8/lib64:/usr/lib/x86_64-linux-gnu/gazebo-11/plugins:/opt/ros/humble/opt/rviz_ogre_vendor/lib:/opt/ros/humble/lib/x86_64-linux-gnu:/opt/ros/humble/lib:/usr/local/cuda-12.8/lib64 /usr/bin/cmake --install /home/ubuntu/workspace/ros_ur_driver/build/ur_controllers
