[0.015s] Invoking command in '/home/ubuntu/workspace/ros_ur_driver/build/ur_calibration': CMAKE_PREFIX_PATH=/home/ubuntu/workspace/ros_ur_driver/install/ur_robot_driver:/home/ubuntu/workspace/ros_ur_driver/install/ur_controllers:/home/ubuntu/workspace/ros_ur_driver/install/ur_description:/home/ubuntu/workspace/ros_ur_driver/install/ur_dashboard_msgs:/home/ubuntu/workspace/ros_ur_driver/install/z_efg_f_gripper_config:/home/ubuntu/workspace/ros_ur_driver/install/z_efg_f_gripper:/home/ubuntu/workspace/ros_ur_driver/install/ur:/home/ubuntu/workspace/ros_ur_driver/install/ur_calibration:/home/ubuntu/workspace/ros_ur_driver/install/ur_moveit_config:/home/ubuntu/workspace/ros_ur_driver/install/ur_bringup:/home/ubuntu/workspace/ros_ur_driver/install/robotiq_ft_sensor:/opt/ros/humble LD_LIBRARY_PATH=/home/ubuntu/workspace/ros_ur_driver/install/ur_robot_driver/lib:/home/ubuntu/workspace/ros_ur_driver/install/ur_controllers/lib:/home/ubuntu/workspace/ros_ur_driver/install/ur_dashboard_msgs/lib:/usr/local/cuda-12.8/lib64:/usr/lib/x86_64-linux-gnu/gazebo-11/plugins:/opt/ros/humble/opt/rviz_ogre_vendor/lib:/opt/ros/humble/lib/x86_64-linux-gnu:/opt/ros/humble/lib:/usr/local/cuda-12.8/lib64 /usr/bin/cmake /home/ubuntu/workspace/ros_ur_driver/src/Universal_Robots_ROS2_Driver/ur_calibration -DCMAKE_INSTALL_PREFIX=/home/ubuntu/workspace/ros_ur_driver/install/ur_calibration
[0.048s] -- The C compiler identification is GNU 11.4.0
[0.079s] -- The CXX compiler identification is GNU 11.4.0
[0.082s] -- Detecting C compiler ABI info
[0.120s] -- Detecting C compiler ABI info - done
[0.123s] -- Check for working C compiler: /usr/bin/cc - skipped
[0.123s] -- Detecting C compile features
[0.123s] -- Detecting C compile features - done
[0.124s] -- Detecting CXX compiler ABI info
[0.170s] -- Detecting CXX compiler ABI info - done
[0.173s] -- Check for working CXX compiler: /usr/bin/c++ - skipped
[0.173s] -- Detecting CXX compile features
[0.174s] -- Detecting CXX compile features - done
[0.174s] [0mur_calibration: You did not request a specific build type: selecting 'RelWithDebInfo'.[0m
[0.175s] -- Found ament_cmake: 1.3.12 (/opt/ros/humble/share/ament_cmake/cmake)
[0.337s] -- Found Python3: /usr/bin/python3 (found version "3.10.12") found components: Interpreter 
[0.378s] -- Found rclcpp: 16.0.17 (/opt/ros/humble/share/rclcpp/cmake)
[0.399s] -- Found rosidl_generator_c: 3.1.8 (/opt/ros/humble/share/rosidl_generator_c/cmake)
[0.401s] -- Found rosidl_adapter: 3.1.8 (/opt/ros/humble/share/rosidl_adapter/cmake)
[0.405s] -- Found rosidl_generator_cpp: 3.1.8 (/opt/ros/humble/share/rosidl_generator_cpp/cmake)
[0.411s] -- Using all available rosidl_typesupport_c: rosidl_typesupport_fastrtps_c;rosidl_typesupport_introspection_c
[0.418s] -- Using all available rosidl_typesupport_cpp: rosidl_typesupport_fastrtps_cpp;rosidl_typesupport_introspection_cpp
[0.438s] -- Found rmw_implementation_cmake: 6.1.2 (/opt/ros/humble/share/rmw_implementation_cmake/cmake)
[0.440s] -- Found rmw_fastrtps_cpp: 6.2.9 (/opt/ros/humble/share/rmw_fastrtps_cpp/cmake)
[0.491s] -- Found OpenSSL: /usr/lib/x86_64-linux-gnu/libcrypto.so (found version "3.0.2")  
[0.505s] -- Found FastRTPS: /opt/ros/humble/include  
[0.524s] -- Using RMW implementation 'rmw_fastrtps_cpp' as default
[0.528s] -- Looking for pthread.h
[0.572s] -- Looking for pthread.h - found
[0.572s] -- Performing Test CMAKE_HAVE_LIBC_PTHREAD
[0.613s] -- Performing Test CMAKE_HAVE_LIBC_PTHREAD - Success
[0.614s] -- Found Threads: TRUE  
[0.636s] -- Found ur_robot_driver: 2.11.0 (/home/ubuntu/workspace/ros_ur_driver/install/ur_robot_driver/share/ur_robot_driver/cmake)
[0.733s] -- Found eigen3_cmake_module: 0.1.1 (/opt/ros/humble/share/eigen3_cmake_module/cmake)
[0.734s] -- Found Eigen3: TRUE (found version "3.4.0") 
[0.734s] -- Ensuring Eigen3 include directory is part of orocos-kdl CMake target
[0.779s] -- Found yaml_cpp_vendor: 8.0.2 (/opt/ros/humble/share/yaml_cpp_vendor/cmake)
[0.792s] -- Found ament_cmake_gmock: 1.3.12 (/opt/ros/humble/share/ament_cmake_gmock/cmake)
[0.794s] -- Found gmock sources under '/opt/ros/humble/src/gmock_vendor': C++ tests using 'Google Mock' will be built
[0.796s] -- Found ament_cmake_gtest: 1.3.12 (/opt/ros/humble/share/ament_cmake_gtest/cmake)
[0.797s] -- Found gtest sources under '/opt/ros/humble/src/gtest_vendor': C++ tests using 'Google Test' will be built
[0.829s] -- Configuring done
[0.859s] -- Generating done
[0.864s] -- Build files have been written to: /home/ubuntu/workspace/ros_ur_driver/build/ur_calibration
[0.872s] Invoked command in '/home/ubuntu/workspace/ros_ur_driver/build/ur_calibration' returned '0': CMAKE_PREFIX_PATH=/home/ubuntu/workspace/ros_ur_driver/install/ur_robot_driver:/home/ubuntu/workspace/ros_ur_driver/install/ur_controllers:/home/ubuntu/workspace/ros_ur_driver/install/ur_description:/home/ubuntu/workspace/ros_ur_driver/install/ur_dashboard_msgs:/home/ubuntu/workspace/ros_ur_driver/install/z_efg_f_gripper_config:/home/ubuntu/workspace/ros_ur_driver/install/z_efg_f_gripper:/home/ubuntu/workspace/ros_ur_driver/install/ur:/home/ubuntu/workspace/ros_ur_driver/install/ur_calibration:/home/ubuntu/workspace/ros_ur_driver/install/ur_moveit_config:/home/ubuntu/workspace/ros_ur_driver/install/ur_bringup:/home/ubuntu/workspace/ros_ur_driver/install/robotiq_ft_sensor:/opt/ros/humble LD_LIBRARY_PATH=/home/ubuntu/workspace/ros_ur_driver/install/ur_robot_driver/lib:/home/ubuntu/workspace/ros_ur_driver/install/ur_controllers/lib:/home/ubuntu/workspace/ros_ur_driver/install/ur_dashboard_msgs/lib:/usr/local/cuda-12.8/lib64:/usr/lib/x86_64-linux-gnu/gazebo-11/plugins:/opt/ros/humble/opt/rviz_ogre_vendor/lib:/opt/ros/humble/lib/x86_64-linux-gnu:/opt/ros/humble/lib:/usr/local/cuda-12.8/lib64 /usr/bin/cmake /home/ubuntu/workspace/ros_ur_driver/src/Universal_Robots_ROS2_Driver/ur_calibration -DCMAKE_INSTALL_PREFIX=/home/ubuntu/workspace/ros_ur_driver/install/ur_calibration
[0.873s] Invoking command in '/home/ubuntu/workspace/ros_ur_driver/build/ur_calibration': CMAKE_PREFIX_PATH=/home/ubuntu/workspace/ros_ur_driver/install/ur_robot_driver:/home/ubuntu/workspace/ros_ur_driver/install/ur_controllers:/home/ubuntu/workspace/ros_ur_driver/install/ur_description:/home/ubuntu/workspace/ros_ur_driver/install/ur_dashboard_msgs:/home/ubuntu/workspace/ros_ur_driver/install/z_efg_f_gripper_config:/home/ubuntu/workspace/ros_ur_driver/install/z_efg_f_gripper:/home/ubuntu/workspace/ros_ur_driver/install/ur:/home/ubuntu/workspace/ros_ur_driver/install/ur_calibration:/home/ubuntu/workspace/ros_ur_driver/install/ur_moveit_config:/home/ubuntu/workspace/ros_ur_driver/install/ur_bringup:/home/ubuntu/workspace/ros_ur_driver/install/robotiq_ft_sensor:/opt/ros/humble LD_LIBRARY_PATH=/home/ubuntu/workspace/ros_ur_driver/install/ur_robot_driver/lib:/home/ubuntu/workspace/ros_ur_driver/install/ur_controllers/lib:/home/ubuntu/workspace/ros_ur_driver/install/ur_dashboard_msgs/lib:/usr/local/cuda-12.8/lib64:/usr/lib/x86_64-linux-gnu/gazebo-11/plugins:/opt/ros/humble/opt/rviz_ogre_vendor/lib:/opt/ros/humble/lib/x86_64-linux-gnu:/opt/ros/humble/lib:/usr/local/cuda-12.8/lib64 /usr/bin/cmake --build /home/ubuntu/workspace/ros_ur_driver/build/ur_calibration -- -j20 -l20
[0.907s] [ 16%] [32mBuilding CXX object CMakeFiles/calibration.dir/src/calibration.cpp.o[0m
[0.907s] [ 16%] [32mBuilding CXX object gmock/CMakeFiles/gmock.dir/opt/ros/humble/src/gtest_vendor/src/gtest-all.cc.o[0m
[0.907s] [ 25%] [32mBuilding CXX object CMakeFiles/calibration.dir/src/calibration_consumer.cpp.o[0m
[0.908s] [ 41%] [32mBuilding CXX object gmock/CMakeFiles/gmock_main.dir/src/gmock_main.cc.o[0m
[0.908s] [ 33%] [32mBuilding CXX object gmock/CMakeFiles/gmock.dir/src/gmock-all.cc.o[0m
[1.456s] [ 50%] [32m[1mLinking CXX static library libgmock_main.a[0m
[1.550s] [ 50%] Built target gmock_main
[4.964s] [ 58%] [32m[1mLinking CXX static library libcalibration.a[0m
[5.084s] [ 58%] Built target calibration
[5.102s] [ 66%] [32mBuilding CXX object CMakeFiles/calibration_correction.dir/src/calibration_correction.cpp.o[0m
[5.206s] [ 75%] [32m[1mLinking CXX static library libgmock.a[0m
[5.399s] [ 75%] Built target gmock
[5.415s] [ 83%] [32mBuilding CXX object CMakeFiles/calibration_test.dir/test/calibration_test.cpp.o[0m
[8.081s] [ 91%] [32m[1mLinking CXX executable calibration_correction[0m
[8.264s] [ 91%] Built target calibration_correction
[9.175s] [100%] [32m[1mLinking CXX executable calibration_test[0m
[9.347s] [100%] Built target calibration_test
[9.357s] Invoked command in '/home/ubuntu/workspace/ros_ur_driver/build/ur_calibration' returned '0': CMAKE_PREFIX_PATH=/home/ubuntu/workspace/ros_ur_driver/install/ur_robot_driver:/home/ubuntu/workspace/ros_ur_driver/install/ur_controllers:/home/ubuntu/workspace/ros_ur_driver/install/ur_description:/home/ubuntu/workspace/ros_ur_driver/install/ur_dashboard_msgs:/home/ubuntu/workspace/ros_ur_driver/install/z_efg_f_gripper_config:/home/ubuntu/workspace/ros_ur_driver/install/z_efg_f_gripper:/home/ubuntu/workspace/ros_ur_driver/install/ur:/home/ubuntu/workspace/ros_ur_driver/install/ur_calibration:/home/ubuntu/workspace/ros_ur_driver/install/ur_moveit_config:/home/ubuntu/workspace/ros_ur_driver/install/ur_bringup:/home/ubuntu/workspace/ros_ur_driver/install/robotiq_ft_sensor:/opt/ros/humble LD_LIBRARY_PATH=/home/ubuntu/workspace/ros_ur_driver/install/ur_robot_driver/lib:/home/ubuntu/workspace/ros_ur_driver/install/ur_controllers/lib:/home/ubuntu/workspace/ros_ur_driver/install/ur_dashboard_msgs/lib:/usr/local/cuda-12.8/lib64:/usr/lib/x86_64-linux-gnu/gazebo-11/plugins:/opt/ros/humble/opt/rviz_ogre_vendor/lib:/opt/ros/humble/lib/x86_64-linux-gnu:/opt/ros/humble/lib:/usr/local/cuda-12.8/lib64 /usr/bin/cmake --build /home/ubuntu/workspace/ros_ur_driver/build/ur_calibration -- -j20 -l20
[9.358s] Invoking command in '/home/ubuntu/workspace/ros_ur_driver/build/ur_calibration': CMAKE_PREFIX_PATH=/home/ubuntu/workspace/ros_ur_driver/install/ur_robot_driver:/home/ubuntu/workspace/ros_ur_driver/install/ur_controllers:/home/ubuntu/workspace/ros_ur_driver/install/ur_description:/home/ubuntu/workspace/ros_ur_driver/install/ur_dashboard_msgs:/home/ubuntu/workspace/ros_ur_driver/install/z_efg_f_gripper_config:/home/ubuntu/workspace/ros_ur_driver/install/z_efg_f_gripper:/home/ubuntu/workspace/ros_ur_driver/install/ur:/home/ubuntu/workspace/ros_ur_driver/install/ur_calibration:/home/ubuntu/workspace/ros_ur_driver/install/ur_moveit_config:/home/ubuntu/workspace/ros_ur_driver/install/ur_bringup:/home/ubuntu/workspace/ros_ur_driver/install/robotiq_ft_sensor:/opt/ros/humble LD_LIBRARY_PATH=/home/ubuntu/workspace/ros_ur_driver/install/ur_robot_driver/lib:/home/ubuntu/workspace/ros_ur_driver/install/ur_controllers/lib:/home/ubuntu/workspace/ros_ur_driver/install/ur_dashboard_msgs/lib:/usr/local/cuda-12.8/lib64:/usr/lib/x86_64-linux-gnu/gazebo-11/plugins:/opt/ros/humble/opt/rviz_ogre_vendor/lib:/opt/ros/humble/lib/x86_64-linux-gnu:/opt/ros/humble/lib:/usr/local/cuda-12.8/lib64 /usr/bin/cmake --install /home/ubuntu/workspace/ros_ur_driver/build/ur_calibration
[9.362s] -- Install configuration: "RelWithDebInfo"
[9.362s] -- Installing: /home/ubuntu/workspace/ros_ur_driver/install/ur_calibration/lib/ur_calibration/calibration_correction
[9.364s] -- Set runtime path of "/home/ubuntu/workspace/ros_ur_driver/install/ur_calibration/lib/ur_calibration/calibration_correction" to ""
[9.365s] -- Installing: /home/ubuntu/workspace/ros_ur_driver/install/ur_calibration/include
[9.365s] -- Installing: /home/ubuntu/workspace/ros_ur_driver/install/ur_calibration/include/ur_calibration
[9.365s] -- Installing: /home/ubuntu/workspace/ros_ur_driver/install/ur_calibration/include/ur_calibration/calibration_consumer.hpp
[9.365s] -- Installing: /home/ubuntu/workspace/ros_ur_driver/install/ur_calibration/include/ur_calibration/calibration.hpp
[9.365s] -- Installing: /home/ubuntu/workspace/ros_ur_driver/install/ur_calibration/share/ur_calibration/launch
[9.365s] -- Installing: /home/ubuntu/workspace/ros_ur_driver/install/ur_calibration/share/ur_calibration/launch/calibration_correction.launch.py
[9.365s] -- Installing: /home/ubuntu/workspace/ros_ur_driver/install/ur_calibration/share/ament_index/resource_index/package_run_dependencies/ur_calibration
[9.365s] -- Installing: /home/ubuntu/workspace/ros_ur_driver/install/ur_calibration/share/ament_index/resource_index/parent_prefix_path/ur_calibration
[9.365s] -- Installing: /home/ubuntu/workspace/ros_ur_driver/install/ur_calibration/share/ur_calibration/environment/ament_prefix_path.sh
[9.365s] -- Installing: /home/ubuntu/workspace/ros_ur_driver/install/ur_calibration/share/ur_calibration/environment/ament_prefix_path.dsv
[9.365s] -- Installing: /home/ubuntu/workspace/ros_ur_driver/install/ur_calibration/share/ur_calibration/environment/path.sh
[9.365s] -- Installing: /home/ubuntu/workspace/ros_ur_driver/install/ur_calibration/share/ur_calibration/environment/path.dsv
[9.365s] -- Installing: /home/ubuntu/workspace/ros_ur_driver/install/ur_calibration/share/ur_calibration/local_setup.bash
[9.365s] -- Installing: /home/ubuntu/workspace/ros_ur_driver/install/ur_calibration/share/ur_calibration/local_setup.sh
[9.365s] -- Installing: /home/ubuntu/workspace/ros_ur_driver/install/ur_calibration/share/ur_calibration/local_setup.zsh
[9.365s] -- Installing: /home/ubuntu/workspace/ros_ur_driver/install/ur_calibration/share/ur_calibration/local_setup.dsv
[9.365s] -- Installing: /home/ubuntu/workspace/ros_ur_driver/install/ur_calibration/share/ur_calibration/package.dsv
[9.365s] -- Installing: /home/ubuntu/workspace/ros_ur_driver/install/ur_calibration/share/ament_index/resource_index/packages/ur_calibration
[9.365s] -- Installing: /home/ubuntu/workspace/ros_ur_driver/install/ur_calibration/share/ur_calibration/cmake/ament_cmake_export_include_directories-extras.cmake
[9.365s] -- Installing: /home/ubuntu/workspace/ros_ur_driver/install/ur_calibration/share/ur_calibration/cmake/ament_cmake_export_dependencies-extras.cmake
[9.365s] -- Installing: /home/ubuntu/workspace/ros_ur_driver/install/ur_calibration/share/ur_calibration/cmake/ur_calibrationConfig.cmake
[9.365s] -- Installing: /home/ubuntu/workspace/ros_ur_driver/install/ur_calibration/share/ur_calibration/cmake/ur_calibrationConfig-version.cmake
[9.365s] -- Installing: /home/ubuntu/workspace/ros_ur_driver/install/ur_calibration/share/ur_calibration/package.xml
[9.366s] Invoked command in '/home/ubuntu/workspace/ros_ur_driver/build/ur_calibration' returned '0': CMAKE_PREFIX_PATH=/home/ubuntu/workspace/ros_ur_driver/install/ur_robot_driver:/home/ubuntu/workspace/ros_ur_driver/install/ur_controllers:/home/ubuntu/workspace/ros_ur_driver/install/ur_description:/home/ubuntu/workspace/ros_ur_driver/install/ur_dashboard_msgs:/home/ubuntu/workspace/ros_ur_driver/install/z_efg_f_gripper_config:/home/ubuntu/workspace/ros_ur_driver/install/z_efg_f_gripper:/home/ubuntu/workspace/ros_ur_driver/install/ur:/home/ubuntu/workspace/ros_ur_driver/install/ur_calibration:/home/ubuntu/workspace/ros_ur_driver/install/ur_moveit_config:/home/ubuntu/workspace/ros_ur_driver/install/ur_bringup:/home/ubuntu/workspace/ros_ur_driver/install/robotiq_ft_sensor:/opt/ros/humble LD_LIBRARY_PATH=/home/ubuntu/workspace/ros_ur_driver/install/ur_robot_driver/lib:/home/ubuntu/workspace/ros_ur_driver/install/ur_controllers/lib:/home/ubuntu/workspace/ros_ur_driver/install/ur_dashboard_msgs/lib:/usr/local/cuda-12.8/lib64:/usr/lib/x86_64-linux-gnu/gazebo-11/plugins:/opt/ros/humble/opt/rviz_ogre_vendor/lib:/opt/ros/humble/lib/x86_64-linux-gnu:/opt/ros/humble/lib:/usr/local/cuda-12.8/lib64 /usr/bin/cmake --install /home/ubuntu/workspace/ros_ur_driver/build/ur_calibration
